[2025-05-08T15:58:58.493-0500] {local_task_job_runner.py:123} INFO - ::group::Pre task execution logs
[2025-05-08T15:58:58.501-0500] {taskinstance.py:2614} INFO - Dependencies all met for dep_context=non-requeueable deps ti=<TaskInstance: request_operation.RequestTrading scheduled__2025-05-08T20:58:00+00:00 [queued]>
[2025-05-08T15:58:58.506-0500] {taskinstance.py:2614} INFO - Dependencies all met for dep_context=requeueable deps ti=<TaskInstance: request_operation.RequestTrading scheduled__2025-05-08T20:58:00+00:00 [queued]>
[2025-05-08T15:58:58.507-0500] {taskinstance.py:2867} INFO - Starting attempt 1 of 1
[2025-05-08T15:58:58.521-0500] {taskinstance.py:2890} INFO - Executing <Task(_PythonDecoratedOperator): RequestTrading> on 2025-05-08 20:58:00+00:00
[2025-05-08T15:58:58.527-0500] {standard_task_runner.py:104} INFO - Running: ['airflow', 'tasks', 'run', 'request_operation', 'RequestTrading', 'scheduled__2025-05-08T20:58:00+00:00', '--job-id', '2324', '--raw', '--subdir', 'DAGS_FOLDER/operations.py', '--cfg-path', '/tmp/tmp0l7nv3c8']
[2025-05-08T15:58:58.528-0500] {standard_task_runner.py:105} INFO - Job 2324: Subtask RequestTrading
[2025-05-08T15:58:58.529-0500] {logging_mixin.py:190} WARNING - /home/ares/anaconda3/envs/iqoptions_env/lib/python3.12/site-packages/airflow/task/task_runner/standard_task_runner.py:70 DeprecationWarning: This process (pid=116307) is multi-threaded, use of fork() may lead to deadlocks in the child.
[2025-05-08T15:58:58.530-0500] {standard_task_runner.py:72} INFO - Started process 116332 to run task
[2025-05-08T15:58:58.554-0500] {task_command.py:467} INFO - Running <TaskInstance: request_operation.RequestTrading scheduled__2025-05-08T20:58:00+00:00 [running]> on host DESKTOP-0R7MK50.
[2025-05-08T15:58:58.609-0500] {taskinstance.py:3134} INFO - Exporting env vars: AIRFLOW_CTX_DAG_OWNER='airflow' AIRFLOW_CTX_DAG_ID='request_operation' AIRFLOW_CTX_TASK_ID='RequestTrading' AIRFLOW_CTX_EXECUTION_DATE='2025-05-08T20:58:00+00:00' AIRFLOW_CTX_TRY_NUMBER='1' AIRFLOW_CTX_DAG_RUN_ID='scheduled__2025-05-08T20:58:00+00:00'
[2025-05-08T15:58:58.610-0500] {taskinstance.py:732} INFO - ::endgroup::
[2025-05-08T15:59:00.081-0500] {logging_mixin.py:190} WARNING - /home/ares/anaconda3/envs/iqoptions_env/lib/python3.12/site-packages/urllib3/connectionpool.py:1097 InsecureRequestWarning: Unverified HTTPS request is being made to host 'auth.iqoption.com'. Adding certificate verification is strongly advised. See: https://urllib3.readthedocs.io/en/latest/advanced-usage.html#tls-warnings
[2025-05-08T15:59:01.550-0500] {logging_mixin.py:190} INFO - Error en operación (tupla): (False, 'Cannot purchase an option (active is suspended)')
[2025-05-08T15:59:01.550-0500] {python.py:240} INFO - Done. Returned value was: (None, False)
[2025-05-08T15:59:01.566-0500] {taskinstance.py:341} INFO - ::group::Post task execution logs
[2025-05-08T15:59:01.567-0500] {taskinstance.py:353} INFO - Marking task as SUCCESS. dag_id=request_operation, task_id=RequestTrading, run_id=scheduled__2025-05-08T20:58:00+00:00, execution_date=20250508T205800, start_date=20250508T205858, end_date=20250508T205901
[2025-05-08T15:59:01.633-0500] {local_task_job_runner.py:266} INFO - Task exited with return code 0
[2025-05-08T15:59:01.640-0500] {taskinstance.py:3901} INFO - 0 downstream tasks scheduled from follow-on schedule check
[2025-05-08T15:59:01.640-0500] {local_task_job_runner.py:245} INFO - ::endgroup::
