[2025-04-29T14:42:18.145-0500] {local_task_job_runner.py:123} INFO - ::group::Pre task execution logs
[2025-04-29T14:42:18.152-0500] {taskinstance.py:2614} INFO - Dependencies all met for dep_context=non-requeueable deps ti=<TaskInstance: entrenamiento.indicadores manual__2025-04-29T19:41:57.760503+00:00 [queued]>
[2025-04-29T14:42:18.157-0500] {taskinstance.py:2614} INFO - Dependencies all met for dep_context=requeueable deps ti=<TaskInstance: entrenamiento.indicadores manual__2025-04-29T19:41:57.760503+00:00 [queued]>
[2025-04-29T14:42:18.157-0500] {taskinstance.py:2867} INFO - Starting attempt 1 of 1
[2025-04-29T14:42:18.173-0500] {taskinstance.py:2890} INFO - Executing <Task(_PythonDecoratedOperator): indicadores> on 2025-04-29 19:41:57.760503+00:00
[2025-04-29T14:42:18.179-0500] {standard_task_runner.py:104} INFO - Running: ['airflow', 'tasks', 'run', 'entrenamiento', 'indicadores', 'manual__2025-04-29T19:41:57.760503+00:00', '--job-id', '19', '--raw', '--subdir', 'DAGS_FOLDER/train.py', '--cfg-path', '/tmp/tmpy65sij_8']
[2025-04-29T14:42:18.180-0500] {standard_task_runner.py:105} INFO - Job 19: Subtask indicadores
[2025-04-29T14:42:18.181-0500] {logging_mixin.py:190} WARNING - /home/ares/anaconda3/envs/iqoptions_env/lib/python3.12/site-packages/airflow/task/task_runner/standard_task_runner.py:70 DeprecationWarning: This process (pid=55834) is multi-threaded, use of fork() may lead to deadlocks in the child.
[2025-04-29T14:42:18.182-0500] {standard_task_runner.py:72} INFO - Started process 55866 to run task
[2025-04-29T14:42:18.208-0500] {task_command.py:467} INFO - Running <TaskInstance: entrenamiento.indicadores manual__2025-04-29T19:41:57.760503+00:00 [running]> on host DESKTOP-0R7MK50.
[2025-04-29T14:42:18.255-0500] {taskinstance.py:3134} INFO - Exporting env vars: AIRFLOW_CTX_DAG_OWNER='airflow' AIRFLOW_CTX_DAG_ID='entrenamiento' AIRFLOW_CTX_TASK_ID='indicadores' AIRFLOW_CTX_EXECUTION_DATE='2025-04-29T19:41:57.760503+00:00' AIRFLOW_CTX_TRY_NUMBER='1' AIRFLOW_CTX_DAG_RUN_ID='manual__2025-04-29T19:41:57.760503+00:00'
[2025-04-29T14:42:18.256-0500] {taskinstance.py:732} INFO - ::endgroup::
[2025-04-29T14:42:18.279-0500] {logging_mixin.py:190} INFO -                from_dt                to_dt  ...       max  volume
0  2025-04-24 08:21:30  2025-04-24 08:22:00  ...  1.137895     143
1  2025-04-24 08:22:00  2025-04-24 08:22:30  ...  1.137710     168

[2 rows x 7 columns]
[2025-04-29T14:42:18.280-0500] {python.py:240} INFO - Done. Returned value was: None
[2025-04-29T14:42:18.283-0500] {taskinstance.py:341} INFO - ::group::Post task execution logs
[2025-04-29T14:42:18.284-0500] {taskinstance.py:353} INFO - Marking task as SUCCESS. dag_id=entrenamiento, task_id=indicadores, run_id=manual__2025-04-29T19:41:57.760503+00:00, execution_date=20250429T194157, start_date=20250429T194218, end_date=20250429T194218
[2025-04-29T14:42:18.315-0500] {local_task_job_runner.py:266} INFO - Task exited with return code 0
[2025-04-29T14:42:18.323-0500] {taskinstance.py:3901} INFO - 0 downstream tasks scheduled from follow-on schedule check
[2025-04-29T14:42:18.323-0500] {local_task_job_runner.py:245} INFO - ::endgroup::
