[2025-05-07T17:31:46.037-0500] {local_task_job_runner.py:123} INFO - ::group::Pre task execution logs
[2025-05-07T17:31:46.043-0500] {taskinstance.py:2614} INFO - Dependencies all met for dep_context=non-requeueable deps ti=<TaskInstance: request_operation.RequestTrading scheduled__2025-05-07T22:30:40+00:00 [queued]>
[2025-05-07T17:31:46.047-0500] {taskinstance.py:2614} INFO - Dependencies all met for dep_context=requeueable deps ti=<TaskInstance: request_operation.RequestTrading scheduled__2025-05-07T22:30:40+00:00 [queued]>
[2025-05-07T17:31:46.047-0500] {taskinstance.py:2867} INFO - Starting attempt 1 of 1
[2025-05-07T17:31:46.061-0500] {taskinstance.py:2890} INFO - Executing <Task(_PythonDecoratedOperator): RequestTrading> on 2025-05-07 22:30:40+00:00
[2025-05-07T17:31:46.065-0500] {standard_task_runner.py:104} INFO - Running: ['airflow', 'tasks', 'run', 'request_operation', 'RequestTrading', 'scheduled__2025-05-07T22:30:40+00:00', '--job-id', '61', '--raw', '--subdir', 'DAGS_FOLDER/operations.py', '--cfg-path', '/tmp/tmpe67lm1in']
[2025-05-07T17:31:46.067-0500] {standard_task_runner.py:105} INFO - Job 61: Subtask RequestTrading
[2025-05-07T17:31:46.068-0500] {logging_mixin.py:190} WARNING - /home/ares/anaconda3/envs/iqoptions_env/lib/python3.12/site-packages/airflow/task/task_runner/standard_task_runner.py:70 DeprecationWarning: This process (pid=37198) is multi-threaded, use of fork() may lead to deadlocks in the child.
[2025-05-07T17:31:46.069-0500] {standard_task_runner.py:72} INFO - Started process 37229 to run task
[2025-05-07T17:31:46.092-0500] {task_command.py:467} INFO - Running <TaskInstance: request_operation.RequestTrading scheduled__2025-05-07T22:30:40+00:00 [running]> on host DESKTOP-0R7MK50.
[2025-05-07T17:31:46.125-0500] {abstractoperator.py:783} ERROR - Exception rendering Jinja template for task 'RequestTrading', field 'op_args'. Template: (XComArg(<Task(_PythonDecoratedOperator): Operation>, 'estado'),)
Traceback (most recent call last):
  File "/home/ares/anaconda3/envs/iqoptions_env/lib/python3.12/site-packages/airflow/models/abstractoperator.py", line 775, in _do_render_template_fields
    rendered_content = self.render_template(
                       ^^^^^^^^^^^^^^^^^^^^^
  File "/home/ares/anaconda3/envs/iqoptions_env/lib/python3.12/site-packages/airflow/template/templater.py", line 179, in render_template
    return tuple(self.render_template(element, context, jinja_env, oids) for element in value)
           ^^^^^^^^^^^^^^^^^^^^^^^^^^^^^^^^^^^^^^^^^^^^^^^^^^^^^^^^^^^^^^^^^^^^^^^^^^^^^^^^^^^
  File "/home/ares/anaconda3/envs/iqoptions_env/lib/python3.12/site-packages/airflow/template/templater.py", line 179, in <genexpr>
    return tuple(self.render_template(element, context, jinja_env, oids) for element in value)
                 ^^^^^^^^^^^^^^^^^^^^^^^^^^^^^^^^^^^^^^^^^^^^^^^^^^^^^^^
  File "/home/ares/anaconda3/envs/iqoptions_env/lib/python3.12/site-packages/airflow/template/templater.py", line 175, in render_template
    return value.resolve(context, include_xcom=True)
           ^^^^^^^^^^^^^^^^^^^^^^^^^^^^^^^^^^^^^^^^^
  File "/home/ares/anaconda3/envs/iqoptions_env/lib/python3.12/site-packages/airflow/utils/session.py", line 97, in wrapper
    return func(*args, session=session, **kwargs)
           ^^^^^^^^^^^^^^^^^^^^^^^^^^^^^^^^^^^^^^
  File "/home/ares/anaconda3/envs/iqoptions_env/lib/python3.12/site-packages/airflow/models/xcom_arg.py", line 468, in resolve
    raise XComNotFound(ti.dag_id, task_id, self.key)
airflow.exceptions.XComNotFound: XComArg result from Operation at request_operation with key="estado" is not found!
[2025-05-07T17:31:46.128-0500] {taskinstance.py:3313} ERROR - Task failed with exception
Traceback (most recent call last):
  File "/home/ares/anaconda3/envs/iqoptions_env/lib/python3.12/site-packages/airflow/models/taskinstance.py", line 274, in _run_raw_task
    TaskInstance._execute_task_with_callbacks(
  File "/home/ares/anaconda3/envs/iqoptions_env/lib/python3.12/site-packages/airflow/models/taskinstance.py", line 3117, in _execute_task_with_callbacks
    task_orig = self.render_templates(context=context, jinja_env=jinja_env)
                ^^^^^^^^^^^^^^^^^^^^^^^^^^^^^^^^^^^^^^^^^^^^^^^^^^^^^^^^^^^
  File "/home/ares/anaconda3/envs/iqoptions_env/lib/python3.12/site-packages/airflow/models/taskinstance.py", line 3540, in render_templates
    original_task.render_template_fields(context, jinja_env)
  File "/home/ares/anaconda3/envs/iqoptions_env/lib/python3.12/site-packages/airflow/models/baseoperator.py", line 1442, in render_template_fields
    self._do_render_template_fields(self, self.template_fields, context, jinja_env, set())
  File "/home/ares/anaconda3/envs/iqoptions_env/lib/python3.12/site-packages/airflow/models/abstractoperator.py", line 775, in _do_render_template_fields
    rendered_content = self.render_template(
                       ^^^^^^^^^^^^^^^^^^^^^
  File "/home/ares/anaconda3/envs/iqoptions_env/lib/python3.12/site-packages/airflow/template/templater.py", line 179, in render_template
    return tuple(self.render_template(element, context, jinja_env, oids) for element in value)
           ^^^^^^^^^^^^^^^^^^^^^^^^^^^^^^^^^^^^^^^^^^^^^^^^^^^^^^^^^^^^^^^^^^^^^^^^^^^^^^^^^^^
  File "/home/ares/anaconda3/envs/iqoptions_env/lib/python3.12/site-packages/airflow/template/templater.py", line 179, in <genexpr>
    return tuple(self.render_template(element, context, jinja_env, oids) for element in value)
                 ^^^^^^^^^^^^^^^^^^^^^^^^^^^^^^^^^^^^^^^^^^^^^^^^^^^^^^^
  File "/home/ares/anaconda3/envs/iqoptions_env/lib/python3.12/site-packages/airflow/template/templater.py", line 175, in render_template
    return value.resolve(context, include_xcom=True)
           ^^^^^^^^^^^^^^^^^^^^^^^^^^^^^^^^^^^^^^^^^
  File "/home/ares/anaconda3/envs/iqoptions_env/lib/python3.12/site-packages/airflow/utils/session.py", line 97, in wrapper
    return func(*args, session=session, **kwargs)
           ^^^^^^^^^^^^^^^^^^^^^^^^^^^^^^^^^^^^^^
  File "/home/ares/anaconda3/envs/iqoptions_env/lib/python3.12/site-packages/airflow/models/xcom_arg.py", line 468, in resolve
    raise XComNotFound(ti.dag_id, task_id, self.key)
airflow.exceptions.XComNotFound: XComArg result from Operation at request_operation with key="estado" is not found!
[2025-05-07T17:31:46.130-0500] {taskinstance.py:1226} INFO - Marking task as FAILED. dag_id=request_operation, task_id=RequestTrading, run_id=scheduled__2025-05-07T22:30:40+00:00, execution_date=20250507T223040, start_date=20250507T223146, end_date=20250507T223146
[2025-05-07T17:31:46.153-0500] {taskinstance.py:341} INFO - ::group::Post task execution logs
[2025-05-07T17:31:46.154-0500] {standard_task_runner.py:124} ERROR - Failed to execute job 61 for task RequestTrading (XComArg result from Operation at request_operation with key="estado" is not found!; 37229)
Traceback (most recent call last):
  File "/home/ares/anaconda3/envs/iqoptions_env/lib/python3.12/site-packages/airflow/task/task_runner/standard_task_runner.py", line 117, in _start_by_fork
    ret = args.func(args, dag=self.dag)
          ^^^^^^^^^^^^^^^^^^^^^^^^^^^^^
  File "/home/ares/anaconda3/envs/iqoptions_env/lib/python3.12/site-packages/airflow/cli/cli_config.py", line 49, in command
    return func(*args, **kwargs)
           ^^^^^^^^^^^^^^^^^^^^^
  File "/home/ares/anaconda3/envs/iqoptions_env/lib/python3.12/site-packages/airflow/utils/cli.py", line 116, in wrapper
    return f(*args, **kwargs)
           ^^^^^^^^^^^^^^^^^^
  File "/home/ares/anaconda3/envs/iqoptions_env/lib/python3.12/site-packages/airflow/cli/commands/task_command.py", line 483, in task_run
    task_return_code = _run_task_by_selected_method(args, _dag, ti)
                       ^^^^^^^^^^^^^^^^^^^^^^^^^^^^^^^^^^^^^^^^^^^^
  File "/home/ares/anaconda3/envs/iqoptions_env/lib/python3.12/site-packages/airflow/cli/commands/task_command.py", line 256, in _run_task_by_selected_method
    return _run_raw_task(args, ti)
           ^^^^^^^^^^^^^^^^^^^^^^^
  File "/home/ares/anaconda3/envs/iqoptions_env/lib/python3.12/site-packages/airflow/cli/commands/task_command.py", line 341, in _run_raw_task
    return ti._run_raw_task(
           ^^^^^^^^^^^^^^^^^
  File "/home/ares/anaconda3/envs/iqoptions_env/lib/python3.12/site-packages/airflow/utils/session.py", line 97, in wrapper
    return func(*args, session=session, **kwargs)
           ^^^^^^^^^^^^^^^^^^^^^^^^^^^^^^^^^^^^^^
  File "/home/ares/anaconda3/envs/iqoptions_env/lib/python3.12/site-packages/airflow/models/taskinstance.py", line 3006, in _run_raw_task
    return _run_raw_task(
           ^^^^^^^^^^^^^^
  File "/home/ares/anaconda3/envs/iqoptions_env/lib/python3.12/site-packages/airflow/models/taskinstance.py", line 274, in _run_raw_task
    TaskInstance._execute_task_with_callbacks(
  File "/home/ares/anaconda3/envs/iqoptions_env/lib/python3.12/site-packages/airflow/models/taskinstance.py", line 3117, in _execute_task_with_callbacks
    task_orig = self.render_templates(context=context, jinja_env=jinja_env)
                ^^^^^^^^^^^^^^^^^^^^^^^^^^^^^^^^^^^^^^^^^^^^^^^^^^^^^^^^^^^
  File "/home/ares/anaconda3/envs/iqoptions_env/lib/python3.12/site-packages/airflow/models/taskinstance.py", line 3540, in render_templates
    original_task.render_template_fields(context, jinja_env)
  File "/home/ares/anaconda3/envs/iqoptions_env/lib/python3.12/site-packages/airflow/models/baseoperator.py", line 1442, in render_template_fields
    self._do_render_template_fields(self, self.template_fields, context, jinja_env, set())
  File "/home/ares/anaconda3/envs/iqoptions_env/lib/python3.12/site-packages/airflow/models/abstractoperator.py", line 775, in _do_render_template_fields
    rendered_content = self.render_template(
                       ^^^^^^^^^^^^^^^^^^^^^
  File "/home/ares/anaconda3/envs/iqoptions_env/lib/python3.12/site-packages/airflow/template/templater.py", line 179, in render_template
    return tuple(self.render_template(element, context, jinja_env, oids) for element in value)
           ^^^^^^^^^^^^^^^^^^^^^^^^^^^^^^^^^^^^^^^^^^^^^^^^^^^^^^^^^^^^^^^^^^^^^^^^^^^^^^^^^^^
  File "/home/ares/anaconda3/envs/iqoptions_env/lib/python3.12/site-packages/airflow/template/templater.py", line 179, in <genexpr>
    return tuple(self.render_template(element, context, jinja_env, oids) for element in value)
                 ^^^^^^^^^^^^^^^^^^^^^^^^^^^^^^^^^^^^^^^^^^^^^^^^^^^^^^^
  File "/home/ares/anaconda3/envs/iqoptions_env/lib/python3.12/site-packages/airflow/template/templater.py", line 175, in render_template
    return value.resolve(context, include_xcom=True)
           ^^^^^^^^^^^^^^^^^^^^^^^^^^^^^^^^^^^^^^^^^
  File "/home/ares/anaconda3/envs/iqoptions_env/lib/python3.12/site-packages/airflow/utils/session.py", line 97, in wrapper
    return func(*args, session=session, **kwargs)
           ^^^^^^^^^^^^^^^^^^^^^^^^^^^^^^^^^^^^^^
  File "/home/ares/anaconda3/envs/iqoptions_env/lib/python3.12/site-packages/airflow/models/xcom_arg.py", line 468, in resolve
    raise XComNotFound(ti.dag_id, task_id, self.key)
airflow.exceptions.XComNotFound: XComArg result from Operation at request_operation with key="estado" is not found!
[2025-05-07T17:31:46.163-0500] {local_task_job_runner.py:266} INFO - Task exited with return code 1
[2025-05-07T17:31:46.170-0500] {taskinstance.py:3901} INFO - 0 downstream tasks scheduled from follow-on schedule check
[2025-05-07T17:31:46.170-0500] {local_task_job_runner.py:245} INFO - ::endgroup::
