[2025-05-07T10:47:56.656-0500] {local_task_job_runner.py:123} INFO - ::group::Pre task execution logs
[2025-05-07T10:47:56.663-0500] {taskinstance.py:2614} INFO - Dependencies all met for dep_context=non-requeueable deps ti=<TaskInstance: entrenamiento.indicadores scheduled__2025-05-05T00:00:00+00:00 [queued]>
[2025-05-07T10:47:56.667-0500] {taskinstance.py:2614} INFO - Dependencies all met for dep_context=requeueable deps ti=<TaskInstance: entrenamiento.indicadores scheduled__2025-05-05T00:00:00+00:00 [queued]>
[2025-05-07T10:47:56.667-0500] {taskinstance.py:2867} INFO - Starting attempt 1 of 1
[2025-05-07T10:47:56.680-0500] {taskinstance.py:2890} INFO - Executing <Task(_PythonDecoratedOperator): indicadores> on 2025-05-05 00:00:00+00:00
[2025-05-07T10:47:56.685-0500] {standard_task_runner.py:104} INFO - Running: ['airflow', 'tasks', 'run', 'entrenamiento', 'indicadores', 'scheduled__2025-05-05T00:00:00+00:00', '--job-id', '40', '--raw', '--subdir', 'DAGS_FOLDER/train.py', '--cfg-path', '/tmp/tmpy4eh53iq']
[2025-05-07T10:47:56.686-0500] {standard_task_runner.py:105} INFO - Job 40: Subtask indicadores
[2025-05-07T10:47:56.687-0500] {logging_mixin.py:190} WARNING - /home/ares/anaconda3/envs/iqoptions_env/lib/python3.12/site-packages/airflow/task/task_runner/standard_task_runner.py:70 DeprecationWarning: This process (pid=2820) is multi-threaded, use of fork() may lead to deadlocks in the child.
[2025-05-07T10:47:56.688-0500] {standard_task_runner.py:72} INFO - Started process 2850 to run task
[2025-05-07T10:47:56.712-0500] {task_command.py:467} INFO - Running <TaskInstance: entrenamiento.indicadores scheduled__2025-05-05T00:00:00+00:00 [running]> on host DESKTOP-0R7MK50.
[2025-05-07T10:47:56.760-0500] {taskinstance.py:3134} INFO - Exporting env vars: AIRFLOW_CTX_DAG_OWNER='airflow' AIRFLOW_CTX_DAG_ID='entrenamiento' AIRFLOW_CTX_TASK_ID='indicadores' AIRFLOW_CTX_EXECUTION_DATE='2025-05-05T00:00:00+00:00' AIRFLOW_CTX_TRY_NUMBER='1' AIRFLOW_CTX_DAG_RUN_ID='scheduled__2025-05-05T00:00:00+00:00'
[2025-05-07T10:47:56.761-0500] {taskinstance.py:732} INFO - ::endgroup::
[2025-05-07T10:47:56.792-0500] {logging_mixin.py:190} INFO -                from_dt                to_dt  ...  price_speed_3  price_speed_5
0  2025-05-02 04:27:00  2025-05-02 04:27:30  ...            NaN            NaN
1  2025-05-02 04:27:30  2025-05-02 04:28:00  ...            NaN            NaN

[2 rows x 14 columns]
[2025-05-07T10:47:56.792-0500] {python.py:240} INFO - Done. Returned value was: None
[2025-05-07T10:47:56.795-0500] {taskinstance.py:341} INFO - ::group::Post task execution logs
[2025-05-07T10:47:56.795-0500] {taskinstance.py:353} INFO - Marking task as SUCCESS. dag_id=entrenamiento, task_id=indicadores, run_id=scheduled__2025-05-05T00:00:00+00:00, execution_date=20250505T000000, start_date=20250507T154756, end_date=20250507T154756
[2025-05-07T10:47:56.863-0500] {local_task_job_runner.py:266} INFO - Task exited with return code 0
[2025-05-07T10:47:56.870-0500] {taskinstance.py:3901} INFO - 0 downstream tasks scheduled from follow-on schedule check
[2025-05-07T10:47:56.870-0500] {local_task_job_runner.py:245} INFO - ::endgroup::
