[2025-05-08T14:50:55.213-0500] {local_task_job_runner.py:123} INFO - ::group::Pre task execution logs
[2025-05-08T14:50:55.220-0500] {taskinstance.py:2614} INFO - Dependencies all met for dep_context=non-requeueable deps ti=<TaskInstance: request_operation.RequestTrading scheduled__2025-05-08T19:50:00+00:00 [queued]>
[2025-05-08T14:50:55.224-0500] {taskinstance.py:2614} INFO - Dependencies all met for dep_context=requeueable deps ti=<TaskInstance: request_operation.RequestTrading scheduled__2025-05-08T19:50:00+00:00 [queued]>
[2025-05-08T14:50:55.224-0500] {taskinstance.py:2867} INFO - Starting attempt 1 of 1
[2025-05-08T14:50:55.239-0500] {taskinstance.py:2890} INFO - Executing <Task(_PythonDecoratedOperator): RequestTrading> on 2025-05-08 19:50:00+00:00
[2025-05-08T14:50:55.245-0500] {standard_task_runner.py:104} INFO - Running: ['airflow', 'tasks', 'run', 'request_operation', 'RequestTrading', 'scheduled__2025-05-08T19:50:00+00:00', '--job-id', '2252', '--raw', '--subdir', 'DAGS_FOLDER/operations.py', '--cfg-path', '/tmp/tmp_t3sb6fj']
[2025-05-08T14:50:55.246-0500] {standard_task_runner.py:105} INFO - Job 2252: Subtask RequestTrading
[2025-05-08T14:50:55.248-0500] {logging_mixin.py:190} WARNING - /home/ares/anaconda3/envs/iqoptions_env/lib/python3.12/site-packages/airflow/task/task_runner/standard_task_runner.py:70 DeprecationWarning: This process (pid=111745) is multi-threaded, use of fork() may lead to deadlocks in the child.
[2025-05-08T14:50:55.249-0500] {standard_task_runner.py:72} INFO - Started process 111776 to run task
[2025-05-08T14:50:55.274-0500] {task_command.py:467} INFO - Running <TaskInstance: request_operation.RequestTrading scheduled__2025-05-08T19:50:00+00:00 [running]> on host DESKTOP-0R7MK50.
[2025-05-08T14:50:55.327-0500] {taskinstance.py:3134} INFO - Exporting env vars: AIRFLOW_CTX_DAG_OWNER='airflow' AIRFLOW_CTX_DAG_ID='request_operation' AIRFLOW_CTX_TASK_ID='RequestTrading' AIRFLOW_CTX_EXECUTION_DATE='2025-05-08T19:50:00+00:00' AIRFLOW_CTX_TRY_NUMBER='1' AIRFLOW_CTX_DAG_RUN_ID='scheduled__2025-05-08T19:50:00+00:00'
[2025-05-08T14:50:55.328-0500] {taskinstance.py:732} INFO - ::endgroup::
[2025-05-08T14:50:56.566-0500] {logging_mixin.py:190} WARNING - /home/ares/anaconda3/envs/iqoptions_env/lib/python3.12/site-packages/urllib3/connectionpool.py:1097 InsecureRequestWarning: Unverified HTTPS request is being made to host 'auth.iqoption.com'. Adding certificate verification is strongly advised. See: https://urllib3.readthedocs.io/en/latest/advanced-usage.html#tls-warnings
[2025-05-08T14:50:57.507-0500] {logging_mixin.py:190} INFO - Error en operación (tupla): (False, 'Cannot purchase an option (active is suspended)')
[2025-05-08T14:50:57.507-0500] {python.py:240} INFO - Done. Returned value was: (None, False)
[2025-05-08T14:50:57.522-0500] {taskinstance.py:341} INFO - ::group::Post task execution logs
[2025-05-08T14:50:57.523-0500] {taskinstance.py:353} INFO - Marking task as SUCCESS. dag_id=request_operation, task_id=RequestTrading, run_id=scheduled__2025-05-08T19:50:00+00:00, execution_date=20250508T195000, start_date=20250508T195055, end_date=20250508T195057
[2025-05-08T14:50:57.564-0500] {local_task_job_runner.py:266} INFO - Task exited with return code 0
[2025-05-08T14:50:57.572-0500] {taskinstance.py:3901} INFO - 0 downstream tasks scheduled from follow-on schedule check
[2025-05-08T14:50:57.572-0500] {local_task_job_runner.py:245} INFO - ::endgroup::
