[2025-05-08T16:27:34.398-0500] {local_task_job_runner.py:123} INFO - ::group::Pre task execution logs
[2025-05-08T16:27:34.406-0500] {taskinstance.py:2614} INFO - Dependencies all met for dep_context=non-requeueable deps ti=<TaskInstance: request_operation.RequestTrading scheduled__2025-05-08T21:26:40+00:00 [queued]>
[2025-05-08T16:27:34.411-0500] {taskinstance.py:2614} INFO - Dependencies all met for dep_context=requeueable deps ti=<TaskInstance: request_operation.RequestTrading scheduled__2025-05-08T21:26:40+00:00 [queued]>
[2025-05-08T16:27:34.411-0500] {taskinstance.py:2867} INFO - Starting attempt 1 of 1
[2025-05-08T16:27:34.425-0500] {taskinstance.py:2890} INFO - Executing <Task(_PythonDecoratedOperator): RequestTrading> on 2025-05-08 21:26:40+00:00
[2025-05-08T16:27:34.430-0500] {standard_task_runner.py:104} INFO - Running: ['airflow', 'tasks', 'run', 'request_operation', 'RequestTrading', 'scheduled__2025-05-08T21:26:40+00:00', '--job-id', '2496', '--raw', '--subdir', 'DAGS_FOLDER/operations.py', '--cfg-path', '/tmp/tmpwhz_cr71']
[2025-05-08T16:27:34.431-0500] {standard_task_runner.py:105} INFO - Job 2496: Subtask RequestTrading
[2025-05-08T16:27:34.432-0500] {logging_mixin.py:190} WARNING - /home/ares/anaconda3/envs/iqoptions_env/lib/python3.12/site-packages/airflow/task/task_runner/standard_task_runner.py:70 DeprecationWarning: This process (pid=124693) is multi-threaded, use of fork() may lead to deadlocks in the child.
[2025-05-08T16:27:34.433-0500] {standard_task_runner.py:72} INFO - Started process 124718 to run task
[2025-05-08T16:27:34.459-0500] {task_command.py:467} INFO - Running <TaskInstance: request_operation.RequestTrading scheduled__2025-05-08T21:26:40+00:00 [running]> on host DESKTOP-0R7MK50.
[2025-05-08T16:27:34.511-0500] {taskinstance.py:3134} INFO - Exporting env vars: AIRFLOW_CTX_DAG_OWNER='airflow' AIRFLOW_CTX_DAG_ID='request_operation' AIRFLOW_CTX_TASK_ID='RequestTrading' AIRFLOW_CTX_EXECUTION_DATE='2025-05-08T21:26:40+00:00' AIRFLOW_CTX_TRY_NUMBER='1' AIRFLOW_CTX_DAG_RUN_ID='scheduled__2025-05-08T21:26:40+00:00'
[2025-05-08T16:27:34.512-0500] {taskinstance.py:732} INFO - ::endgroup::
[2025-05-08T16:27:35.790-0500] {logging_mixin.py:190} WARNING - /home/ares/anaconda3/envs/iqoptions_env/lib/python3.12/site-packages/urllib3/connectionpool.py:1097 InsecureRequestWarning: Unverified HTTPS request is being made to host 'auth.iqoption.com'. Adding certificate verification is strongly advised. See: https://urllib3.readthedocs.io/en/latest/advanced-usage.html#tls-warnings
[2025-05-08T16:27:37.384-0500] {logging_mixin.py:190} INFO - Error en operación (tupla): (False, 'Cannot purchase an option (active is suspended)')
[2025-05-08T16:27:37.384-0500] {python.py:240} INFO - Done. Returned value was: (None, False)
[2025-05-08T16:27:37.399-0500] {taskinstance.py:341} INFO - ::group::Post task execution logs
[2025-05-08T16:27:37.399-0500] {taskinstance.py:353} INFO - Marking task as SUCCESS. dag_id=request_operation, task_id=RequestTrading, run_id=scheduled__2025-05-08T21:26:40+00:00, execution_date=20250508T212640, start_date=20250508T212734, end_date=20250508T212737
[2025-05-08T16:27:37.430-0500] {local_task_job_runner.py:266} INFO - Task exited with return code 0
[2025-05-08T16:27:37.437-0500] {taskinstance.py:3901} INFO - 0 downstream tasks scheduled from follow-on schedule check
[2025-05-08T16:27:37.437-0500] {local_task_job_runner.py:245} INFO - ::endgroup::
