[2025-05-07T10:47:35.537-0500] {local_task_job_runner.py:123} INFO - ::group::Pre task execution logs
[2025-05-07T10:47:35.544-0500] {taskinstance.py:2614} INFO - Dependencies all met for dep_context=non-requeueable deps ti=<TaskInstance: entrenamiento.indicadores scheduled__2025-05-03T00:00:00+00:00 [queued]>
[2025-05-07T10:47:35.547-0500] {taskinstance.py:2614} INFO - Dependencies all met for dep_context=requeueable deps ti=<TaskInstance: entrenamiento.indicadores scheduled__2025-05-03T00:00:00+00:00 [queued]>
[2025-05-07T10:47:35.547-0500] {taskinstance.py:2867} INFO - Starting attempt 1 of 1
[2025-05-07T10:47:35.561-0500] {taskinstance.py:2890} INFO - Executing <Task(_PythonDecoratedOperator): indicadores> on 2025-05-03 00:00:00+00:00
[2025-05-07T10:47:35.566-0500] {standard_task_runner.py:104} INFO - Running: ['airflow', 'tasks', 'run', 'entrenamiento', 'indicadores', 'scheduled__2025-05-03T00:00:00+00:00', '--job-id', '36', '--raw', '--subdir', 'DAGS_FOLDER/train.py', '--cfg-path', '/tmp/tmp136r_ib2']
[2025-05-07T10:47:35.567-0500] {standard_task_runner.py:105} INFO - Job 36: Subtask indicadores
[2025-05-07T10:47:35.568-0500] {logging_mixin.py:190} WARNING - /home/ares/anaconda3/envs/iqoptions_env/lib/python3.12/site-packages/airflow/task/task_runner/standard_task_runner.py:70 DeprecationWarning: This process (pid=2620) is multi-threaded, use of fork() may lead to deadlocks in the child.
[2025-05-07T10:47:35.569-0500] {standard_task_runner.py:72} INFO - Started process 2651 to run task
[2025-05-07T10:47:35.592-0500] {task_command.py:467} INFO - Running <TaskInstance: entrenamiento.indicadores scheduled__2025-05-03T00:00:00+00:00 [running]> on host DESKTOP-0R7MK50.
[2025-05-07T10:47:35.637-0500] {taskinstance.py:3134} INFO - Exporting env vars: AIRFLOW_CTX_DAG_OWNER='airflow' AIRFLOW_CTX_DAG_ID='entrenamiento' AIRFLOW_CTX_TASK_ID='indicadores' AIRFLOW_CTX_EXECUTION_DATE='2025-05-03T00:00:00+00:00' AIRFLOW_CTX_TRY_NUMBER='1' AIRFLOW_CTX_DAG_RUN_ID='scheduled__2025-05-03T00:00:00+00:00'
[2025-05-07T10:47:35.637-0500] {taskinstance.py:732} INFO - ::endgroup::
[2025-05-07T10:47:35.666-0500] {logging_mixin.py:190} INFO -                from_dt                to_dt  ...  price_speed_3  price_speed_5
0  2025-05-02 04:26:30  2025-05-02 04:27:00  ...            NaN            NaN
1  2025-05-02 04:27:00  2025-05-02 04:27:30  ...            NaN            NaN

[2 rows x 14 columns]
[2025-05-07T10:47:35.667-0500] {python.py:240} INFO - Done. Returned value was: None
[2025-05-07T10:47:35.670-0500] {taskinstance.py:341} INFO - ::group::Post task execution logs
[2025-05-07T10:47:35.670-0500] {taskinstance.py:353} INFO - Marking task as SUCCESS. dag_id=entrenamiento, task_id=indicadores, run_id=scheduled__2025-05-03T00:00:00+00:00, execution_date=20250503T000000, start_date=20250507T154735, end_date=20250507T154735
[2025-05-07T10:47:35.702-0500] {local_task_job_runner.py:266} INFO - Task exited with return code 0
[2025-05-07T10:47:35.708-0500] {taskinstance.py:3901} INFO - 0 downstream tasks scheduled from follow-on schedule check
[2025-05-07T10:47:35.709-0500] {local_task_job_runner.py:245} INFO - ::endgroup::
