[2025-05-07T10:47:37.166-0500] {local_task_job_runner.py:123} INFO - ::group::Pre task execution logs
[2025-05-07T10:47:37.173-0500] {taskinstance.py:2614} INFO - Dependencies all met for dep_context=non-requeueable deps ti=<TaskInstance: entrenamiento.indicadores scheduled__2025-05-04T00:00:00+00:00 [queued]>
[2025-05-07T10:47:37.177-0500] {taskinstance.py:2614} INFO - Dependencies all met for dep_context=requeueable deps ti=<TaskInstance: entrenamiento.indicadores scheduled__2025-05-04T00:00:00+00:00 [queued]>
[2025-05-07T10:47:37.177-0500] {taskinstance.py:2867} INFO - Starting attempt 1 of 1
[2025-05-07T10:47:37.190-0500] {taskinstance.py:2890} INFO - Executing <Task(_PythonDecoratedOperator): indicadores> on 2025-05-04 00:00:00+00:00
[2025-05-07T10:47:37.195-0500] {standard_task_runner.py:104} INFO - Running: ['airflow', 'tasks', 'run', 'entrenamiento', 'indicadores', 'scheduled__2025-05-04T00:00:00+00:00', '--job-id', '37', '--raw', '--subdir', 'DAGS_FOLDER/train.py', '--cfg-path', '/tmp/tmp325g649l']
[2025-05-07T10:47:37.196-0500] {standard_task_runner.py:105} INFO - Job 37: Subtask indicadores
[2025-05-07T10:47:37.197-0500] {logging_mixin.py:190} WARNING - /home/ares/anaconda3/envs/iqoptions_env/lib/python3.12/site-packages/airflow/task/task_runner/standard_task_runner.py:70 DeprecationWarning: This process (pid=2653) is multi-threaded, use of fork() may lead to deadlocks in the child.
[2025-05-07T10:47:37.197-0500] {standard_task_runner.py:72} INFO - Started process 2684 to run task
[2025-05-07T10:47:37.222-0500] {task_command.py:467} INFO - Running <TaskInstance: entrenamiento.indicadores scheduled__2025-05-04T00:00:00+00:00 [running]> on host DESKTOP-0R7MK50.
[2025-05-07T10:47:37.269-0500] {taskinstance.py:3134} INFO - Exporting env vars: AIRFLOW_CTX_DAG_OWNER='airflow' AIRFLOW_CTX_DAG_ID='entrenamiento' AIRFLOW_CTX_TASK_ID='indicadores' AIRFLOW_CTX_EXECUTION_DATE='2025-05-04T00:00:00+00:00' AIRFLOW_CTX_TRY_NUMBER='1' AIRFLOW_CTX_DAG_RUN_ID='scheduled__2025-05-04T00:00:00+00:00'
[2025-05-07T10:47:37.270-0500] {taskinstance.py:732} INFO - ::endgroup::
[2025-05-07T10:47:37.299-0500] {logging_mixin.py:190} INFO -                from_dt                to_dt  ...  price_speed_3  price_speed_5
0  2025-05-02 04:26:30  2025-05-02 04:27:00  ...            NaN            NaN
1  2025-05-02 04:27:00  2025-05-02 04:27:30  ...            NaN            NaN

[2 rows x 14 columns]
[2025-05-07T10:47:37.299-0500] {python.py:240} INFO - Done. Returned value was: None
[2025-05-07T10:47:37.302-0500] {taskinstance.py:341} INFO - ::group::Post task execution logs
[2025-05-07T10:47:37.303-0500] {taskinstance.py:353} INFO - Marking task as SUCCESS. dag_id=entrenamiento, task_id=indicadores, run_id=scheduled__2025-05-04T00:00:00+00:00, execution_date=20250504T000000, start_date=20250507T154737, end_date=20250507T154737
[2025-05-07T10:47:37.331-0500] {local_task_job_runner.py:266} INFO - Task exited with return code 0
[2025-05-07T10:47:37.338-0500] {taskinstance.py:3901} INFO - 0 downstream tasks scheduled from follow-on schedule check
[2025-05-07T10:47:37.338-0500] {local_task_job_runner.py:245} INFO - ::endgroup::
