[2025-05-07T10:47:09.259-0500] {local_task_job_runner.py:123} INFO - ::group::Pre task execution logs
[2025-05-07T10:47:09.266-0500] {taskinstance.py:2614} INFO - Dependencies all met for dep_context=non-requeueable deps ti=<TaskInstance: entrenamiento.indicadores scheduled__2025-05-01T00:00:00+00:00 [queued]>
[2025-05-07T10:47:09.270-0500] {taskinstance.py:2614} INFO - Dependencies all met for dep_context=requeueable deps ti=<TaskInstance: entrenamiento.indicadores scheduled__2025-05-01T00:00:00+00:00 [queued]>
[2025-05-07T10:47:09.270-0500] {taskinstance.py:2867} INFO - Starting attempt 1 of 1
[2025-05-07T10:47:09.283-0500] {taskinstance.py:2890} INFO - Executing <Task(_PythonDecoratedOperator): indicadores> on 2025-05-01 00:00:00+00:00
[2025-05-07T10:47:09.288-0500] {standard_task_runner.py:104} INFO - Running: ['airflow', 'tasks', 'run', 'entrenamiento', 'indicadores', 'scheduled__2025-05-01T00:00:00+00:00', '--job-id', '32', '--raw', '--subdir', 'DAGS_FOLDER/train.py', '--cfg-path', '/tmp/tmpijb16zg7']
[2025-05-07T10:47:09.289-0500] {standard_task_runner.py:105} INFO - Job 32: Subtask indicadores
[2025-05-07T10:47:09.290-0500] {logging_mixin.py:190} WARNING - /home/ares/anaconda3/envs/iqoptions_env/lib/python3.12/site-packages/airflow/task/task_runner/standard_task_runner.py:70 DeprecationWarning: This process (pid=2372) is multi-threaded, use of fork() may lead to deadlocks in the child.
[2025-05-07T10:47:09.291-0500] {standard_task_runner.py:72} INFO - Started process 2405 to run task
[2025-05-07T10:47:09.334-0500] {task_command.py:467} INFO - Running <TaskInstance: entrenamiento.indicadores scheduled__2025-05-01T00:00:00+00:00 [running]> on host DESKTOP-0R7MK50.
[2025-05-07T10:47:09.383-0500] {taskinstance.py:3134} INFO - Exporting env vars: AIRFLOW_CTX_DAG_OWNER='airflow' AIRFLOW_CTX_DAG_ID='entrenamiento' AIRFLOW_CTX_TASK_ID='indicadores' AIRFLOW_CTX_EXECUTION_DATE='2025-05-01T00:00:00+00:00' AIRFLOW_CTX_TRY_NUMBER='1' AIRFLOW_CTX_DAG_RUN_ID='scheduled__2025-05-01T00:00:00+00:00'
[2025-05-07T10:47:09.384-0500] {taskinstance.py:732} INFO - ::endgroup::
[2025-05-07T10:47:09.416-0500] {logging_mixin.py:190} INFO -                from_dt                to_dt  ...  price_speed_3  price_speed_5
0  2025-05-02 04:26:00  2025-05-02 04:26:30  ...            NaN            NaN
1  2025-05-02 04:26:30  2025-05-02 04:27:00  ...            NaN            NaN

[2 rows x 14 columns]
[2025-05-07T10:47:09.417-0500] {python.py:240} INFO - Done. Returned value was: None
[2025-05-07T10:47:09.419-0500] {taskinstance.py:341} INFO - ::group::Post task execution logs
[2025-05-07T10:47:09.420-0500] {taskinstance.py:353} INFO - Marking task as SUCCESS. dag_id=entrenamiento, task_id=indicadores, run_id=scheduled__2025-05-01T00:00:00+00:00, execution_date=20250501T000000, start_date=20250507T154709, end_date=20250507T154709
[2025-05-07T10:47:09.465-0500] {local_task_job_runner.py:266} INFO - Task exited with return code 0
[2025-05-07T10:47:09.472-0500] {taskinstance.py:3901} INFO - 0 downstream tasks scheduled from follow-on schedule check
[2025-05-07T10:47:09.472-0500] {local_task_job_runner.py:245} INFO - ::endgroup::
