[2025-05-08T11:13:23.043-0500] {local_task_job_runner.py:123} INFO - ::group::Pre task execution logs
[2025-05-08T11:13:23.048-0500] {taskinstance.py:2614} INFO - Dependencies all met for dep_context=non-requeueable deps ti=<TaskInstance: request_operation.RealtimeData scheduled__2025-05-08T16:12:40+00:00 [queued]>
[2025-05-08T11:13:23.051-0500] {taskinstance.py:2614} INFO - Dependencies all met for dep_context=requeueable deps ti=<TaskInstance: request_operation.RealtimeData scheduled__2025-05-08T16:12:40+00:00 [queued]>
[2025-05-08T11:13:23.051-0500] {taskinstance.py:2867} INFO - Starting attempt 1 of 1
[2025-05-08T11:13:23.065-0500] {taskinstance.py:2890} INFO - Executing <Task(_PythonDecoratedOperator): RealtimeData> on 2025-05-08 16:12:40+00:00
[2025-05-08T11:13:23.070-0500] {standard_task_runner.py:104} INFO - Running: ['airflow', 'tasks', 'run', 'request_operation', 'RealtimeData', 'scheduled__2025-05-08T16:12:40+00:00', '--job-id', '923', '--raw', '--subdir', 'DAGS_FOLDER/operations.py', '--cfg-path', '/tmp/tmptm49vsbh']
[2025-05-08T11:13:23.071-0500] {standard_task_runner.py:105} INFO - Job 923: Subtask RealtimeData
[2025-05-08T11:13:23.073-0500] {logging_mixin.py:190} WARNING - /home/ares/anaconda3/envs/iqoptions_env/lib/python3.12/site-packages/airflow/task/task_runner/standard_task_runner.py:70 DeprecationWarning: This process (pid=14242) is multi-threaded, use of fork() may lead to deadlocks in the child.
[2025-05-08T11:13:23.073-0500] {standard_task_runner.py:72} INFO - Started process 14273 to run task
[2025-05-08T11:13:23.098-0500] {task_command.py:467} INFO - Running <TaskInstance: request_operation.RealtimeData scheduled__2025-05-08T16:12:40+00:00 [running]> on host DESKTOP-0R7MK50.
[2025-05-08T11:13:23.147-0500] {taskinstance.py:3134} INFO - Exporting env vars: AIRFLOW_CTX_DAG_OWNER='airflow' AIRFLOW_CTX_DAG_ID='request_operation' AIRFLOW_CTX_TASK_ID='RealtimeData' AIRFLOW_CTX_EXECUTION_DATE='2025-05-08T16:12:40+00:00' AIRFLOW_CTX_TRY_NUMBER='1' AIRFLOW_CTX_DAG_RUN_ID='scheduled__2025-05-08T16:12:40+00:00'
[2025-05-08T11:13:23.148-0500] {taskinstance.py:732} INFO - ::endgroup::
[2025-05-08T11:13:24.780-0500] {logging_mixin.py:190} WARNING - /home/ares/anaconda3/envs/iqoptions_env/lib/python3.12/site-packages/urllib3/connectionpool.py:1097 InsecureRequestWarning: Unverified HTTPS request is being made to host 'auth.iqoption.com'. Adding certificate verification is strongly advised. See: https://urllib3.readthedocs.io/en/latest/advanced-usage.html#tls-warnings
[2025-05-08T11:13:26.239-0500] {python.py:240} INFO - Done. Returned value was: {1746720780: {'active_id': 1, 'size': 60, 'at': 1746720805003307567, 'from': 1746720780, 'to': 1746720840, 'min_at': 1746720802, 'max_at': 1746720781, 'id': 2809794, 'open': 1.1234, 'close': 1.12328, 'min': 1.123235, 'max': 1.123605, 'ask': 1.1233, 'bid': 1.12326, 'volume': 426, 'phase': 'T'}}
[2025-05-08T11:13:26.256-0500] {taskinstance.py:341} INFO - ::group::Post task execution logs
[2025-05-08T11:13:26.256-0500] {taskinstance.py:353} INFO - Marking task as SUCCESS. dag_id=request_operation, task_id=RealtimeData, run_id=scheduled__2025-05-08T16:12:40+00:00, execution_date=20250508T161240, start_date=20250508T161323, end_date=20250508T161326
[2025-05-08T11:13:26.311-0500] {local_task_job_runner.py:266} INFO - Task exited with return code 0
[2025-05-08T11:13:26.323-0500] {taskinstance.py:3901} INFO - 1 downstream tasks scheduled from follow-on schedule check
[2025-05-08T11:13:26.331-0500] {standard_task_runner.py:217} INFO - Process not found (most likely exited), stop collecting metrics
[2025-05-08T11:13:26.332-0500] {local_task_job_runner.py:245} INFO - ::endgroup::
