[2025-05-08T12:50:02.402-0500] {local_task_job_runner.py:123} INFO - ::group::Pre task execution logs
[2025-05-08T12:50:02.408-0500] {taskinstance.py:2614} INFO - Dependencies all met for dep_context=non-requeueable deps ti=<TaskInstance: request_operation.RealtimeData scheduled__2025-05-08T17:49:20+00:00 [queued]>
[2025-05-08T12:50:02.411-0500] {taskinstance.py:2614} INFO - Dependencies all met for dep_context=requeueable deps ti=<TaskInstance: request_operation.RealtimeData scheduled__2025-05-08T17:49:20+00:00 [queued]>
[2025-05-08T12:50:02.411-0500] {taskinstance.py:2867} INFO - Starting attempt 1 of 1
[2025-05-08T12:50:02.427-0500] {taskinstance.py:2890} INFO - Executing <Task(_PythonDecoratedOperator): RealtimeData> on 2025-05-08 17:49:20+00:00
[2025-05-08T12:50:02.432-0500] {standard_task_runner.py:104} INFO - Running: ['airflow', 'tasks', 'run', 'request_operation', 'RealtimeData', 'scheduled__2025-05-08T17:49:20+00:00', '--job-id', '1509', '--raw', '--subdir', 'DAGS_FOLDER/operations.py', '--cfg-path', '/tmp/tmpzwnmjwuh']
[2025-05-08T12:50:02.433-0500] {standard_task_runner.py:105} INFO - Job 1509: Subtask RealtimeData
[2025-05-08T12:50:02.434-0500] {logging_mixin.py:190} WARNING - /home/ares/anaconda3/envs/iqoptions_env/lib/python3.12/site-packages/airflow/task/task_runner/standard_task_runner.py:70 DeprecationWarning: This process (pid=57676) is multi-threaded, use of fork() may lead to deadlocks in the child.
[2025-05-08T12:50:02.435-0500] {standard_task_runner.py:72} INFO - Started process 57707 to run task
[2025-05-08T12:50:02.462-0500] {task_command.py:467} INFO - Running <TaskInstance: request_operation.RealtimeData scheduled__2025-05-08T17:49:20+00:00 [running]> on host DESKTOP-0R7MK50.
[2025-05-08T12:50:02.513-0500] {taskinstance.py:3134} INFO - Exporting env vars: AIRFLOW_CTX_DAG_OWNER='airflow' AIRFLOW_CTX_DAG_ID='request_operation' AIRFLOW_CTX_TASK_ID='RealtimeData' AIRFLOW_CTX_EXECUTION_DATE='2025-05-08T17:49:20+00:00' AIRFLOW_CTX_TRY_NUMBER='1' AIRFLOW_CTX_DAG_RUN_ID='scheduled__2025-05-08T17:49:20+00:00'
[2025-05-08T12:50:02.514-0500] {taskinstance.py:732} INFO - ::endgroup::
[2025-05-08T12:50:03.812-0500] {logging_mixin.py:190} WARNING - /home/ares/anaconda3/envs/iqoptions_env/lib/python3.12/site-packages/urllib3/connectionpool.py:1097 InsecureRequestWarning: Unverified HTTPS request is being made to host 'auth.iqoption.com'. Adding certificate verification is strongly advised. See: https://urllib3.readthedocs.io/en/latest/advanced-usage.html#tls-warnings
[2025-05-08T12:50:07.330-0500] {python.py:240} INFO - Done. Returned value was: {1746726600: {'active_id': 1, 'size': 60, 'at': 1746726606004286263, 'from': 1746726600, 'to': 1746726660, 'min_at': 1746726601, 'max_at': 1746726600, 'id': 2809891, 'open': 1.12187, 'close': 1.121855, 'min': 1.12182, 'max': 1.12187, 'ask': 1.12187, 'bid': 1.12184, 'volume': 17, 'phase': 'T'}}
[2025-05-08T12:50:07.346-0500] {taskinstance.py:341} INFO - ::group::Post task execution logs
[2025-05-08T12:50:07.346-0500] {taskinstance.py:353} INFO - Marking task as SUCCESS. dag_id=request_operation, task_id=RealtimeData, run_id=scheduled__2025-05-08T17:49:20+00:00, execution_date=20250508T174920, start_date=20250508T175002, end_date=20250508T175007
[2025-05-08T12:50:07.413-0500] {local_task_job_runner.py:266} INFO - Task exited with return code 0
[2025-05-08T12:50:07.426-0500] {taskinstance.py:3901} INFO - 1 downstream tasks scheduled from follow-on schedule check
[2025-05-08T12:50:07.436-0500] {local_task_job_runner.py:245} INFO - ::endgroup::
[2025-05-08T12:50:07.436-0500] {standard_task_runner.py:217} INFO - Process not found (most likely exited), stop collecting metrics
