[2025-05-08T13:48:55.665-0500] {local_task_job_runner.py:123} INFO - ::group::Pre task execution logs
[2025-05-08T13:48:55.672-0500] {taskinstance.py:2614} INFO - Dependencies all met for dep_context=non-requeueable deps ti=<TaskInstance: request_operation.RequestTrading scheduled__2025-05-08T18:48:00+00:00 [queued]>
[2025-05-08T13:48:55.677-0500] {taskinstance.py:2614} INFO - Dependencies all met for dep_context=requeueable deps ti=<TaskInstance: request_operation.RequestTrading scheduled__2025-05-08T18:48:00+00:00 [queued]>
[2025-05-08T13:48:55.677-0500] {taskinstance.py:2867} INFO - Starting attempt 1 of 1
[2025-05-08T13:48:55.691-0500] {taskinstance.py:2890} INFO - Executing <Task(_PythonDecoratedOperator): RequestTrading> on 2025-05-08 18:48:00+00:00
[2025-05-08T13:48:55.697-0500] {standard_task_runner.py:104} INFO - Running: ['airflow', 'tasks', 'run', 'request_operation', 'RequestTrading', 'scheduled__2025-05-08T18:48:00+00:00', '--job-id', '1880', '--raw', '--subdir', 'DAGS_FOLDER/operations.py', '--cfg-path', '/tmp/tmpn0w7q885']
[2025-05-08T13:48:55.698-0500] {standard_task_runner.py:105} INFO - Job 1880: Subtask RequestTrading
[2025-05-08T13:48:55.700-0500] {logging_mixin.py:190} WARNING - /home/ares/anaconda3/envs/iqoptions_env/lib/python3.12/site-packages/airflow/task/task_runner/standard_task_runner.py:70 DeprecationWarning: This process (pid=84114) is multi-threaded, use of fork() may lead to deadlocks in the child.
[2025-05-08T13:48:55.700-0500] {standard_task_runner.py:72} INFO - Started process 84145 to run task
[2025-05-08T13:48:55.725-0500] {task_command.py:467} INFO - Running <TaskInstance: request_operation.RequestTrading scheduled__2025-05-08T18:48:00+00:00 [running]> on host DESKTOP-0R7MK50.
[2025-05-08T13:48:55.778-0500] {taskinstance.py:3134} INFO - Exporting env vars: AIRFLOW_CTX_DAG_OWNER='airflow' AIRFLOW_CTX_DAG_ID='request_operation' AIRFLOW_CTX_TASK_ID='RequestTrading' AIRFLOW_CTX_EXECUTION_DATE='2025-05-08T18:48:00+00:00' AIRFLOW_CTX_TRY_NUMBER='1' AIRFLOW_CTX_DAG_RUN_ID='scheduled__2025-05-08T18:48:00+00:00'
[2025-05-08T13:48:55.779-0500] {taskinstance.py:732} INFO - ::endgroup::
[2025-05-08T13:48:56.982-0500] {logging_mixin.py:190} WARNING - /home/ares/anaconda3/envs/iqoptions_env/lib/python3.12/site-packages/urllib3/connectionpool.py:1097 InsecureRequestWarning: Unverified HTTPS request is being made to host 'auth.iqoption.com'. Adding certificate verification is strongly advised. See: https://urllib3.readthedocs.io/en/latest/advanced-usage.html#tls-warnings
[2025-05-08T13:48:57.625-0500] {logging_mixin.py:190} INFO - Error en operación (tupla): (False, 'Cannot purchase an option (active is suspended)')
[2025-05-08T13:48:57.625-0500] {python.py:240} INFO - Done. Returned value was: (None, False)
[2025-05-08T13:48:57.641-0500] {taskinstance.py:341} INFO - ::group::Post task execution logs
[2025-05-08T13:48:57.642-0500] {taskinstance.py:353} INFO - Marking task as SUCCESS. dag_id=request_operation, task_id=RequestTrading, run_id=scheduled__2025-05-08T18:48:00+00:00, execution_date=20250508T184800, start_date=20250508T184855, end_date=20250508T184857
[2025-05-08T13:48:57.670-0500] {local_task_job_runner.py:266} INFO - Task exited with return code 0
[2025-05-08T13:48:57.677-0500] {taskinstance.py:3901} INFO - 0 downstream tasks scheduled from follow-on schedule check
[2025-05-08T13:48:57.677-0500] {local_task_job_runner.py:245} INFO - ::endgroup::
