[2025-05-08T14:08:14.718-0500] {local_task_job_runner.py:123} INFO - ::group::Pre task execution logs
[2025-05-08T14:08:14.725-0500] {taskinstance.py:2614} INFO - Dependencies all met for dep_context=non-requeueable deps ti=<TaskInstance: request_operation.RequestTrading scheduled__2025-05-08T19:07:20+00:00 [queued]>
[2025-05-08T14:08:14.729-0500] {taskinstance.py:2614} INFO - Dependencies all met for dep_context=requeueable deps ti=<TaskInstance: request_operation.RequestTrading scheduled__2025-05-08T19:07:20+00:00 [queued]>
[2025-05-08T14:08:14.729-0500] {taskinstance.py:2867} INFO - Starting attempt 1 of 1
[2025-05-08T14:08:14.744-0500] {taskinstance.py:2890} INFO - Executing <Task(_PythonDecoratedOperator): RequestTrading> on 2025-05-08 19:07:20+00:00
[2025-05-08T14:08:14.750-0500] {standard_task_runner.py:104} INFO - Running: ['airflow', 'tasks', 'run', 'request_operation', 'RequestTrading', 'scheduled__2025-05-08T19:07:20+00:00', '--job-id', '1996', '--raw', '--subdir', 'DAGS_FOLDER/operations.py', '--cfg-path', '/tmp/tmpwlqmczbv']
[2025-05-08T14:08:14.751-0500] {standard_task_runner.py:105} INFO - Job 1996: Subtask RequestTrading
[2025-05-08T14:08:14.752-0500] {logging_mixin.py:190} WARNING - /home/ares/anaconda3/envs/iqoptions_env/lib/python3.12/site-packages/airflow/task/task_runner/standard_task_runner.py:70 DeprecationWarning: This process (pid=93049) is multi-threaded, use of fork() may lead to deadlocks in the child.
[2025-05-08T14:08:14.753-0500] {standard_task_runner.py:72} INFO - Started process 93080 to run task
[2025-05-08T14:08:14.777-0500] {task_command.py:467} INFO - Running <TaskInstance: request_operation.RequestTrading scheduled__2025-05-08T19:07:20+00:00 [running]> on host DESKTOP-0R7MK50.
[2025-05-08T14:08:14.827-0500] {taskinstance.py:3134} INFO - Exporting env vars: AIRFLOW_CTX_DAG_OWNER='airflow' AIRFLOW_CTX_DAG_ID='request_operation' AIRFLOW_CTX_TASK_ID='RequestTrading' AIRFLOW_CTX_EXECUTION_DATE='2025-05-08T19:07:20+00:00' AIRFLOW_CTX_TRY_NUMBER='1' AIRFLOW_CTX_DAG_RUN_ID='scheduled__2025-05-08T19:07:20+00:00'
[2025-05-08T14:08:14.828-0500] {taskinstance.py:732} INFO - ::endgroup::
[2025-05-08T14:08:16.036-0500] {logging_mixin.py:190} WARNING - /home/ares/anaconda3/envs/iqoptions_env/lib/python3.12/site-packages/urllib3/connectionpool.py:1097 InsecureRequestWarning: Unverified HTTPS request is being made to host 'auth.iqoption.com'. Adding certificate verification is strongly advised. See: https://urllib3.readthedocs.io/en/latest/advanced-usage.html#tls-warnings
[2025-05-08T14:08:17.624-0500] {logging_mixin.py:190} INFO - Error en operación (tupla): (False, 'Cannot purchase an option (active is suspended)')
[2025-05-08T14:08:17.624-0500] {python.py:240} INFO - Done. Returned value was: (None, False)
[2025-05-08T14:08:17.654-0500] {taskinstance.py:341} INFO - ::group::Post task execution logs
[2025-05-08T14:08:17.654-0500] {taskinstance.py:353} INFO - Marking task as SUCCESS. dag_id=request_operation, task_id=RequestTrading, run_id=scheduled__2025-05-08T19:07:20+00:00, execution_date=20250508T190720, start_date=20250508T190814, end_date=20250508T190817
[2025-05-08T14:08:17.694-0500] {local_task_job_runner.py:266} INFO - Task exited with return code 0
[2025-05-08T14:08:17.700-0500] {taskinstance.py:3901} INFO - 0 downstream tasks scheduled from follow-on schedule check
[2025-05-08T14:08:17.701-0500] {local_task_job_runner.py:245} INFO - ::endgroup::
