[2025-05-08T11:37:22.762-0500] {local_task_job_runner.py:123} INFO - ::group::Pre task execution logs
[2025-05-08T11:37:22.768-0500] {taskinstance.py:2614} INFO - Dependencies all met for dep_context=non-requeueable deps ti=<TaskInstance: request_operation.RealtimeData scheduled__2025-05-08T16:36:40+00:00 [queued]>
[2025-05-08T11:37:22.771-0500] {taskinstance.py:2614} INFO - Dependencies all met for dep_context=requeueable deps ti=<TaskInstance: request_operation.RealtimeData scheduled__2025-05-08T16:36:40+00:00 [queued]>
[2025-05-08T11:37:22.771-0500] {taskinstance.py:2867} INFO - Starting attempt 1 of 1
[2025-05-08T11:37:22.786-0500] {taskinstance.py:2890} INFO - Executing <Task(_PythonDecoratedOperator): RealtimeData> on 2025-05-08 16:36:40+00:00
[2025-05-08T11:37:22.791-0500] {standard_task_runner.py:104} INFO - Running: ['airflow', 'tasks', 'run', 'request_operation', 'RealtimeData', 'scheduled__2025-05-08T16:36:40+00:00', '--job-id', '1065', '--raw', '--subdir', 'DAGS_FOLDER/operations.py', '--cfg-path', '/tmp/tmpw1dy00iq']
[2025-05-08T11:37:22.793-0500] {standard_task_runner.py:105} INFO - Job 1065: Subtask RealtimeData
[2025-05-08T11:37:22.794-0500] {logging_mixin.py:190} WARNING - /home/ares/anaconda3/envs/iqoptions_env/lib/python3.12/site-packages/airflow/task/task_runner/standard_task_runner.py:70 DeprecationWarning: This process (pid=25162) is multi-threaded, use of fork() may lead to deadlocks in the child.
[2025-05-08T11:37:22.794-0500] {standard_task_runner.py:72} INFO - Started process 25193 to run task
[2025-05-08T11:37:22.823-0500] {task_command.py:467} INFO - Running <TaskInstance: request_operation.RealtimeData scheduled__2025-05-08T16:36:40+00:00 [running]> on host DESKTOP-0R7MK50.
[2025-05-08T11:37:22.877-0500] {taskinstance.py:3134} INFO - Exporting env vars: AIRFLOW_CTX_DAG_OWNER='airflow' AIRFLOW_CTX_DAG_ID='request_operation' AIRFLOW_CTX_TASK_ID='RealtimeData' AIRFLOW_CTX_EXECUTION_DATE='2025-05-08T16:36:40+00:00' AIRFLOW_CTX_TRY_NUMBER='1' AIRFLOW_CTX_DAG_RUN_ID='scheduled__2025-05-08T16:36:40+00:00'
[2025-05-08T11:37:22.878-0500] {taskinstance.py:732} INFO - ::endgroup::
[2025-05-08T11:37:24.488-0500] {logging_mixin.py:190} WARNING - /home/ares/anaconda3/envs/iqoptions_env/lib/python3.12/site-packages/urllib3/connectionpool.py:1097 InsecureRequestWarning: Unverified HTTPS request is being made to host 'auth.iqoption.com'. Adding certificate verification is strongly advised. See: https://urllib3.readthedocs.io/en/latest/advanced-usage.html#tls-warnings
[2025-05-08T11:37:27.714-0500] {python.py:240} INFO - Done. Returned value was: {1746722220: {'active_id': 1, 'size': 60, 'at': 1746722246000654410, 'from': 1746722220, 'to': 1746722280, 'min_at': 1746722223, 'max_at': 1746722228, 'id': 2809818, 'open': 1.122615, 'close': 1.12274, 'min': 1.1226, 'max': 1.122775, 'ask': 1.12275, 'bid': 1.12273, 'volume': 130, 'phase': 'T'}}
[2025-05-08T11:37:27.734-0500] {taskinstance.py:341} INFO - ::group::Post task execution logs
[2025-05-08T11:37:27.735-0500] {taskinstance.py:353} INFO - Marking task as SUCCESS. dag_id=request_operation, task_id=RealtimeData, run_id=scheduled__2025-05-08T16:36:40+00:00, execution_date=20250508T163640, start_date=20250508T163722, end_date=20250508T163727
[2025-05-08T11:37:27.781-0500] {local_task_job_runner.py:266} INFO - Task exited with return code 0
[2025-05-08T11:37:27.794-0500] {taskinstance.py:3901} INFO - 1 downstream tasks scheduled from follow-on schedule check
[2025-05-08T11:37:27.796-0500] {standard_task_runner.py:217} INFO - Process not found (most likely exited), stop collecting metrics
[2025-05-08T11:37:27.807-0500] {local_task_job_runner.py:245} INFO - ::endgroup::
