[2025-05-01T10:47:48.754-0500] {local_task_job_runner.py:123} INFO - ::group::Pre task execution logs
[2025-05-01T10:47:48.770-0500] {taskinstance.py:2614} INFO - Dependencies all met for dep_context=non-requeueable deps ti=<TaskInstance: entrenamiento.indicadores scheduled__2025-04-30T00:00:00+00:00 [queued]>
[2025-05-01T10:47:48.776-0500] {taskinstance.py:2614} INFO - Dependencies all met for dep_context=requeueable deps ti=<TaskInstance: entrenamiento.indicadores scheduled__2025-04-30T00:00:00+00:00 [queued]>
[2025-05-01T10:47:48.776-0500] {taskinstance.py:2867} INFO - Starting attempt 1 of 1
[2025-05-01T10:47:48.793-0500] {taskinstance.py:2890} INFO - Executing <Task(_PythonDecoratedOperator): indicadores> on 2025-04-30 00:00:00+00:00
[2025-05-01T10:47:48.798-0500] {standard_task_runner.py:104} INFO - Running: ['airflow', 'tasks', 'run', 'entrenamiento', 'indicadores', 'scheduled__2025-04-30T00:00:00+00:00', '--job-id', '25', '--raw', '--subdir', 'DAGS_FOLDER/train.py', '--cfg-path', '/tmp/tmp392s36eh']
[2025-05-01T10:47:48.800-0500] {standard_task_runner.py:105} INFO - Job 25: Subtask indicadores
[2025-05-01T10:47:48.801-0500] {logging_mixin.py:190} WARNING - /home/ares/anaconda3/envs/iqoptions_env/lib/python3.12/site-packages/airflow/task/task_runner/standard_task_runner.py:70 DeprecationWarning: This process (pid=824) is multi-threaded, use of fork() may lead to deadlocks in the child.
[2025-05-01T10:47:48.801-0500] {standard_task_runner.py:72} INFO - Started process 849 to run task
[2025-05-01T10:47:48.829-0500] {task_command.py:467} INFO - Running <TaskInstance: entrenamiento.indicadores scheduled__2025-04-30T00:00:00+00:00 [running]> on host DESKTOP-0R7MK50.
[2025-05-01T10:47:48.888-0500] {taskinstance.py:3134} INFO - Exporting env vars: AIRFLOW_CTX_DAG_OWNER='airflow' AIRFLOW_CTX_DAG_ID='entrenamiento' AIRFLOW_CTX_TASK_ID='indicadores' AIRFLOW_CTX_EXECUTION_DATE='2025-04-30T00:00:00+00:00' AIRFLOW_CTX_TRY_NUMBER='1' AIRFLOW_CTX_DAG_RUN_ID='scheduled__2025-04-30T00:00:00+00:00'
[2025-05-01T10:47:48.889-0500] {taskinstance.py:732} INFO - ::endgroup::
[2025-05-01T10:47:48.910-0500] {logging_mixin.py:190} INFO -                from_dt                to_dt  ...       max  volume
0  2025-04-28 04:28:00  2025-04-28 04:28:30  ...  1.136200      52
1  2025-04-28 04:28:30  2025-04-28 04:29:00  ...  1.136195      56

[2 rows x 7 columns]
[2025-05-01T10:47:48.911-0500] {python.py:240} INFO - Done. Returned value was: None
[2025-05-01T10:47:48.914-0500] {taskinstance.py:341} INFO - ::group::Post task execution logs
[2025-05-01T10:47:48.914-0500] {taskinstance.py:353} INFO - Marking task as SUCCESS. dag_id=entrenamiento, task_id=indicadores, run_id=scheduled__2025-04-30T00:00:00+00:00, execution_date=20250430T000000, start_date=20250501T154748, end_date=20250501T154748
[2025-05-01T10:47:48.978-0500] {local_task_job_runner.py:266} INFO - Task exited with return code 0
[2025-05-01T10:47:48.986-0500] {taskinstance.py:3901} INFO - 0 downstream tasks scheduled from follow-on schedule check
[2025-05-01T10:47:48.987-0500] {local_task_job_runner.py:245} INFO - ::endgroup::
