[2025-04-28T21:02:56.503-0500] {processor.py:186} INFO - Started process (PID=17136) to work on /home/ares/anaconda3/envs/iqoptions_env/lib/python3.12/site-packages/airflow/example_dags/example_sla_dag.py
[2025-04-28T21:02:56.504-0500] {processor.py:914} INFO - Processing file /home/ares/anaconda3/envs/iqoptions_env/lib/python3.12/site-packages/airflow/example_dags/example_sla_dag.py for tasks to queue
[2025-04-28T21:02:56.505-0500] {logging_mixin.py:190} INFO - [2025-04-28T21:02:56.505-0500] {dagbag.py:588} INFO - Filling up the DagBag from /home/ares/anaconda3/envs/iqoptions_env/lib/python3.12/site-packages/airflow/example_dags/example_sla_dag.py
[2025-04-28T21:02:56.513-0500] {processor.py:925} INFO - DAG(s) 'example_sla_dag' retrieved from /home/ares/anaconda3/envs/iqoptions_env/lib/python3.12/site-packages/airflow/example_dags/example_sla_dag.py
[2025-04-28T21:02:56.599-0500] {logging_mixin.py:190} INFO - [2025-04-28T21:02:56.598-0500] {override.py:1912} INFO - Created Permission View: can edit on DAG:example_sla_dag
[2025-04-28T21:02:56.612-0500] {logging_mixin.py:190} INFO - [2025-04-28T21:02:56.612-0500] {override.py:1912} INFO - Created Permission View: can read on DAG:example_sla_dag
[2025-04-28T21:02:56.623-0500] {logging_mixin.py:190} INFO - [2025-04-28T21:02:56.623-0500] {override.py:1912} INFO - Created Permission View: can delete on DAG:example_sla_dag
[2025-04-28T21:02:56.644-0500] {logging_mixin.py:190} INFO - [2025-04-28T21:02:56.644-0500] {override.py:1912} INFO - Created Permission View: can create on DAG Run:example_sla_dag
[2025-04-28T21:02:56.658-0500] {logging_mixin.py:190} INFO - [2025-04-28T21:02:56.657-0500] {override.py:1912} INFO - Created Permission View: can read on DAG Run:example_sla_dag
[2025-04-28T21:02:56.671-0500] {logging_mixin.py:190} INFO - [2025-04-28T21:02:56.671-0500] {override.py:1912} INFO - Created Permission View: can delete on DAG Run:example_sla_dag
[2025-04-28T21:02:56.682-0500] {logging_mixin.py:190} INFO - [2025-04-28T21:02:56.682-0500] {override.py:1912} INFO - Created Permission View: menu access on DAG Run:example_sla_dag
[2025-04-28T21:02:56.682-0500] {logging_mixin.py:190} INFO - [2025-04-28T21:02:56.682-0500] {dag.py:3239} INFO - Sync 1 DAGs
[2025-04-28T21:02:56.690-0500] {logging_mixin.py:190} INFO - [2025-04-28T21:02:56.690-0500] {dag.py:3262} INFO - Creating ORM DAG for example_sla_dag
[2025-04-28T21:02:56.703-0500] {logging_mixin.py:190} INFO - [2025-04-28T21:02:56.702-0500] {dag.py:4180} INFO - Setting next_dagrun for example_sla_dag to 2025-04-29 02:00:00+00:00, run_after=2025-04-29 02:02:00+00:00
[2025-04-28T21:02:56.722-0500] {processor.py:208} INFO - Processing /home/ares/anaconda3/envs/iqoptions_env/lib/python3.12/site-packages/airflow/example_dags/example_sla_dag.py took 0.222 seconds
[2025-04-28T21:03:57.094-0500] {processor.py:186} INFO - Started process (PID=17608) to work on /home/ares/anaconda3/envs/iqoptions_env/lib/python3.12/site-packages/airflow/example_dags/example_sla_dag.py
[2025-04-28T21:03:57.096-0500] {processor.py:914} INFO - Processing file /home/ares/anaconda3/envs/iqoptions_env/lib/python3.12/site-packages/airflow/example_dags/example_sla_dag.py for tasks to queue
[2025-04-28T21:03:57.097-0500] {logging_mixin.py:190} INFO - [2025-04-28T21:03:57.097-0500] {dagbag.py:588} INFO - Filling up the DagBag from /home/ares/anaconda3/envs/iqoptions_env/lib/python3.12/site-packages/airflow/example_dags/example_sla_dag.py
[2025-04-28T21:03:57.104-0500] {processor.py:925} INFO - DAG(s) 'example_sla_dag' retrieved from /home/ares/anaconda3/envs/iqoptions_env/lib/python3.12/site-packages/airflow/example_dags/example_sla_dag.py
[2025-04-28T21:03:57.112-0500] {logging_mixin.py:190} INFO - [2025-04-28T21:03:57.112-0500] {dag.py:3239} INFO - Sync 1 DAGs
[2025-04-28T21:03:57.127-0500] {logging_mixin.py:190} INFO - [2025-04-28T21:03:57.127-0500] {dag.py:4180} INFO - Setting next_dagrun for example_sla_dag to 2025-04-29 02:00:00+00:00, run_after=2025-04-29 02:02:00+00:00
[2025-04-28T21:03:57.149-0500] {processor.py:208} INFO - Processing /home/ares/anaconda3/envs/iqoptions_env/lib/python3.12/site-packages/airflow/example_dags/example_sla_dag.py took 0.058 seconds
[2025-04-28T21:04:49.459-0500] {processor.py:186} INFO - Started process (PID=17790) to work on /home/ares/anaconda3/envs/iqoptions_env/lib/python3.12/site-packages/airflow/example_dags/example_sla_dag.py
[2025-04-28T21:04:49.460-0500] {processor.py:914} INFO - Processing file /home/ares/anaconda3/envs/iqoptions_env/lib/python3.12/site-packages/airflow/example_dags/example_sla_dag.py for tasks to queue
[2025-04-28T21:04:49.461-0500] {logging_mixin.py:190} INFO - [2025-04-28T21:04:49.460-0500] {dagbag.py:588} INFO - Filling up the DagBag from /home/ares/anaconda3/envs/iqoptions_env/lib/python3.12/site-packages/airflow/example_dags/example_sla_dag.py
[2025-04-28T21:04:49.469-0500] {processor.py:925} INFO - DAG(s) 'example_sla_dag' retrieved from /home/ares/anaconda3/envs/iqoptions_env/lib/python3.12/site-packages/airflow/example_dags/example_sla_dag.py
[2025-04-28T21:04:49.485-0500] {logging_mixin.py:190} INFO - [2025-04-28T21:04:49.484-0500] {dag.py:3239} INFO - Sync 1 DAGs
[2025-04-28T21:04:49.498-0500] {logging_mixin.py:190} INFO - [2025-04-28T21:04:49.498-0500] {dag.py:4180} INFO - Setting next_dagrun for example_sla_dag to 2025-04-29 02:02:00+00:00, run_after=2025-04-29 02:04:00+00:00
[2025-04-28T21:04:49.518-0500] {processor.py:208} INFO - Processing /home/ares/anaconda3/envs/iqoptions_env/lib/python3.12/site-packages/airflow/example_dags/example_sla_dag.py took 0.063 seconds
