[2025-04-28T21:03:15.637-0500] {processor.py:186} INFO - Started process (PID=17191) to work on /home/ares/anaconda3/envs/iqoptions_env/lib/python3.12/site-packages/airflow/example_dags/example_branch_datetime_operator.py
[2025-04-28T21:03:15.637-0500] {processor.py:914} INFO - Processing file /home/ares/anaconda3/envs/iqoptions_env/lib/python3.12/site-packages/airflow/example_dags/example_branch_datetime_operator.py for tasks to queue
[2025-04-28T21:03:15.638-0500] {logging_mixin.py:190} INFO - [2025-04-28T21:03:15.638-0500] {dagbag.py:588} INFO - Filling up the DagBag from /home/ares/anaconda3/envs/iqoptions_env/lib/python3.12/site-packages/airflow/example_dags/example_branch_datetime_operator.py
[2025-04-28T21:03:15.649-0500] {processor.py:925} INFO - DAG(s) 'example_branch_datetime_operator', 'example_branch_datetime_operator_2', 'example_branch_datetime_operator_3' retrieved from /home/ares/anaconda3/envs/iqoptions_env/lib/python3.12/site-packages/airflow/example_dags/example_branch_datetime_operator.py
[2025-04-28T21:03:15.732-0500] {logging_mixin.py:190} INFO - [2025-04-28T21:03:15.731-0500] {override.py:1912} INFO - Created Permission View: can edit on DAG:example_branch_datetime_operator
[2025-04-28T21:03:15.747-0500] {logging_mixin.py:190} INFO - [2025-04-28T21:03:15.746-0500] {override.py:1912} INFO - Created Permission View: can read on DAG:example_branch_datetime_operator
[2025-04-28T21:03:15.758-0500] {logging_mixin.py:190} INFO - [2025-04-28T21:03:15.758-0500] {override.py:1912} INFO - Created Permission View: can delete on DAG:example_branch_datetime_operator
[2025-04-28T21:03:15.781-0500] {logging_mixin.py:190} INFO - [2025-04-28T21:03:15.780-0500] {override.py:1912} INFO - Created Permission View: can create on DAG Run:example_branch_datetime_operator
[2025-04-28T21:03:15.793-0500] {logging_mixin.py:190} INFO - [2025-04-28T21:03:15.792-0500] {override.py:1912} INFO - Created Permission View: can read on DAG Run:example_branch_datetime_operator
[2025-04-28T21:03:15.805-0500] {logging_mixin.py:190} INFO - [2025-04-28T21:03:15.804-0500] {override.py:1912} INFO - Created Permission View: can delete on DAG Run:example_branch_datetime_operator
[2025-04-28T21:03:15.820-0500] {logging_mixin.py:190} INFO - [2025-04-28T21:03:15.820-0500] {override.py:1912} INFO - Created Permission View: menu access on DAG Run:example_branch_datetime_operator
[2025-04-28T21:03:15.849-0500] {logging_mixin.py:190} INFO - [2025-04-28T21:03:15.848-0500] {override.py:1912} INFO - Created Permission View: can edit on DAG:example_branch_datetime_operator_2
[2025-04-28T21:03:15.860-0500] {logging_mixin.py:190} INFO - [2025-04-28T21:03:15.860-0500] {override.py:1912} INFO - Created Permission View: can read on DAG:example_branch_datetime_operator_2
[2025-04-28T21:03:15.872-0500] {logging_mixin.py:190} INFO - [2025-04-28T21:03:15.872-0500] {override.py:1912} INFO - Created Permission View: can delete on DAG:example_branch_datetime_operator_2
[2025-04-28T21:03:15.893-0500] {logging_mixin.py:190} INFO - [2025-04-28T21:03:15.893-0500] {override.py:1912} INFO - Created Permission View: can create on DAG Run:example_branch_datetime_operator_2
[2025-04-28T21:03:15.905-0500] {logging_mixin.py:190} INFO - [2025-04-28T21:03:15.905-0500] {override.py:1912} INFO - Created Permission View: can read on DAG Run:example_branch_datetime_operator_2
[2025-04-28T21:03:15.920-0500] {logging_mixin.py:190} INFO - [2025-04-28T21:03:15.920-0500] {override.py:1912} INFO - Created Permission View: can delete on DAG Run:example_branch_datetime_operator_2
[2025-04-28T21:03:15.932-0500] {logging_mixin.py:190} INFO - [2025-04-28T21:03:15.932-0500] {override.py:1912} INFO - Created Permission View: menu access on DAG Run:example_branch_datetime_operator_2
[2025-04-28T21:03:15.961-0500] {logging_mixin.py:190} INFO - [2025-04-28T21:03:15.961-0500] {override.py:1912} INFO - Created Permission View: can edit on DAG:example_branch_datetime_operator_3
[2025-04-28T21:03:15.974-0500] {logging_mixin.py:190} INFO - [2025-04-28T21:03:15.973-0500] {override.py:1912} INFO - Created Permission View: can read on DAG:example_branch_datetime_operator_3
[2025-04-28T21:03:15.986-0500] {logging_mixin.py:190} INFO - [2025-04-28T21:03:15.986-0500] {override.py:1912} INFO - Created Permission View: can delete on DAG:example_branch_datetime_operator_3
[2025-04-28T21:03:16.009-0500] {logging_mixin.py:190} INFO - [2025-04-28T21:03:16.009-0500] {override.py:1912} INFO - Created Permission View: can create on DAG Run:example_branch_datetime_operator_3
[2025-04-28T21:03:16.021-0500] {logging_mixin.py:190} INFO - [2025-04-28T21:03:16.021-0500] {override.py:1912} INFO - Created Permission View: can read on DAG Run:example_branch_datetime_operator_3
[2025-04-28T21:03:16.032-0500] {logging_mixin.py:190} INFO - [2025-04-28T21:03:16.032-0500] {override.py:1912} INFO - Created Permission View: can delete on DAG Run:example_branch_datetime_operator_3
[2025-04-28T21:03:16.044-0500] {logging_mixin.py:190} INFO - [2025-04-28T21:03:16.044-0500] {override.py:1912} INFO - Created Permission View: menu access on DAG Run:example_branch_datetime_operator_3
[2025-04-28T21:03:16.044-0500] {logging_mixin.py:190} INFO - [2025-04-28T21:03:16.044-0500] {dag.py:3239} INFO - Sync 3 DAGs
[2025-04-28T21:03:16.051-0500] {logging_mixin.py:190} INFO - [2025-04-28T21:03:16.051-0500] {dag.py:3262} INFO - Creating ORM DAG for example_branch_datetime_operator
[2025-04-28T21:03:16.051-0500] {logging_mixin.py:190} INFO - [2025-04-28T21:03:16.051-0500] {dag.py:3262} INFO - Creating ORM DAG for example_branch_datetime_operator_3
[2025-04-28T21:03:16.052-0500] {logging_mixin.py:190} INFO - [2025-04-28T21:03:16.052-0500] {dag.py:3262} INFO - Creating ORM DAG for example_branch_datetime_operator_2
[2025-04-28T21:03:16.059-0500] {logging_mixin.py:190} INFO - [2025-04-28T21:03:16.059-0500] {dag.py:4180} INFO - Setting next_dagrun for example_branch_datetime_operator to 2025-04-28 00:00:00+00:00, run_after=2025-04-29 00:00:00+00:00
[2025-04-28T21:03:16.060-0500] {logging_mixin.py:190} INFO - [2025-04-28T21:03:16.060-0500] {dag.py:4180} INFO - Setting next_dagrun for example_branch_datetime_operator_2 to 2025-04-28 00:00:00+00:00, run_after=2025-04-29 00:00:00+00:00
[2025-04-28T21:03:16.061-0500] {logging_mixin.py:190} INFO - [2025-04-28T21:03:16.061-0500] {dag.py:4180} INFO - Setting next_dagrun for example_branch_datetime_operator_3 to 2025-04-28 00:00:00+00:00, run_after=2025-04-29 00:00:00+00:00
[2025-04-28T21:03:16.081-0500] {processor.py:208} INFO - Processing /home/ares/anaconda3/envs/iqoptions_env/lib/python3.12/site-packages/airflow/example_dags/example_branch_datetime_operator.py took 0.447 seconds
[2025-04-28T21:04:13.995-0500] {processor.py:186} INFO - Started process (PID=17645) to work on /home/ares/anaconda3/envs/iqoptions_env/lib/python3.12/site-packages/airflow/example_dags/example_branch_datetime_operator.py
[2025-04-28T21:04:13.997-0500] {processor.py:914} INFO - Processing file /home/ares/anaconda3/envs/iqoptions_env/lib/python3.12/site-packages/airflow/example_dags/example_branch_datetime_operator.py for tasks to queue
[2025-04-28T21:04:13.998-0500] {logging_mixin.py:190} INFO - [2025-04-28T21:04:13.998-0500] {dagbag.py:588} INFO - Filling up the DagBag from /home/ares/anaconda3/envs/iqoptions_env/lib/python3.12/site-packages/airflow/example_dags/example_branch_datetime_operator.py
[2025-04-28T21:04:14.007-0500] {processor.py:925} INFO - DAG(s) 'example_branch_datetime_operator', 'example_branch_datetime_operator_3', 'example_branch_datetime_operator_2' retrieved from /home/ares/anaconda3/envs/iqoptions_env/lib/python3.12/site-packages/airflow/example_dags/example_branch_datetime_operator.py
[2025-04-28T21:04:14.019-0500] {logging_mixin.py:190} INFO - [2025-04-28T21:04:14.019-0500] {dag.py:3239} INFO - Sync 3 DAGs
[2025-04-28T21:04:14.032-0500] {logging_mixin.py:190} INFO - [2025-04-28T21:04:14.032-0500] {dag.py:4180} INFO - Setting next_dagrun for example_branch_datetime_operator to 2025-04-28 00:00:00+00:00, run_after=2025-04-29 00:00:00+00:00
[2025-04-28T21:04:14.035-0500] {logging_mixin.py:190} INFO - [2025-04-28T21:04:14.034-0500] {dag.py:4180} INFO - Setting next_dagrun for example_branch_datetime_operator_2 to 2025-04-28 00:00:00+00:00, run_after=2025-04-29 00:00:00+00:00
[2025-04-28T21:04:14.038-0500] {logging_mixin.py:190} INFO - [2025-04-28T21:04:14.038-0500] {dag.py:4180} INFO - Setting next_dagrun for example_branch_datetime_operator_3 to 2025-04-28 00:00:00+00:00, run_after=2025-04-29 00:00:00+00:00
[2025-04-28T21:04:14.057-0500] {processor.py:208} INFO - Processing /home/ares/anaconda3/envs/iqoptions_env/lib/python3.12/site-packages/airflow/example_dags/example_branch_datetime_operator.py took 0.065 seconds
[2025-04-28T21:05:08.602-0500] {processor.py:186} INFO - Started process (PID=17838) to work on /home/ares/anaconda3/envs/iqoptions_env/lib/python3.12/site-packages/airflow/example_dags/example_branch_datetime_operator.py
[2025-04-28T21:05:08.606-0500] {processor.py:914} INFO - Processing file /home/ares/anaconda3/envs/iqoptions_env/lib/python3.12/site-packages/airflow/example_dags/example_branch_datetime_operator.py for tasks to queue
[2025-04-28T21:05:08.607-0500] {logging_mixin.py:190} INFO - [2025-04-28T21:05:08.607-0500] {dagbag.py:588} INFO - Filling up the DagBag from /home/ares/anaconda3/envs/iqoptions_env/lib/python3.12/site-packages/airflow/example_dags/example_branch_datetime_operator.py
[2025-04-28T21:05:08.615-0500] {processor.py:925} INFO - DAG(s) 'example_branch_datetime_operator_3', 'example_branch_datetime_operator_2', 'example_branch_datetime_operator' retrieved from /home/ares/anaconda3/envs/iqoptions_env/lib/python3.12/site-packages/airflow/example_dags/example_branch_datetime_operator.py
[2025-04-28T21:05:08.629-0500] {logging_mixin.py:190} INFO - [2025-04-28T21:05:08.628-0500] {dag.py:3239} INFO - Sync 3 DAGs
[2025-04-28T21:05:08.641-0500] {logging_mixin.py:190} INFO - [2025-04-28T21:05:08.641-0500] {dag.py:4180} INFO - Setting next_dagrun for example_branch_datetime_operator to 2025-04-28 00:00:00+00:00, run_after=2025-04-29 00:00:00+00:00
[2025-04-28T21:05:08.644-0500] {logging_mixin.py:190} INFO - [2025-04-28T21:05:08.644-0500] {dag.py:4180} INFO - Setting next_dagrun for example_branch_datetime_operator_2 to 2025-04-28 00:00:00+00:00, run_after=2025-04-29 00:00:00+00:00
[2025-04-28T21:05:08.645-0500] {logging_mixin.py:190} INFO - [2025-04-28T21:05:08.645-0500] {dag.py:4180} INFO - Setting next_dagrun for example_branch_datetime_operator_3 to 2025-04-28 00:00:00+00:00, run_after=2025-04-29 00:00:00+00:00
[2025-04-28T21:05:08.662-0500] {processor.py:208} INFO - Processing /home/ares/anaconda3/envs/iqoptions_env/lib/python3.12/site-packages/airflow/example_dags/example_branch_datetime_operator.py took 0.065 seconds
