[2025-04-28T21:03:18.289-0500] {processor.py:186} INFO - Started process (PID=17199) to work on /home/ares/anaconda3/envs/iqoptions_env/lib/python3.12/site-packages/airflow/example_dags/example_dynamic_task_mapping.py
[2025-04-28T21:03:18.290-0500] {processor.py:914} INFO - Processing file /home/ares/anaconda3/envs/iqoptions_env/lib/python3.12/site-packages/airflow/example_dags/example_dynamic_task_mapping.py for tasks to queue
[2025-04-28T21:03:18.291-0500] {logging_mixin.py:190} INFO - [2025-04-28T21:03:18.291-0500] {dagbag.py:588} INFO - Filling up the DagBag from /home/ares/anaconda3/envs/iqoptions_env/lib/python3.12/site-packages/airflow/example_dags/example_dynamic_task_mapping.py
[2025-04-28T21:03:18.297-0500] {processor.py:925} INFO - DAG(s) 'example_dynamic_task_mapping' retrieved from /home/ares/anaconda3/envs/iqoptions_env/lib/python3.12/site-packages/airflow/example_dags/example_dynamic_task_mapping.py
[2025-04-28T21:03:18.384-0500] {logging_mixin.py:190} INFO - [2025-04-28T21:03:18.381-0500] {override.py:1912} INFO - Created Permission View: can edit on DAG:example_dynamic_task_mapping
[2025-04-28T21:03:18.400-0500] {logging_mixin.py:190} INFO - [2025-04-28T21:03:18.399-0500] {override.py:1912} INFO - Created Permission View: can read on DAG:example_dynamic_task_mapping
[2025-04-28T21:03:18.412-0500] {logging_mixin.py:190} INFO - [2025-04-28T21:03:18.411-0500] {override.py:1912} INFO - Created Permission View: can delete on DAG:example_dynamic_task_mapping
[2025-04-28T21:03:18.434-0500] {logging_mixin.py:190} INFO - [2025-04-28T21:03:18.433-0500] {override.py:1912} INFO - Created Permission View: can create on DAG Run:example_dynamic_task_mapping
[2025-04-28T21:03:18.447-0500] {logging_mixin.py:190} INFO - [2025-04-28T21:03:18.447-0500] {override.py:1912} INFO - Created Permission View: can read on DAG Run:example_dynamic_task_mapping
[2025-04-28T21:03:18.459-0500] {logging_mixin.py:190} INFO - [2025-04-28T21:03:18.459-0500] {override.py:1912} INFO - Created Permission View: can delete on DAG Run:example_dynamic_task_mapping
[2025-04-28T21:03:18.471-0500] {logging_mixin.py:190} INFO - [2025-04-28T21:03:18.470-0500] {override.py:1912} INFO - Created Permission View: menu access on DAG Run:example_dynamic_task_mapping
[2025-04-28T21:03:18.471-0500] {logging_mixin.py:190} INFO - [2025-04-28T21:03:18.471-0500] {dag.py:3239} INFO - Sync 1 DAGs
[2025-04-28T21:03:18.478-0500] {logging_mixin.py:190} INFO - [2025-04-28T21:03:18.478-0500] {dag.py:3262} INFO - Creating ORM DAG for example_dynamic_task_mapping
[2025-04-28T21:03:18.478-0500] {logging_mixin.py:190} INFO - [2025-04-28T21:03:18.478-0500] {dag.py:4180} INFO - Setting next_dagrun for example_dynamic_task_mapping to None, run_after=None
[2025-04-28T21:03:18.498-0500] {processor.py:208} INFO - Processing /home/ares/anaconda3/envs/iqoptions_env/lib/python3.12/site-packages/airflow/example_dags/example_dynamic_task_mapping.py took 0.212 seconds
[2025-04-28T21:04:15.428-0500] {processor.py:186} INFO - Started process (PID=17653) to work on /home/ares/anaconda3/envs/iqoptions_env/lib/python3.12/site-packages/airflow/example_dags/example_dynamic_task_mapping.py
[2025-04-28T21:04:15.429-0500] {processor.py:914} INFO - Processing file /home/ares/anaconda3/envs/iqoptions_env/lib/python3.12/site-packages/airflow/example_dags/example_dynamic_task_mapping.py for tasks to queue
[2025-04-28T21:04:15.430-0500] {logging_mixin.py:190} INFO - [2025-04-28T21:04:15.430-0500] {dagbag.py:588} INFO - Filling up the DagBag from /home/ares/anaconda3/envs/iqoptions_env/lib/python3.12/site-packages/airflow/example_dags/example_dynamic_task_mapping.py
[2025-04-28T21:04:15.436-0500] {processor.py:925} INFO - DAG(s) 'example_dynamic_task_mapping' retrieved from /home/ares/anaconda3/envs/iqoptions_env/lib/python3.12/site-packages/airflow/example_dags/example_dynamic_task_mapping.py
[2025-04-28T21:04:15.448-0500] {logging_mixin.py:190} INFO - [2025-04-28T21:04:15.448-0500] {dag.py:3239} INFO - Sync 1 DAGs
[2025-04-28T21:04:15.456-0500] {logging_mixin.py:190} INFO - [2025-04-28T21:04:15.456-0500] {dag.py:4180} INFO - Setting next_dagrun for example_dynamic_task_mapping to None, run_after=None
[2025-04-28T21:04:15.474-0500] {processor.py:208} INFO - Processing /home/ares/anaconda3/envs/iqoptions_env/lib/python3.12/site-packages/airflow/example_dags/example_dynamic_task_mapping.py took 0.049 seconds
[2025-04-28T21:05:10.326-0500] {processor.py:186} INFO - Started process (PID=17840) to work on /home/ares/anaconda3/envs/iqoptions_env/lib/python3.12/site-packages/airflow/example_dags/example_dynamic_task_mapping.py
[2025-04-28T21:05:10.327-0500] {processor.py:914} INFO - Processing file /home/ares/anaconda3/envs/iqoptions_env/lib/python3.12/site-packages/airflow/example_dags/example_dynamic_task_mapping.py for tasks to queue
[2025-04-28T21:05:10.328-0500] {logging_mixin.py:190} INFO - [2025-04-28T21:05:10.328-0500] {dagbag.py:588} INFO - Filling up the DagBag from /home/ares/anaconda3/envs/iqoptions_env/lib/python3.12/site-packages/airflow/example_dags/example_dynamic_task_mapping.py
[2025-04-28T21:05:10.334-0500] {processor.py:925} INFO - DAG(s) 'example_dynamic_task_mapping' retrieved from /home/ares/anaconda3/envs/iqoptions_env/lib/python3.12/site-packages/airflow/example_dags/example_dynamic_task_mapping.py
[2025-04-28T21:05:10.343-0500] {logging_mixin.py:190} INFO - [2025-04-28T21:05:10.343-0500] {dag.py:3239} INFO - Sync 1 DAGs
[2025-04-28T21:05:10.352-0500] {logging_mixin.py:190} INFO - [2025-04-28T21:05:10.351-0500] {dag.py:4180} INFO - Setting next_dagrun for example_dynamic_task_mapping to None, run_after=None
[2025-04-28T21:05:10.370-0500] {processor.py:208} INFO - Processing /home/ares/anaconda3/envs/iqoptions_env/lib/python3.12/site-packages/airflow/example_dags/example_dynamic_task_mapping.py took 0.048 seconds
