[2025-04-28T21:02:44.839-0500] {processor.py:186} INFO - Started process (PID=17040) to work on /home/ares/anaconda3/envs/iqoptions_env/lib/python3.12/site-packages/airflow/example_dags/example_latest_only.py
[2025-04-28T21:02:44.840-0500] {processor.py:914} INFO - Processing file /home/ares/anaconda3/envs/iqoptions_env/lib/python3.12/site-packages/airflow/example_dags/example_latest_only.py for tasks to queue
[2025-04-28T21:02:44.841-0500] {logging_mixin.py:190} INFO - [2025-04-28T21:02:44.841-0500] {dagbag.py:588} INFO - Filling up the DagBag from /home/ares/anaconda3/envs/iqoptions_env/lib/python3.12/site-packages/airflow/example_dags/example_latest_only.py
[2025-04-28T21:02:44.847-0500] {processor.py:925} INFO - DAG(s) 'latest_only' retrieved from /home/ares/anaconda3/envs/iqoptions_env/lib/python3.12/site-packages/airflow/example_dags/example_latest_only.py
[2025-04-28T21:02:44.923-0500] {logging_mixin.py:190} INFO - [2025-04-28T21:02:44.923-0500] {override.py:1912} INFO - Created Permission View: can edit on DAG:latest_only
[2025-04-28T21:02:44.939-0500] {logging_mixin.py:190} INFO - [2025-04-28T21:02:44.939-0500] {override.py:1912} INFO - Created Permission View: can read on DAG:latest_only
[2025-04-28T21:02:44.951-0500] {logging_mixin.py:190} INFO - [2025-04-28T21:02:44.951-0500] {override.py:1912} INFO - Created Permission View: can delete on DAG:latest_only
[2025-04-28T21:02:44.974-0500] {logging_mixin.py:190} INFO - [2025-04-28T21:02:44.973-0500] {override.py:1912} INFO - Created Permission View: can create on DAG Run:latest_only
[2025-04-28T21:02:44.985-0500] {logging_mixin.py:190} INFO - [2025-04-28T21:02:44.985-0500] {override.py:1912} INFO - Created Permission View: can read on DAG Run:latest_only
[2025-04-28T21:02:44.996-0500] {logging_mixin.py:190} INFO - [2025-04-28T21:02:44.996-0500] {override.py:1912} INFO - Created Permission View: can delete on DAG Run:latest_only
[2025-04-28T21:02:45.008-0500] {logging_mixin.py:190} INFO - [2025-04-28T21:02:45.007-0500] {override.py:1912} INFO - Created Permission View: menu access on DAG Run:latest_only
[2025-04-28T21:02:45.008-0500] {logging_mixin.py:190} INFO - [2025-04-28T21:02:45.008-0500] {dag.py:3239} INFO - Sync 1 DAGs
[2025-04-28T21:02:45.015-0500] {logging_mixin.py:190} INFO - [2025-04-28T21:02:45.014-0500] {dag.py:3262} INFO - Creating ORM DAG for latest_only
[2025-04-28T21:02:45.021-0500] {logging_mixin.py:190} INFO - [2025-04-28T21:02:45.021-0500] {dag.py:4180} INFO - Setting next_dagrun for latest_only to 2025-04-28 20:00:00+00:00, run_after=2025-04-29 00:00:00+00:00
[2025-04-28T21:02:45.042-0500] {processor.py:208} INFO - Processing /home/ares/anaconda3/envs/iqoptions_env/lib/python3.12/site-packages/airflow/example_dags/example_latest_only.py took 0.206 seconds
[2025-04-28T21:03:48.370-0500] {processor.py:186} INFO - Started process (PID=17501) to work on /home/ares/anaconda3/envs/iqoptions_env/lib/python3.12/site-packages/airflow/example_dags/example_latest_only.py
[2025-04-28T21:03:48.372-0500] {processor.py:914} INFO - Processing file /home/ares/anaconda3/envs/iqoptions_env/lib/python3.12/site-packages/airflow/example_dags/example_latest_only.py for tasks to queue
[2025-04-28T21:03:48.373-0500] {logging_mixin.py:190} INFO - [2025-04-28T21:03:48.373-0500] {dagbag.py:588} INFO - Filling up the DagBag from /home/ares/anaconda3/envs/iqoptions_env/lib/python3.12/site-packages/airflow/example_dags/example_latest_only.py
[2025-04-28T21:03:48.378-0500] {processor.py:925} INFO - DAG(s) 'latest_only' retrieved from /home/ares/anaconda3/envs/iqoptions_env/lib/python3.12/site-packages/airflow/example_dags/example_latest_only.py
[2025-04-28T21:03:48.392-0500] {logging_mixin.py:190} INFO - [2025-04-28T21:03:48.391-0500] {dag.py:3239} INFO - Sync 1 DAGs
[2025-04-28T21:03:48.410-0500] {logging_mixin.py:190} INFO - [2025-04-28T21:03:48.410-0500] {dag.py:4180} INFO - Setting next_dagrun for latest_only to 2025-04-28 20:00:00+00:00, run_after=2025-04-29 00:00:00+00:00
[2025-04-28T21:03:48.457-0500] {processor.py:208} INFO - Processing /home/ares/anaconda3/envs/iqoptions_env/lib/python3.12/site-packages/airflow/example_dags/example_latest_only.py took 0.092 seconds
[2025-04-28T21:04:39.412-0500] {processor.py:186} INFO - Started process (PID=17768) to work on /home/ares/anaconda3/envs/iqoptions_env/lib/python3.12/site-packages/airflow/example_dags/example_latest_only.py
[2025-04-28T21:04:39.413-0500] {processor.py:914} INFO - Processing file /home/ares/anaconda3/envs/iqoptions_env/lib/python3.12/site-packages/airflow/example_dags/example_latest_only.py for tasks to queue
[2025-04-28T21:04:39.414-0500] {logging_mixin.py:190} INFO - [2025-04-28T21:04:39.414-0500] {dagbag.py:588} INFO - Filling up the DagBag from /home/ares/anaconda3/envs/iqoptions_env/lib/python3.12/site-packages/airflow/example_dags/example_latest_only.py
[2025-04-28T21:04:39.419-0500] {processor.py:925} INFO - DAG(s) 'latest_only' retrieved from /home/ares/anaconda3/envs/iqoptions_env/lib/python3.12/site-packages/airflow/example_dags/example_latest_only.py
[2025-04-28T21:04:39.428-0500] {logging_mixin.py:190} INFO - [2025-04-28T21:04:39.428-0500] {dag.py:3239} INFO - Sync 1 DAGs
[2025-04-28T21:04:39.440-0500] {logging_mixin.py:190} INFO - [2025-04-28T21:04:39.440-0500] {dag.py:4180} INFO - Setting next_dagrun for latest_only to 2025-04-28 20:00:00+00:00, run_after=2025-04-29 00:00:00+00:00
[2025-04-28T21:04:39.460-0500] {processor.py:208} INFO - Processing /home/ares/anaconda3/envs/iqoptions_env/lib/python3.12/site-packages/airflow/example_dags/example_latest_only.py took 0.051 seconds
