[2025-04-28T21:02:32.662-0500] {processor.py:186} INFO - Started process (PID=16881) to work on /home/ares/anaconda3/envs/iqoptions_env/lib/python3.12/site-packages/airflow/example_dags/example_datasets.py
[2025-04-28T21:02:32.663-0500] {processor.py:914} INFO - Processing file /home/ares/anaconda3/envs/iqoptions_env/lib/python3.12/site-packages/airflow/example_dags/example_datasets.py for tasks to queue
[2025-04-28T21:02:32.664-0500] {logging_mixin.py:190} INFO - [2025-04-28T21:02:32.664-0500] {dagbag.py:588} INFO - Filling up the DagBag from /home/ares/anaconda3/envs/iqoptions_env/lib/python3.12/site-packages/airflow/example_dags/example_datasets.py
[2025-04-28T21:02:32.684-0500] {processor.py:925} INFO - DAG(s) 'consume_1_or_2_with_dataset_expressions', 'dataset_produces_1', 'conditional_dataset_and_time_based_timetable', 'dataset_consumes_unknown_never_scheduled', 'dataset_produces_2', 'consume_1_or_both_2_and_3_with_dataset_expressions', 'consume_1_and_2_with_dataset_expressions', 'dataset_consumes_1_never_scheduled', 'dataset_consumes_1_and_2', 'dataset_consumes_1' retrieved from /home/ares/anaconda3/envs/iqoptions_env/lib/python3.12/site-packages/airflow/example_dags/example_datasets.py
[2025-04-28T21:02:32.819-0500] {logging_mixin.py:190} INFO - [2025-04-28T21:02:32.818-0500] {override.py:1912} INFO - Created Permission View: can edit on DAG:consume_1_or_2_with_dataset_expressions
[2025-04-28T21:02:32.836-0500] {logging_mixin.py:190} INFO - [2025-04-28T21:02:32.836-0500] {override.py:1912} INFO - Created Permission View: can read on DAG:consume_1_or_2_with_dataset_expressions
[2025-04-28T21:02:32.848-0500] {logging_mixin.py:190} INFO - [2025-04-28T21:02:32.848-0500] {override.py:1912} INFO - Created Permission View: can delete on DAG:consume_1_or_2_with_dataset_expressions
[2025-04-28T21:02:32.936-0500] {logging_mixin.py:190} INFO - [2025-04-28T21:02:32.935-0500] {override.py:1912} INFO - Created Permission View: can create on DAG Run:consume_1_or_2_with_dataset_expressions
[2025-04-28T21:02:32.948-0500] {logging_mixin.py:190} INFO - [2025-04-28T21:02:32.947-0500] {override.py:1912} INFO - Created Permission View: can read on DAG Run:consume_1_or_2_with_dataset_expressions
[2025-04-28T21:02:32.959-0500] {logging_mixin.py:190} INFO - [2025-04-28T21:02:32.959-0500] {override.py:1912} INFO - Created Permission View: can delete on DAG Run:consume_1_or_2_with_dataset_expressions
[2025-04-28T21:02:33.010-0500] {logging_mixin.py:190} INFO - [2025-04-28T21:02:33.009-0500] {override.py:1912} INFO - Created Permission View: menu access on DAG Run:consume_1_or_2_with_dataset_expressions
[2025-04-28T21:02:33.038-0500] {logging_mixin.py:190} INFO - [2025-04-28T21:02:33.037-0500] {override.py:1912} INFO - Created Permission View: can edit on DAG:dataset_produces_1
[2025-04-28T21:02:33.049-0500] {logging_mixin.py:190} INFO - [2025-04-28T21:02:33.049-0500] {override.py:1912} INFO - Created Permission View: can read on DAG:dataset_produces_1
[2025-04-28T21:02:33.061-0500] {logging_mixin.py:190} INFO - [2025-04-28T21:02:33.061-0500] {override.py:1912} INFO - Created Permission View: can delete on DAG:dataset_produces_1
[2025-04-28T21:02:33.179-0500] {logging_mixin.py:190} INFO - [2025-04-28T21:02:33.179-0500] {override.py:1912} INFO - Created Permission View: can create on DAG Run:dataset_produces_1
[2025-04-28T21:02:33.225-0500] {logging_mixin.py:190} INFO - [2025-04-28T21:02:33.224-0500] {override.py:1912} INFO - Created Permission View: can read on DAG Run:dataset_produces_1
[2025-04-28T21:02:33.248-0500] {logging_mixin.py:190} INFO - [2025-04-28T21:02:33.248-0500] {override.py:1912} INFO - Created Permission View: can delete on DAG Run:dataset_produces_1
[2025-04-28T21:02:33.259-0500] {logging_mixin.py:190} INFO - [2025-04-28T21:02:33.259-0500] {override.py:1912} INFO - Created Permission View: menu access on DAG Run:dataset_produces_1
[2025-04-28T21:02:33.286-0500] {logging_mixin.py:190} INFO - [2025-04-28T21:02:33.286-0500] {override.py:1912} INFO - Created Permission View: can edit on DAG:conditional_dataset_and_time_based_timetable
[2025-04-28T21:02:33.298-0500] {logging_mixin.py:190} INFO - [2025-04-28T21:02:33.298-0500] {override.py:1912} INFO - Created Permission View: can read on DAG:conditional_dataset_and_time_based_timetable
[2025-04-28T21:02:33.309-0500] {logging_mixin.py:190} INFO - [2025-04-28T21:02:33.308-0500] {override.py:1912} INFO - Created Permission View: can delete on DAG:conditional_dataset_and_time_based_timetable
[2025-04-28T21:02:33.329-0500] {logging_mixin.py:190} INFO - [2025-04-28T21:02:33.328-0500] {override.py:1912} INFO - Created Permission View: can create on DAG Run:conditional_dataset_and_time_based_timetable
[2025-04-28T21:02:33.340-0500] {logging_mixin.py:190} INFO - [2025-04-28T21:02:33.340-0500] {override.py:1912} INFO - Created Permission View: can read on DAG Run:conditional_dataset_and_time_based_timetable
[2025-04-28T21:02:33.351-0500] {logging_mixin.py:190} INFO - [2025-04-28T21:02:33.351-0500] {override.py:1912} INFO - Created Permission View: can delete on DAG Run:conditional_dataset_and_time_based_timetable
[2025-04-28T21:02:33.397-0500] {logging_mixin.py:190} INFO - [2025-04-28T21:02:33.397-0500] {override.py:1912} INFO - Created Permission View: menu access on DAG Run:conditional_dataset_and_time_based_timetable
[2025-04-28T21:02:33.434-0500] {logging_mixin.py:190} INFO - [2025-04-28T21:02:33.434-0500] {override.py:1912} INFO - Created Permission View: can edit on DAG:dataset_consumes_unknown_never_scheduled
[2025-04-28T21:02:33.445-0500] {logging_mixin.py:190} INFO - [2025-04-28T21:02:33.444-0500] {override.py:1912} INFO - Created Permission View: can read on DAG:dataset_consumes_unknown_never_scheduled
[2025-04-28T21:02:33.456-0500] {logging_mixin.py:190} INFO - [2025-04-28T21:02:33.455-0500] {override.py:1912} INFO - Created Permission View: can delete on DAG:dataset_consumes_unknown_never_scheduled
[2025-04-28T21:02:33.489-0500] {logging_mixin.py:190} INFO - [2025-04-28T21:02:33.489-0500] {override.py:1912} INFO - Created Permission View: can create on DAG Run:dataset_consumes_unknown_never_scheduled
[2025-04-28T21:02:33.500-0500] {logging_mixin.py:190} INFO - [2025-04-28T21:02:33.500-0500] {override.py:1912} INFO - Created Permission View: can read on DAG Run:dataset_consumes_unknown_never_scheduled
[2025-04-28T21:02:33.522-0500] {logging_mixin.py:190} INFO - [2025-04-28T21:02:33.522-0500] {override.py:1912} INFO - Created Permission View: can delete on DAG Run:dataset_consumes_unknown_never_scheduled
[2025-04-28T21:02:33.578-0500] {logging_mixin.py:190} INFO - [2025-04-28T21:02:33.577-0500] {override.py:1912} INFO - Created Permission View: menu access on DAG Run:dataset_consumes_unknown_never_scheduled
[2025-04-28T21:02:33.603-0500] {logging_mixin.py:190} INFO - [2025-04-28T21:02:33.603-0500] {override.py:1912} INFO - Created Permission View: can edit on DAG:dataset_produces_2
[2025-04-28T21:02:33.615-0500] {logging_mixin.py:190} INFO - [2025-04-28T21:02:33.614-0500] {override.py:1912} INFO - Created Permission View: can read on DAG:dataset_produces_2
[2025-04-28T21:02:33.627-0500] {logging_mixin.py:190} INFO - [2025-04-28T21:02:33.627-0500] {override.py:1912} INFO - Created Permission View: can delete on DAG:dataset_produces_2
[2025-04-28T21:02:33.649-0500] {logging_mixin.py:190} INFO - [2025-04-28T21:02:33.648-0500] {override.py:1912} INFO - Created Permission View: can create on DAG Run:dataset_produces_2
[2025-04-28T21:02:33.663-0500] {logging_mixin.py:190} INFO - [2025-04-28T21:02:33.663-0500] {override.py:1912} INFO - Created Permission View: can read on DAG Run:dataset_produces_2
[2025-04-28T21:02:33.674-0500] {logging_mixin.py:190} INFO - [2025-04-28T21:02:33.674-0500] {override.py:1912} INFO - Created Permission View: can delete on DAG Run:dataset_produces_2
[2025-04-28T21:02:33.816-0500] {logging_mixin.py:190} INFO - [2025-04-28T21:02:33.816-0500] {override.py:1912} INFO - Created Permission View: menu access on DAG Run:dataset_produces_2
[2025-04-28T21:02:33.922-0500] {logging_mixin.py:190} INFO - [2025-04-28T21:02:33.921-0500] {override.py:1912} INFO - Created Permission View: can edit on DAG:consume_1_or_both_2_and_3_with_dataset_expressions
[2025-04-28T21:02:33.937-0500] {logging_mixin.py:190} INFO - [2025-04-28T21:02:33.937-0500] {override.py:1912} INFO - Created Permission View: can read on DAG:consume_1_or_both_2_and_3_with_dataset_expressions
[2025-04-28T21:02:33.949-0500] {logging_mixin.py:190} INFO - [2025-04-28T21:02:33.948-0500] {override.py:1912} INFO - Created Permission View: can delete on DAG:consume_1_or_both_2_and_3_with_dataset_expressions
[2025-04-28T21:02:33.970-0500] {logging_mixin.py:190} INFO - [2025-04-28T21:02:33.970-0500] {override.py:1912} INFO - Created Permission View: can create on DAG Run:consume_1_or_both_2_and_3_with_dataset_expressions
[2025-04-28T21:02:33.981-0500] {logging_mixin.py:190} INFO - [2025-04-28T21:02:33.981-0500] {override.py:1912} INFO - Created Permission View: can read on DAG Run:consume_1_or_both_2_and_3_with_dataset_expressions
[2025-04-28T21:02:34.010-0500] {logging_mixin.py:190} INFO - [2025-04-28T21:02:34.009-0500] {override.py:1912} INFO - Created Permission View: can delete on DAG Run:consume_1_or_both_2_and_3_with_dataset_expressions
[2025-04-28T21:02:34.021-0500] {logging_mixin.py:190} INFO - [2025-04-28T21:02:34.021-0500] {override.py:1912} INFO - Created Permission View: menu access on DAG Run:consume_1_or_both_2_and_3_with_dataset_expressions
[2025-04-28T21:02:34.163-0500] {logging_mixin.py:190} INFO - [2025-04-28T21:02:34.162-0500] {override.py:1912} INFO - Created Permission View: can edit on DAG:consume_1_and_2_with_dataset_expressions
[2025-04-28T21:02:34.174-0500] {logging_mixin.py:190} INFO - [2025-04-28T21:02:34.174-0500] {override.py:1912} INFO - Created Permission View: can read on DAG:consume_1_and_2_with_dataset_expressions
[2025-04-28T21:02:34.185-0500] {logging_mixin.py:190} INFO - [2025-04-28T21:02:34.185-0500] {override.py:1912} INFO - Created Permission View: can delete on DAG:consume_1_and_2_with_dataset_expressions
[2025-04-28T21:02:34.217-0500] {logging_mixin.py:190} INFO - [2025-04-28T21:02:34.216-0500] {override.py:1912} INFO - Created Permission View: can create on DAG Run:consume_1_and_2_with_dataset_expressions
[2025-04-28T21:02:34.229-0500] {logging_mixin.py:190} INFO - [2025-04-28T21:02:34.228-0500] {override.py:1912} INFO - Created Permission View: can read on DAG Run:consume_1_and_2_with_dataset_expressions
[2025-04-28T21:02:34.296-0500] {logging_mixin.py:190} INFO - [2025-04-28T21:02:34.296-0500] {override.py:1912} INFO - Created Permission View: can delete on DAG Run:consume_1_and_2_with_dataset_expressions
[2025-04-28T21:02:34.493-0500] {logging_mixin.py:190} INFO - [2025-04-28T21:02:34.492-0500] {override.py:1912} INFO - Created Permission View: menu access on DAG Run:consume_1_and_2_with_dataset_expressions
[2025-04-28T21:02:34.518-0500] {logging_mixin.py:190} INFO - [2025-04-28T21:02:34.518-0500] {override.py:1912} INFO - Created Permission View: can edit on DAG:dataset_consumes_1_never_scheduled
[2025-04-28T21:02:34.530-0500] {logging_mixin.py:190} INFO - [2025-04-28T21:02:34.530-0500] {override.py:1912} INFO - Created Permission View: can read on DAG:dataset_consumes_1_never_scheduled
[2025-04-28T21:02:34.542-0500] {logging_mixin.py:190} INFO - [2025-04-28T21:02:34.541-0500] {override.py:1912} INFO - Created Permission View: can delete on DAG:dataset_consumes_1_never_scheduled
[2025-04-28T21:02:34.563-0500] {logging_mixin.py:190} INFO - [2025-04-28T21:02:34.562-0500] {override.py:1912} INFO - Created Permission View: can create on DAG Run:dataset_consumes_1_never_scheduled
[2025-04-28T21:02:34.575-0500] {logging_mixin.py:190} INFO - [2025-04-28T21:02:34.575-0500] {override.py:1912} INFO - Created Permission View: can read on DAG Run:dataset_consumes_1_never_scheduled
[2025-04-28T21:02:34.587-0500] {logging_mixin.py:190} INFO - [2025-04-28T21:02:34.587-0500] {override.py:1912} INFO - Created Permission View: can delete on DAG Run:dataset_consumes_1_never_scheduled
[2025-04-28T21:02:34.598-0500] {logging_mixin.py:190} INFO - [2025-04-28T21:02:34.598-0500] {override.py:1912} INFO - Created Permission View: menu access on DAG Run:dataset_consumes_1_never_scheduled
[2025-04-28T21:02:34.660-0500] {logging_mixin.py:190} INFO - [2025-04-28T21:02:34.660-0500] {override.py:1912} INFO - Created Permission View: can edit on DAG:dataset_consumes_1_and_2
[2025-04-28T21:02:34.688-0500] {logging_mixin.py:190} INFO - [2025-04-28T21:02:34.688-0500] {override.py:1912} INFO - Created Permission View: can read on DAG:dataset_consumes_1_and_2
[2025-04-28T21:02:34.700-0500] {logging_mixin.py:190} INFO - [2025-04-28T21:02:34.699-0500] {override.py:1912} INFO - Created Permission View: can delete on DAG:dataset_consumes_1_and_2
[2025-04-28T21:02:34.720-0500] {logging_mixin.py:190} INFO - [2025-04-28T21:02:34.720-0500] {override.py:1912} INFO - Created Permission View: can create on DAG Run:dataset_consumes_1_and_2
[2025-04-28T21:02:34.733-0500] {logging_mixin.py:190} INFO - [2025-04-28T21:02:34.733-0500] {override.py:1912} INFO - Created Permission View: can read on DAG Run:dataset_consumes_1_and_2
[2025-04-28T21:02:34.747-0500] {logging_mixin.py:190} INFO - [2025-04-28T21:02:34.747-0500] {override.py:1912} INFO - Created Permission View: can delete on DAG Run:dataset_consumes_1_and_2
[2025-04-28T21:02:34.759-0500] {logging_mixin.py:190} INFO - [2025-04-28T21:02:34.759-0500] {override.py:1912} INFO - Created Permission View: menu access on DAG Run:dataset_consumes_1_and_2
[2025-04-28T21:02:34.787-0500] {logging_mixin.py:190} INFO - [2025-04-28T21:02:34.786-0500] {override.py:1912} INFO - Created Permission View: can edit on DAG:dataset_consumes_1
[2025-04-28T21:02:34.802-0500] {logging_mixin.py:190} INFO - [2025-04-28T21:02:34.802-0500] {override.py:1912} INFO - Created Permission View: can read on DAG:dataset_consumes_1
[2025-04-28T21:02:34.817-0500] {logging_mixin.py:190} INFO - [2025-04-28T21:02:34.817-0500] {override.py:1912} INFO - Created Permission View: can delete on DAG:dataset_consumes_1
[2025-04-28T21:02:34.841-0500] {logging_mixin.py:190} INFO - [2025-04-28T21:02:34.841-0500] {override.py:1912} INFO - Created Permission View: can create on DAG Run:dataset_consumes_1
[2025-04-28T21:02:34.853-0500] {logging_mixin.py:190} INFO - [2025-04-28T21:02:34.853-0500] {override.py:1912} INFO - Created Permission View: can read on DAG Run:dataset_consumes_1
[2025-04-28T21:02:34.865-0500] {logging_mixin.py:190} INFO - [2025-04-28T21:02:34.865-0500] {override.py:1912} INFO - Created Permission View: can delete on DAG Run:dataset_consumes_1
[2025-04-28T21:02:34.878-0500] {logging_mixin.py:190} INFO - [2025-04-28T21:02:34.878-0500] {override.py:1912} INFO - Created Permission View: menu access on DAG Run:dataset_consumes_1
[2025-04-28T21:02:34.878-0500] {logging_mixin.py:190} INFO - [2025-04-28T21:02:34.878-0500] {dag.py:3239} INFO - Sync 10 DAGs
[2025-04-28T21:02:34.887-0500] {logging_mixin.py:190} INFO - [2025-04-28T21:02:34.887-0500] {dag.py:3262} INFO - Creating ORM DAG for consume_1_and_2_with_dataset_expressions
[2025-04-28T21:02:34.888-0500] {logging_mixin.py:190} INFO - [2025-04-28T21:02:34.888-0500] {dag.py:3262} INFO - Creating ORM DAG for dataset_produces_2
[2025-04-28T21:02:34.888-0500] {logging_mixin.py:190} INFO - [2025-04-28T21:02:34.888-0500] {dag.py:3262} INFO - Creating ORM DAG for dataset_consumes_1_never_scheduled
[2025-04-28T21:02:34.888-0500] {logging_mixin.py:190} INFO - [2025-04-28T21:02:34.888-0500] {dag.py:3262} INFO - Creating ORM DAG for conditional_dataset_and_time_based_timetable
[2025-04-28T21:02:34.889-0500] {logging_mixin.py:190} INFO - [2025-04-28T21:02:34.889-0500] {dag.py:3262} INFO - Creating ORM DAG for dataset_consumes_1
[2025-04-28T21:02:34.889-0500] {logging_mixin.py:190} INFO - [2025-04-28T21:02:34.889-0500] {dag.py:3262} INFO - Creating ORM DAG for dataset_consumes_1_and_2
[2025-04-28T21:02:34.889-0500] {logging_mixin.py:190} INFO - [2025-04-28T21:02:34.889-0500] {dag.py:3262} INFO - Creating ORM DAG for consume_1_or_both_2_and_3_with_dataset_expressions
[2025-04-28T21:02:34.890-0500] {logging_mixin.py:190} INFO - [2025-04-28T21:02:34.889-0500] {dag.py:3262} INFO - Creating ORM DAG for consume_1_or_2_with_dataset_expressions
[2025-04-28T21:02:34.890-0500] {logging_mixin.py:190} INFO - [2025-04-28T21:02:34.890-0500] {dag.py:3262} INFO - Creating ORM DAG for dataset_produces_1
[2025-04-28T21:02:34.890-0500] {logging_mixin.py:190} INFO - [2025-04-28T21:02:34.890-0500] {dag.py:3262} INFO - Creating ORM DAG for dataset_consumes_unknown_never_scheduled
[2025-04-28T21:02:34.896-0500] {logging_mixin.py:190} INFO - [2025-04-28T21:02:34.896-0500] {dag.py:4180} INFO - Setting next_dagrun for conditional_dataset_and_time_based_timetable to 2025-04-23 01:00:00+00:00, run_after=2025-04-23 01:00:00+00:00
[2025-04-28T21:02:34.897-0500] {logging_mixin.py:190} INFO - [2025-04-28T21:02:34.897-0500] {dag.py:4180} INFO - Setting next_dagrun for consume_1_and_2_with_dataset_expressions to None, run_after=None
[2025-04-28T21:02:34.897-0500] {logging_mixin.py:190} INFO - [2025-04-28T21:02:34.897-0500] {dag.py:4180} INFO - Setting next_dagrun for consume_1_or_2_with_dataset_expressions to None, run_after=None
[2025-04-28T21:02:34.897-0500] {logging_mixin.py:190} INFO - [2025-04-28T21:02:34.897-0500] {dag.py:4180} INFO - Setting next_dagrun for consume_1_or_both_2_and_3_with_dataset_expressions to None, run_after=None
[2025-04-28T21:02:34.897-0500] {logging_mixin.py:190} INFO - [2025-04-28T21:02:34.897-0500] {dag.py:4180} INFO - Setting next_dagrun for dataset_consumes_1 to None, run_after=None
[2025-04-28T21:02:34.898-0500] {logging_mixin.py:190} INFO - [2025-04-28T21:02:34.898-0500] {dag.py:4180} INFO - Setting next_dagrun for dataset_consumes_1_and_2 to None, run_after=None
[2025-04-28T21:02:34.898-0500] {logging_mixin.py:190} INFO - [2025-04-28T21:02:34.898-0500] {dag.py:4180} INFO - Setting next_dagrun for dataset_consumes_1_never_scheduled to None, run_after=None
[2025-04-28T21:02:34.898-0500] {logging_mixin.py:190} INFO - [2025-04-28T21:02:34.898-0500] {dag.py:4180} INFO - Setting next_dagrun for dataset_consumes_unknown_never_scheduled to None, run_after=None
[2025-04-28T21:02:34.899-0500] {logging_mixin.py:190} INFO - [2025-04-28T21:02:34.899-0500] {dag.py:4180} INFO - Setting next_dagrun for dataset_produces_1 to 2025-04-28 00:00:00+00:00, run_after=2025-04-29 00:00:00+00:00
[2025-04-28T21:02:34.900-0500] {logging_mixin.py:190} INFO - [2025-04-28T21:02:34.900-0500] {dag.py:4180} INFO - Setting next_dagrun for dataset_produces_2 to None, run_after=None
[2025-04-28T21:02:34.931-0500] {processor.py:208} INFO - Processing /home/ares/anaconda3/envs/iqoptions_env/lib/python3.12/site-packages/airflow/example_dags/example_datasets.py took 2.273 seconds
[2025-04-28T21:03:41.094-0500] {processor.py:186} INFO - Started process (PID=17387) to work on /home/ares/anaconda3/envs/iqoptions_env/lib/python3.12/site-packages/airflow/example_dags/example_datasets.py
[2025-04-28T21:03:41.096-0500] {processor.py:914} INFO - Processing file /home/ares/anaconda3/envs/iqoptions_env/lib/python3.12/site-packages/airflow/example_dags/example_datasets.py for tasks to queue
[2025-04-28T21:03:41.098-0500] {logging_mixin.py:190} INFO - [2025-04-28T21:03:41.098-0500] {dagbag.py:588} INFO - Filling up the DagBag from /home/ares/anaconda3/envs/iqoptions_env/lib/python3.12/site-packages/airflow/example_dags/example_datasets.py
[2025-04-28T21:03:41.108-0500] {processor.py:925} INFO - DAG(s) 'dataset_consumes_1_and_2', 'dataset_consumes_unknown_never_scheduled', 'consume_1_and_2_with_dataset_expressions', 'dataset_produces_1', 'consume_1_or_2_with_dataset_expressions', 'dataset_consumes_1_never_scheduled', 'consume_1_or_both_2_and_3_with_dataset_expressions', 'dataset_produces_2', 'dataset_consumes_1', 'conditional_dataset_and_time_based_timetable' retrieved from /home/ares/anaconda3/envs/iqoptions_env/lib/python3.12/site-packages/airflow/example_dags/example_datasets.py
[2025-04-28T21:03:41.129-0500] {logging_mixin.py:190} INFO - [2025-04-28T21:03:41.129-0500] {dag.py:3239} INFO - Sync 10 DAGs
[2025-04-28T21:03:41.143-0500] {logging_mixin.py:190} INFO - [2025-04-28T21:03:41.143-0500] {dag.py:4180} INFO - Setting next_dagrun for conditional_dataset_and_time_based_timetable to 2025-04-23 01:00:00+00:00, run_after=2025-04-23 01:00:00+00:00
[2025-04-28T21:03:41.145-0500] {logging_mixin.py:190} INFO - [2025-04-28T21:03:41.145-0500] {dag.py:4180} INFO - Setting next_dagrun for consume_1_and_2_with_dataset_expressions to None, run_after=None
[2025-04-28T21:03:41.146-0500] {logging_mixin.py:190} INFO - [2025-04-28T21:03:41.146-0500] {dag.py:4180} INFO - Setting next_dagrun for consume_1_or_2_with_dataset_expressions to None, run_after=None
[2025-04-28T21:03:41.146-0500] {logging_mixin.py:190} INFO - [2025-04-28T21:03:41.146-0500] {dag.py:4180} INFO - Setting next_dagrun for consume_1_or_both_2_and_3_with_dataset_expressions to None, run_after=None
[2025-04-28T21:03:41.147-0500] {logging_mixin.py:190} INFO - [2025-04-28T21:03:41.147-0500] {dag.py:4180} INFO - Setting next_dagrun for dataset_consumes_1 to None, run_after=None
[2025-04-28T21:03:41.147-0500] {logging_mixin.py:190} INFO - [2025-04-28T21:03:41.147-0500] {dag.py:4180} INFO - Setting next_dagrun for dataset_consumes_1_and_2 to None, run_after=None
[2025-04-28T21:03:41.148-0500] {logging_mixin.py:190} INFO - [2025-04-28T21:03:41.147-0500] {dag.py:4180} INFO - Setting next_dagrun for dataset_consumes_1_never_scheduled to None, run_after=None
[2025-04-28T21:03:41.148-0500] {logging_mixin.py:190} INFO - [2025-04-28T21:03:41.148-0500] {dag.py:4180} INFO - Setting next_dagrun for dataset_consumes_unknown_never_scheduled to None, run_after=None
[2025-04-28T21:03:41.149-0500] {logging_mixin.py:190} INFO - [2025-04-28T21:03:41.149-0500] {dag.py:4180} INFO - Setting next_dagrun for dataset_produces_1 to 2025-04-28 00:00:00+00:00, run_after=2025-04-29 00:00:00+00:00
[2025-04-28T21:03:41.150-0500] {logging_mixin.py:190} INFO - [2025-04-28T21:03:41.150-0500] {dag.py:4180} INFO - Setting next_dagrun for dataset_produces_2 to None, run_after=None
[2025-04-28T21:03:41.178-0500] {processor.py:208} INFO - Processing /home/ares/anaconda3/envs/iqoptions_env/lib/python3.12/site-packages/airflow/example_dags/example_datasets.py took 0.090 seconds
[2025-04-28T21:04:33.158-0500] {processor.py:186} INFO - Started process (PID=17689) to work on /home/ares/anaconda3/envs/iqoptions_env/lib/python3.12/site-packages/airflow/example_dags/example_datasets.py
[2025-04-28T21:04:33.159-0500] {processor.py:914} INFO - Processing file /home/ares/anaconda3/envs/iqoptions_env/lib/python3.12/site-packages/airflow/example_dags/example_datasets.py for tasks to queue
[2025-04-28T21:04:33.161-0500] {logging_mixin.py:190} INFO - [2025-04-28T21:04:33.160-0500] {dagbag.py:588} INFO - Filling up the DagBag from /home/ares/anaconda3/envs/iqoptions_env/lib/python3.12/site-packages/airflow/example_dags/example_datasets.py
[2025-04-28T21:04:33.172-0500] {processor.py:925} INFO - DAG(s) 'dataset_consumes_unknown_never_scheduled', 'consume_1_or_both_2_and_3_with_dataset_expressions', 'consume_1_and_2_with_dataset_expressions', 'consume_1_or_2_with_dataset_expressions', 'dataset_consumes_1_and_2', 'dataset_produces_1', 'conditional_dataset_and_time_based_timetable', 'dataset_produces_2', 'dataset_consumes_1', 'dataset_consumes_1_never_scheduled' retrieved from /home/ares/anaconda3/envs/iqoptions_env/lib/python3.12/site-packages/airflow/example_dags/example_datasets.py
[2025-04-28T21:04:33.192-0500] {logging_mixin.py:190} INFO - [2025-04-28T21:04:33.192-0500] {dag.py:3239} INFO - Sync 10 DAGs
[2025-04-28T21:04:33.210-0500] {logging_mixin.py:190} INFO - [2025-04-28T21:04:33.210-0500] {dag.py:4180} INFO - Setting next_dagrun for conditional_dataset_and_time_based_timetable to 2025-04-23 01:00:00+00:00, run_after=2025-04-23 01:00:00+00:00
[2025-04-28T21:04:33.212-0500] {logging_mixin.py:190} INFO - [2025-04-28T21:04:33.212-0500] {dag.py:4180} INFO - Setting next_dagrun for consume_1_and_2_with_dataset_expressions to None, run_after=None
[2025-04-28T21:04:33.213-0500] {logging_mixin.py:190} INFO - [2025-04-28T21:04:33.212-0500] {dag.py:4180} INFO - Setting next_dagrun for consume_1_or_2_with_dataset_expressions to None, run_after=None
[2025-04-28T21:04:33.213-0500] {logging_mixin.py:190} INFO - [2025-04-28T21:04:33.213-0500] {dag.py:4180} INFO - Setting next_dagrun for consume_1_or_both_2_and_3_with_dataset_expressions to None, run_after=None
[2025-04-28T21:04:33.214-0500] {logging_mixin.py:190} INFO - [2025-04-28T21:04:33.214-0500] {dag.py:4180} INFO - Setting next_dagrun for dataset_consumes_1 to None, run_after=None
[2025-04-28T21:04:33.214-0500] {logging_mixin.py:190} INFO - [2025-04-28T21:04:33.214-0500] {dag.py:4180} INFO - Setting next_dagrun for dataset_consumes_1_and_2 to None, run_after=None
[2025-04-28T21:04:33.215-0500] {logging_mixin.py:190} INFO - [2025-04-28T21:04:33.215-0500] {dag.py:4180} INFO - Setting next_dagrun for dataset_consumes_1_never_scheduled to None, run_after=None
[2025-04-28T21:04:33.215-0500] {logging_mixin.py:190} INFO - [2025-04-28T21:04:33.215-0500] {dag.py:4180} INFO - Setting next_dagrun for dataset_consumes_unknown_never_scheduled to None, run_after=None
[2025-04-28T21:04:33.216-0500] {logging_mixin.py:190} INFO - [2025-04-28T21:04:33.216-0500] {dag.py:4180} INFO - Setting next_dagrun for dataset_produces_1 to 2025-04-28 00:00:00+00:00, run_after=2025-04-29 00:00:00+00:00
[2025-04-28T21:04:33.217-0500] {logging_mixin.py:190} INFO - [2025-04-28T21:04:33.217-0500] {dag.py:4180} INFO - Setting next_dagrun for dataset_produces_2 to None, run_after=None
[2025-04-28T21:04:33.241-0500] {processor.py:208} INFO - Processing /home/ares/anaconda3/envs/iqoptions_env/lib/python3.12/site-packages/airflow/example_dags/example_datasets.py took 0.086 seconds
