[2025-04-28T21:03:06.527-0500] {processor.py:186} INFO - Started process (PID=17169) to work on /home/ares/anaconda3/envs/iqoptions_env/lib/python3.12/site-packages/airflow/example_dags/example_python_operator.py
[2025-04-28T21:03:06.527-0500] {processor.py:914} INFO - Processing file /home/ares/anaconda3/envs/iqoptions_env/lib/python3.12/site-packages/airflow/example_dags/example_python_operator.py for tasks to queue
[2025-04-28T21:03:06.528-0500] {logging_mixin.py:190} INFO - [2025-04-28T21:03:06.528-0500] {dagbag.py:588} INFO - Filling up the DagBag from /home/ares/anaconda3/envs/iqoptions_env/lib/python3.12/site-packages/airflow/example_dags/example_python_operator.py
[2025-04-28T21:03:06.544-0500] {logging_mixin.py:190} INFO - [2025-04-28T21:03:06.544-0500] {example_python_operator.py:93} WARNING - The virtalenv_python example task requires virtualenv, please install it.
[2025-04-28T21:03:06.546-0500] {processor.py:925} INFO - DAG(s) 'example_python_operator' retrieved from /home/ares/anaconda3/envs/iqoptions_env/lib/python3.12/site-packages/airflow/example_dags/example_python_operator.py
[2025-04-28T21:03:06.636-0500] {logging_mixin.py:190} INFO - [2025-04-28T21:03:06.635-0500] {override.py:1912} INFO - Created Permission View: can edit on DAG:example_python_operator
[2025-04-28T21:03:06.653-0500] {logging_mixin.py:190} INFO - [2025-04-28T21:03:06.652-0500] {override.py:1912} INFO - Created Permission View: can read on DAG:example_python_operator
[2025-04-28T21:03:06.667-0500] {logging_mixin.py:190} INFO - [2025-04-28T21:03:06.667-0500] {override.py:1912} INFO - Created Permission View: can delete on DAG:example_python_operator
[2025-04-28T21:03:06.693-0500] {logging_mixin.py:190} INFO - [2025-04-28T21:03:06.693-0500] {override.py:1912} INFO - Created Permission View: can create on DAG Run:example_python_operator
[2025-04-28T21:03:06.705-0500] {logging_mixin.py:190} INFO - [2025-04-28T21:03:06.705-0500] {override.py:1912} INFO - Created Permission View: can read on DAG Run:example_python_operator
[2025-04-28T21:03:06.718-0500] {logging_mixin.py:190} INFO - [2025-04-28T21:03:06.718-0500] {override.py:1912} INFO - Created Permission View: can delete on DAG Run:example_python_operator
[2025-04-28T21:03:06.730-0500] {logging_mixin.py:190} INFO - [2025-04-28T21:03:06.730-0500] {override.py:1912} INFO - Created Permission View: menu access on DAG Run:example_python_operator
[2025-04-28T21:03:06.731-0500] {logging_mixin.py:190} INFO - [2025-04-28T21:03:06.730-0500] {dag.py:3239} INFO - Sync 1 DAGs
[2025-04-28T21:03:06.738-0500] {logging_mixin.py:190} INFO - [2025-04-28T21:03:06.737-0500] {dag.py:3262} INFO - Creating ORM DAG for example_python_operator
[2025-04-28T21:03:06.738-0500] {logging_mixin.py:190} INFO - [2025-04-28T21:03:06.738-0500] {dag.py:4180} INFO - Setting next_dagrun for example_python_operator to None, run_after=None
[2025-04-28T21:03:06.762-0500] {processor.py:208} INFO - Processing /home/ares/anaconda3/envs/iqoptions_env/lib/python3.12/site-packages/airflow/example_dags/example_python_operator.py took 0.238 seconds
[2025-04-28T21:04:06.234-0500] {processor.py:186} INFO - Started process (PID=17631) to work on /home/ares/anaconda3/envs/iqoptions_env/lib/python3.12/site-packages/airflow/example_dags/example_python_operator.py
[2025-04-28T21:04:06.235-0500] {processor.py:914} INFO - Processing file /home/ares/anaconda3/envs/iqoptions_env/lib/python3.12/site-packages/airflow/example_dags/example_python_operator.py for tasks to queue
[2025-04-28T21:04:06.237-0500] {logging_mixin.py:190} INFO - [2025-04-28T21:04:06.236-0500] {dagbag.py:588} INFO - Filling up the DagBag from /home/ares/anaconda3/envs/iqoptions_env/lib/python3.12/site-packages/airflow/example_dags/example_python_operator.py
[2025-04-28T21:04:06.251-0500] {logging_mixin.py:190} INFO - [2025-04-28T21:04:06.251-0500] {example_python_operator.py:93} WARNING - The virtalenv_python example task requires virtualenv, please install it.
[2025-04-28T21:04:06.253-0500] {processor.py:925} INFO - DAG(s) 'example_python_operator' retrieved from /home/ares/anaconda3/envs/iqoptions_env/lib/python3.12/site-packages/airflow/example_dags/example_python_operator.py
[2025-04-28T21:04:06.263-0500] {logging_mixin.py:190} INFO - [2025-04-28T21:04:06.263-0500] {dag.py:3239} INFO - Sync 1 DAGs
[2025-04-28T21:04:06.271-0500] {logging_mixin.py:190} INFO - [2025-04-28T21:04:06.270-0500] {dag.py:4180} INFO - Setting next_dagrun for example_python_operator to None, run_after=None
[2025-04-28T21:04:06.289-0500] {processor.py:208} INFO - Processing /home/ares/anaconda3/envs/iqoptions_env/lib/python3.12/site-packages/airflow/example_dags/example_python_operator.py took 0.059 seconds
[2025-04-28T21:05:00.436-0500] {processor.py:186} INFO - Started process (PID=17815) to work on /home/ares/anaconda3/envs/iqoptions_env/lib/python3.12/site-packages/airflow/example_dags/example_python_operator.py
[2025-04-28T21:05:00.439-0500] {processor.py:914} INFO - Processing file /home/ares/anaconda3/envs/iqoptions_env/lib/python3.12/site-packages/airflow/example_dags/example_python_operator.py for tasks to queue
[2025-04-28T21:05:00.440-0500] {logging_mixin.py:190} INFO - [2025-04-28T21:05:00.440-0500] {dagbag.py:588} INFO - Filling up the DagBag from /home/ares/anaconda3/envs/iqoptions_env/lib/python3.12/site-packages/airflow/example_dags/example_python_operator.py
[2025-04-28T21:05:00.459-0500] {logging_mixin.py:190} INFO - [2025-04-28T21:05:00.459-0500] {example_python_operator.py:93} WARNING - The virtalenv_python example task requires virtualenv, please install it.
[2025-04-28T21:05:00.462-0500] {processor.py:925} INFO - DAG(s) 'example_python_operator' retrieved from /home/ares/anaconda3/envs/iqoptions_env/lib/python3.12/site-packages/airflow/example_dags/example_python_operator.py
[2025-04-28T21:05:00.475-0500] {logging_mixin.py:190} INFO - [2025-04-28T21:05:00.474-0500] {dag.py:3239} INFO - Sync 1 DAGs
[2025-04-28T21:05:00.484-0500] {logging_mixin.py:190} INFO - [2025-04-28T21:05:00.483-0500] {dag.py:4180} INFO - Setting next_dagrun for example_python_operator to None, run_after=None
[2025-04-28T21:05:00.507-0500] {processor.py:208} INFO - Processing /home/ares/anaconda3/envs/iqoptions_env/lib/python3.12/site-packages/airflow/example_dags/example_python_operator.py took 0.075 seconds
