[2025-04-28T21:03:28.969-0500] {processor.py:186} INFO - Started process (PID=17228) to work on /home/ares/anaconda3/envs/iqoptions_env/lib/python3.12/site-packages/airflow/example_dags/example_trigger_controller_dag.py
[2025-04-28T21:03:28.970-0500] {processor.py:914} INFO - Processing file /home/ares/anaconda3/envs/iqoptions_env/lib/python3.12/site-packages/airflow/example_dags/example_trigger_controller_dag.py for tasks to queue
[2025-04-28T21:03:28.971-0500] {logging_mixin.py:190} INFO - [2025-04-28T21:03:28.971-0500] {dagbag.py:588} INFO - Filling up the DagBag from /home/ares/anaconda3/envs/iqoptions_env/lib/python3.12/site-packages/airflow/example_dags/example_trigger_controller_dag.py
[2025-04-28T21:03:28.975-0500] {processor.py:925} INFO - DAG(s) 'example_trigger_controller_dag' retrieved from /home/ares/anaconda3/envs/iqoptions_env/lib/python3.12/site-packages/airflow/example_dags/example_trigger_controller_dag.py
[2025-04-28T21:03:29.055-0500] {logging_mixin.py:190} INFO - [2025-04-28T21:03:29.055-0500] {override.py:1912} INFO - Created Permission View: can edit on DAG:example_trigger_controller_dag
[2025-04-28T21:03:29.069-0500] {logging_mixin.py:190} INFO - [2025-04-28T21:03:29.069-0500] {override.py:1912} INFO - Created Permission View: can read on DAG:example_trigger_controller_dag
[2025-04-28T21:03:29.082-0500] {logging_mixin.py:190} INFO - [2025-04-28T21:03:29.082-0500] {override.py:1912} INFO - Created Permission View: can delete on DAG:example_trigger_controller_dag
[2025-04-28T21:03:29.107-0500] {logging_mixin.py:190} INFO - [2025-04-28T21:03:29.107-0500] {override.py:1912} INFO - Created Permission View: can create on DAG Run:example_trigger_controller_dag
[2025-04-28T21:03:29.119-0500] {logging_mixin.py:190} INFO - [2025-04-28T21:03:29.119-0500] {override.py:1912} INFO - Created Permission View: can read on DAG Run:example_trigger_controller_dag
[2025-04-28T21:03:29.135-0500] {logging_mixin.py:190} INFO - [2025-04-28T21:03:29.134-0500] {override.py:1912} INFO - Created Permission View: can delete on DAG Run:example_trigger_controller_dag
[2025-04-28T21:03:29.150-0500] {logging_mixin.py:190} INFO - [2025-04-28T21:03:29.149-0500] {override.py:1912} INFO - Created Permission View: menu access on DAG Run:example_trigger_controller_dag
[2025-04-28T21:03:29.150-0500] {logging_mixin.py:190} INFO - [2025-04-28T21:03:29.150-0500] {dag.py:3239} INFO - Sync 1 DAGs
[2025-04-28T21:03:29.158-0500] {logging_mixin.py:190} INFO - [2025-04-28T21:03:29.157-0500] {dag.py:3262} INFO - Creating ORM DAG for example_trigger_controller_dag
[2025-04-28T21:03:29.162-0500] {logging_mixin.py:190} INFO - [2025-04-28T21:03:29.162-0500] {dag.py:4180} INFO - Setting next_dagrun for example_trigger_controller_dag to 2021-01-01 00:00:00+00:00, run_after=2021-01-01 00:00:00+00:00
[2025-04-28T21:03:29.184-0500] {processor.py:208} INFO - Processing /home/ares/anaconda3/envs/iqoptions_env/lib/python3.12/site-packages/airflow/example_dags/example_trigger_controller_dag.py took 0.218 seconds
[2025-04-28T21:04:24.812-0500] {processor.py:186} INFO - Started process (PID=17674) to work on /home/ares/anaconda3/envs/iqoptions_env/lib/python3.12/site-packages/airflow/example_dags/example_trigger_controller_dag.py
[2025-04-28T21:04:24.813-0500] {processor.py:914} INFO - Processing file /home/ares/anaconda3/envs/iqoptions_env/lib/python3.12/site-packages/airflow/example_dags/example_trigger_controller_dag.py for tasks to queue
[2025-04-28T21:04:24.814-0500] {logging_mixin.py:190} INFO - [2025-04-28T21:04:24.814-0500] {dagbag.py:588} INFO - Filling up the DagBag from /home/ares/anaconda3/envs/iqoptions_env/lib/python3.12/site-packages/airflow/example_dags/example_trigger_controller_dag.py
[2025-04-28T21:04:24.818-0500] {processor.py:925} INFO - DAG(s) 'example_trigger_controller_dag' retrieved from /home/ares/anaconda3/envs/iqoptions_env/lib/python3.12/site-packages/airflow/example_dags/example_trigger_controller_dag.py
[2025-04-28T21:04:24.828-0500] {logging_mixin.py:190} INFO - [2025-04-28T21:04:24.828-0500] {dag.py:3239} INFO - Sync 1 DAGs
[2025-04-28T21:04:24.839-0500] {logging_mixin.py:190} INFO - [2025-04-28T21:04:24.839-0500] {dag.py:4180} INFO - Setting next_dagrun for example_trigger_controller_dag to 2021-01-01 00:00:00+00:00, run_after=2021-01-01 00:00:00+00:00
[2025-04-28T21:04:24.860-0500] {processor.py:208} INFO - Processing /home/ares/anaconda3/envs/iqoptions_env/lib/python3.12/site-packages/airflow/example_dags/example_trigger_controller_dag.py took 0.052 seconds
[2025-04-28T21:05:18.877-0500] {processor.py:186} INFO - Started process (PID=17865) to work on /home/ares/anaconda3/envs/iqoptions_env/lib/python3.12/site-packages/airflow/example_dags/example_trigger_controller_dag.py
[2025-04-28T21:05:18.878-0500] {processor.py:914} INFO - Processing file /home/ares/anaconda3/envs/iqoptions_env/lib/python3.12/site-packages/airflow/example_dags/example_trigger_controller_dag.py for tasks to queue
[2025-04-28T21:05:18.880-0500] {logging_mixin.py:190} INFO - [2025-04-28T21:05:18.880-0500] {dagbag.py:588} INFO - Filling up the DagBag from /home/ares/anaconda3/envs/iqoptions_env/lib/python3.12/site-packages/airflow/example_dags/example_trigger_controller_dag.py
[2025-04-28T21:05:18.886-0500] {processor.py:925} INFO - DAG(s) 'example_trigger_controller_dag' retrieved from /home/ares/anaconda3/envs/iqoptions_env/lib/python3.12/site-packages/airflow/example_dags/example_trigger_controller_dag.py
[2025-04-28T21:05:18.897-0500] {logging_mixin.py:190} INFO - [2025-04-28T21:05:18.897-0500] {dag.py:3239} INFO - Sync 1 DAGs
[2025-04-28T21:05:18.913-0500] {logging_mixin.py:190} INFO - [2025-04-28T21:05:18.913-0500] {dag.py:4180} INFO - Setting next_dagrun for example_trigger_controller_dag to 2021-01-01 00:00:00+00:00, run_after=2021-01-01 00:00:00+00:00
[2025-04-28T21:05:18.935-0500] {processor.py:208} INFO - Processing /home/ares/anaconda3/envs/iqoptions_env/lib/python3.12/site-packages/airflow/example_dags/example_trigger_controller_dag.py took 0.063 seconds
