[2025-04-28T21:03:03.803-0500] {processor.py:186} INFO - Started process (PID=17157) to work on /home/ares/anaconda3/envs/iqoptions_env/lib/python3.12/site-packages/airflow/example_dags/example_dynamic_task_mapping_with_no_taskflow_operators.py
[2025-04-28T21:03:03.803-0500] {processor.py:914} INFO - Processing file /home/ares/anaconda3/envs/iqoptions_env/lib/python3.12/site-packages/airflow/example_dags/example_dynamic_task_mapping_with_no_taskflow_operators.py for tasks to queue
[2025-04-28T21:03:03.804-0500] {logging_mixin.py:190} INFO - [2025-04-28T21:03:03.804-0500] {dagbag.py:588} INFO - Filling up the DagBag from /home/ares/anaconda3/envs/iqoptions_env/lib/python3.12/site-packages/airflow/example_dags/example_dynamic_task_mapping_with_no_taskflow_operators.py
[2025-04-28T21:03:03.810-0500] {processor.py:925} INFO - DAG(s) 'example_dynamic_task_mapping_with_no_taskflow_operators' retrieved from /home/ares/anaconda3/envs/iqoptions_env/lib/python3.12/site-packages/airflow/example_dags/example_dynamic_task_mapping_with_no_taskflow_operators.py
[2025-04-28T21:03:03.896-0500] {logging_mixin.py:190} INFO - [2025-04-28T21:03:03.895-0500] {override.py:1912} INFO - Created Permission View: can edit on DAG:example_dynamic_task_mapping_with_no_taskflow_operators
[2025-04-28T21:03:03.911-0500] {logging_mixin.py:190} INFO - [2025-04-28T21:03:03.911-0500] {override.py:1912} INFO - Created Permission View: can read on DAG:example_dynamic_task_mapping_with_no_taskflow_operators
[2025-04-28T21:03:03.925-0500] {logging_mixin.py:190} INFO - [2025-04-28T21:03:03.925-0500] {override.py:1912} INFO - Created Permission View: can delete on DAG:example_dynamic_task_mapping_with_no_taskflow_operators
[2025-04-28T21:03:03.946-0500] {logging_mixin.py:190} INFO - [2025-04-28T21:03:03.946-0500] {override.py:1912} INFO - Created Permission View: can create on DAG Run:example_dynamic_task_mapping_with_no_taskflow_operators
[2025-04-28T21:03:03.958-0500] {logging_mixin.py:190} INFO - [2025-04-28T21:03:03.958-0500] {override.py:1912} INFO - Created Permission View: can read on DAG Run:example_dynamic_task_mapping_with_no_taskflow_operators
[2025-04-28T21:03:03.970-0500] {logging_mixin.py:190} INFO - [2025-04-28T21:03:03.969-0500] {override.py:1912} INFO - Created Permission View: can delete on DAG Run:example_dynamic_task_mapping_with_no_taskflow_operators
[2025-04-28T21:03:03.981-0500] {logging_mixin.py:190} INFO - [2025-04-28T21:03:03.981-0500] {override.py:1912} INFO - Created Permission View: menu access on DAG Run:example_dynamic_task_mapping_with_no_taskflow_operators
[2025-04-28T21:03:03.981-0500] {logging_mixin.py:190} INFO - [2025-04-28T21:03:03.981-0500] {dag.py:3239} INFO - Sync 1 DAGs
[2025-04-28T21:03:03.989-0500] {logging_mixin.py:190} INFO - [2025-04-28T21:03:03.989-0500] {dag.py:3262} INFO - Creating ORM DAG for example_dynamic_task_mapping_with_no_taskflow_operators
[2025-04-28T21:03:03.990-0500] {logging_mixin.py:190} INFO - [2025-04-28T21:03:03.990-0500] {dag.py:4180} INFO - Setting next_dagrun for example_dynamic_task_mapping_with_no_taskflow_operators to None, run_after=None
[2025-04-28T21:03:04.016-0500] {processor.py:208} INFO - Processing /home/ares/anaconda3/envs/iqoptions_env/lib/python3.12/site-packages/airflow/example_dags/example_dynamic_task_mapping_with_no_taskflow_operators.py took 0.216 seconds
[2025-04-28T21:04:04.813-0500] {processor.py:186} INFO - Started process (PID=17623) to work on /home/ares/anaconda3/envs/iqoptions_env/lib/python3.12/site-packages/airflow/example_dags/example_dynamic_task_mapping_with_no_taskflow_operators.py
[2025-04-28T21:04:04.813-0500] {processor.py:914} INFO - Processing file /home/ares/anaconda3/envs/iqoptions_env/lib/python3.12/site-packages/airflow/example_dags/example_dynamic_task_mapping_with_no_taskflow_operators.py for tasks to queue
[2025-04-28T21:04:04.815-0500] {logging_mixin.py:190} INFO - [2025-04-28T21:04:04.814-0500] {dagbag.py:588} INFO - Filling up the DagBag from /home/ares/anaconda3/envs/iqoptions_env/lib/python3.12/site-packages/airflow/example_dags/example_dynamic_task_mapping_with_no_taskflow_operators.py
[2025-04-28T21:04:04.820-0500] {processor.py:925} INFO - DAG(s) 'example_dynamic_task_mapping_with_no_taskflow_operators' retrieved from /home/ares/anaconda3/envs/iqoptions_env/lib/python3.12/site-packages/airflow/example_dags/example_dynamic_task_mapping_with_no_taskflow_operators.py
[2025-04-28T21:04:04.833-0500] {logging_mixin.py:190} INFO - [2025-04-28T21:04:04.833-0500] {dag.py:3239} INFO - Sync 1 DAGs
[2025-04-28T21:04:04.841-0500] {logging_mixin.py:190} INFO - [2025-04-28T21:04:04.841-0500] {dag.py:4180} INFO - Setting next_dagrun for example_dynamic_task_mapping_with_no_taskflow_operators to None, run_after=None
[2025-04-28T21:04:04.862-0500] {processor.py:208} INFO - Processing /home/ares/anaconda3/envs/iqoptions_env/lib/python3.12/site-packages/airflow/example_dags/example_dynamic_task_mapping_with_no_taskflow_operators.py took 0.053 seconds
[2025-04-28T21:04:59.528-0500] {processor.py:186} INFO - Started process (PID=17813) to work on /home/ares/anaconda3/envs/iqoptions_env/lib/python3.12/site-packages/airflow/example_dags/example_dynamic_task_mapping_with_no_taskflow_operators.py
[2025-04-28T21:04:59.529-0500] {processor.py:914} INFO - Processing file /home/ares/anaconda3/envs/iqoptions_env/lib/python3.12/site-packages/airflow/example_dags/example_dynamic_task_mapping_with_no_taskflow_operators.py for tasks to queue
[2025-04-28T21:04:59.530-0500] {logging_mixin.py:190} INFO - [2025-04-28T21:04:59.530-0500] {dagbag.py:588} INFO - Filling up the DagBag from /home/ares/anaconda3/envs/iqoptions_env/lib/python3.12/site-packages/airflow/example_dags/example_dynamic_task_mapping_with_no_taskflow_operators.py
[2025-04-28T21:04:59.535-0500] {processor.py:925} INFO - DAG(s) 'example_dynamic_task_mapping_with_no_taskflow_operators' retrieved from /home/ares/anaconda3/envs/iqoptions_env/lib/python3.12/site-packages/airflow/example_dags/example_dynamic_task_mapping_with_no_taskflow_operators.py
[2025-04-28T21:04:59.547-0500] {logging_mixin.py:190} INFO - [2025-04-28T21:04:59.547-0500] {dag.py:3239} INFO - Sync 1 DAGs
[2025-04-28T21:04:59.554-0500] {logging_mixin.py:190} INFO - [2025-04-28T21:04:59.554-0500] {dag.py:4180} INFO - Setting next_dagrun for example_dynamic_task_mapping_with_no_taskflow_operators to None, run_after=None
[2025-04-28T21:04:59.577-0500] {processor.py:208} INFO - Processing /home/ares/anaconda3/envs/iqoptions_env/lib/python3.12/site-packages/airflow/example_dags/example_dynamic_task_mapping_with_no_taskflow_operators.py took 0.053 seconds
