[2025-04-28T21:02:45.816-0500] {processor.py:186} INFO - Started process (PID=17067) to work on /home/ares/anaconda3/envs/iqoptions_env/lib/python3.12/site-packages/airflow/example_dags/example_bash_operator.py
[2025-04-28T21:02:45.816-0500] {processor.py:914} INFO - Processing file /home/ares/anaconda3/envs/iqoptions_env/lib/python3.12/site-packages/airflow/example_dags/example_bash_operator.py for tasks to queue
[2025-04-28T21:02:45.818-0500] {logging_mixin.py:190} INFO - [2025-04-28T21:02:45.818-0500] {dagbag.py:588} INFO - Filling up the DagBag from /home/ares/anaconda3/envs/iqoptions_env/lib/python3.12/site-packages/airflow/example_dags/example_bash_operator.py
[2025-04-28T21:02:45.827-0500] {processor.py:925} INFO - DAG(s) 'example_bash_operator' retrieved from /home/ares/anaconda3/envs/iqoptions_env/lib/python3.12/site-packages/airflow/example_dags/example_bash_operator.py
[2025-04-28T21:02:45.918-0500] {logging_mixin.py:190} INFO - [2025-04-28T21:02:45.918-0500] {override.py:1912} INFO - Created Permission View: can edit on DAG:example_bash_operator
[2025-04-28T21:02:45.934-0500] {logging_mixin.py:190} INFO - [2025-04-28T21:02:45.934-0500] {override.py:1912} INFO - Created Permission View: can read on DAG:example_bash_operator
[2025-04-28T21:02:45.946-0500] {logging_mixin.py:190} INFO - [2025-04-28T21:02:45.946-0500] {override.py:1912} INFO - Created Permission View: can delete on DAG:example_bash_operator
[2025-04-28T21:02:45.967-0500] {logging_mixin.py:190} INFO - [2025-04-28T21:02:45.966-0500] {override.py:1912} INFO - Created Permission View: can create on DAG Run:example_bash_operator
[2025-04-28T21:02:45.978-0500] {logging_mixin.py:190} INFO - [2025-04-28T21:02:45.978-0500] {override.py:1912} INFO - Created Permission View: can read on DAG Run:example_bash_operator
[2025-04-28T21:02:45.993-0500] {logging_mixin.py:190} INFO - [2025-04-28T21:02:45.992-0500] {override.py:1912} INFO - Created Permission View: can delete on DAG Run:example_bash_operator
[2025-04-28T21:02:46.004-0500] {logging_mixin.py:190} INFO - [2025-04-28T21:02:46.004-0500] {override.py:1912} INFO - Created Permission View: menu access on DAG Run:example_bash_operator
[2025-04-28T21:02:46.005-0500] {logging_mixin.py:190} INFO - [2025-04-28T21:02:46.004-0500] {dag.py:3239} INFO - Sync 1 DAGs
[2025-04-28T21:02:46.013-0500] {logging_mixin.py:190} INFO - [2025-04-28T21:02:46.013-0500] {dag.py:3262} INFO - Creating ORM DAG for example_bash_operator
[2025-04-28T21:02:46.019-0500] {logging_mixin.py:190} INFO - [2025-04-28T21:02:46.019-0500] {dag.py:4180} INFO - Setting next_dagrun for example_bash_operator to 2025-04-28 00:00:00+00:00, run_after=2025-04-29 00:00:00+00:00
[2025-04-28T21:02:46.039-0500] {processor.py:208} INFO - Processing /home/ares/anaconda3/envs/iqoptions_env/lib/python3.12/site-packages/airflow/example_dags/example_bash_operator.py took 0.226 seconds
[2025-04-28T21:03:49.513-0500] {processor.py:186} INFO - Started process (PID=17527) to work on /home/ares/anaconda3/envs/iqoptions_env/lib/python3.12/site-packages/airflow/example_dags/example_bash_operator.py
[2025-04-28T21:03:49.520-0500] {processor.py:914} INFO - Processing file /home/ares/anaconda3/envs/iqoptions_env/lib/python3.12/site-packages/airflow/example_dags/example_bash_operator.py for tasks to queue
[2025-04-28T21:03:49.521-0500] {logging_mixin.py:190} INFO - [2025-04-28T21:03:49.521-0500] {dagbag.py:588} INFO - Filling up the DagBag from /home/ares/anaconda3/envs/iqoptions_env/lib/python3.12/site-packages/airflow/example_dags/example_bash_operator.py
[2025-04-28T21:03:49.531-0500] {processor.py:925} INFO - DAG(s) 'example_bash_operator' retrieved from /home/ares/anaconda3/envs/iqoptions_env/lib/python3.12/site-packages/airflow/example_dags/example_bash_operator.py
[2025-04-28T21:03:49.547-0500] {logging_mixin.py:190} INFO - [2025-04-28T21:03:49.547-0500] {dag.py:3239} INFO - Sync 1 DAGs
[2025-04-28T21:03:49.572-0500] {logging_mixin.py:190} INFO - [2025-04-28T21:03:49.572-0500] {dag.py:4180} INFO - Setting next_dagrun for example_bash_operator to 2025-04-28 00:00:00+00:00, run_after=2025-04-29 00:00:00+00:00
[2025-04-28T21:03:49.595-0500] {processor.py:208} INFO - Processing /home/ares/anaconda3/envs/iqoptions_env/lib/python3.12/site-packages/airflow/example_dags/example_bash_operator.py took 0.085 seconds
[2025-04-28T21:04:40.159-0500] {processor.py:186} INFO - Started process (PID=17769) to work on /home/ares/anaconda3/envs/iqoptions_env/lib/python3.12/site-packages/airflow/example_dags/example_bash_operator.py
[2025-04-28T21:04:40.161-0500] {processor.py:914} INFO - Processing file /home/ares/anaconda3/envs/iqoptions_env/lib/python3.12/site-packages/airflow/example_dags/example_bash_operator.py for tasks to queue
[2025-04-28T21:04:40.162-0500] {logging_mixin.py:190} INFO - [2025-04-28T21:04:40.162-0500] {dagbag.py:588} INFO - Filling up the DagBag from /home/ares/anaconda3/envs/iqoptions_env/lib/python3.12/site-packages/airflow/example_dags/example_bash_operator.py
[2025-04-28T21:04:40.171-0500] {processor.py:925} INFO - DAG(s) 'example_bash_operator' retrieved from /home/ares/anaconda3/envs/iqoptions_env/lib/python3.12/site-packages/airflow/example_dags/example_bash_operator.py
[2025-04-28T21:04:40.185-0500] {logging_mixin.py:190} INFO - [2025-04-28T21:04:40.184-0500] {dag.py:3239} INFO - Sync 1 DAGs
[2025-04-28T21:04:40.199-0500] {logging_mixin.py:190} INFO - [2025-04-28T21:04:40.199-0500] {dag.py:4180} INFO - Setting next_dagrun for example_bash_operator to 2025-04-28 00:00:00+00:00, run_after=2025-04-29 00:00:00+00:00
[2025-04-28T21:04:40.220-0500] {processor.py:208} INFO - Processing /home/ares/anaconda3/envs/iqoptions_env/lib/python3.12/site-packages/airflow/example_dags/example_bash_operator.py took 0.064 seconds
