[2025-04-28T21:02:57.841-0500] {processor.py:186} INFO - Started process (PID=17143) to work on /home/ares/anaconda3/envs/iqoptions_env/lib/python3.12/site-packages/airflow/example_dags/example_workday_timetable.py
[2025-04-28T21:02:57.842-0500] {processor.py:914} INFO - Processing file /home/ares/anaconda3/envs/iqoptions_env/lib/python3.12/site-packages/airflow/example_dags/example_workday_timetable.py for tasks to queue
[2025-04-28T21:02:57.843-0500] {logging_mixin.py:190} INFO - [2025-04-28T21:02:57.843-0500] {dagbag.py:588} INFO - Filling up the DagBag from /home/ares/anaconda3/envs/iqoptions_env/lib/python3.12/site-packages/airflow/example_dags/example_workday_timetable.py
[2025-04-28T21:02:57.848-0500] {processor.py:925} INFO - DAG(s) 'example_workday_timetable' retrieved from /home/ares/anaconda3/envs/iqoptions_env/lib/python3.12/site-packages/airflow/example_dags/example_workday_timetable.py
[2025-04-28T21:02:57.930-0500] {logging_mixin.py:190} INFO - [2025-04-28T21:02:57.929-0500] {override.py:1912} INFO - Created Permission View: can edit on DAG:example_workday_timetable
[2025-04-28T21:02:57.945-0500] {logging_mixin.py:190} INFO - [2025-04-28T21:02:57.944-0500] {override.py:1912} INFO - Created Permission View: can read on DAG:example_workday_timetable
[2025-04-28T21:02:57.956-0500] {logging_mixin.py:190} INFO - [2025-04-28T21:02:57.956-0500] {override.py:1912} INFO - Created Permission View: can delete on DAG:example_workday_timetable
[2025-04-28T21:02:57.976-0500] {logging_mixin.py:190} INFO - [2025-04-28T21:02:57.976-0500] {override.py:1912} INFO - Created Permission View: can create on DAG Run:example_workday_timetable
[2025-04-28T21:02:57.989-0500] {logging_mixin.py:190} INFO - [2025-04-28T21:02:57.988-0500] {override.py:1912} INFO - Created Permission View: can read on DAG Run:example_workday_timetable
[2025-04-28T21:02:58.000-0500] {logging_mixin.py:190} INFO - [2025-04-28T21:02:58.000-0500] {override.py:1912} INFO - Created Permission View: can delete on DAG Run:example_workday_timetable
[2025-04-28T21:02:58.012-0500] {logging_mixin.py:190} INFO - [2025-04-28T21:02:58.012-0500] {override.py:1912} INFO - Created Permission View: menu access on DAG Run:example_workday_timetable
[2025-04-28T21:02:58.012-0500] {logging_mixin.py:190} INFO - [2025-04-28T21:02:58.012-0500] {dag.py:3239} INFO - Sync 1 DAGs
[2025-04-28T21:02:58.021-0500] {logging_mixin.py:190} INFO - [2025-04-28T21:02:58.021-0500] {dag.py:3262} INFO - Creating ORM DAG for example_workday_timetable
[2025-04-28T21:02:58.057-0500] {logging_mixin.py:190} INFO - [2025-04-28T21:02:58.057-0500] {dag.py:4180} INFO - Setting next_dagrun for example_workday_timetable to 2021-01-04 00:00:00+00:00, run_after=2021-01-05 00:00:00+00:00
[2025-04-28T21:02:58.077-0500] {processor.py:208} INFO - Processing /home/ares/anaconda3/envs/iqoptions_env/lib/python3.12/site-packages/airflow/example_dags/example_workday_timetable.py took 0.239 seconds
[2025-04-28T21:03:58.232-0500] {processor.py:186} INFO - Started process (PID=17610) to work on /home/ares/anaconda3/envs/iqoptions_env/lib/python3.12/site-packages/airflow/example_dags/example_workday_timetable.py
[2025-04-28T21:03:58.233-0500] {processor.py:914} INFO - Processing file /home/ares/anaconda3/envs/iqoptions_env/lib/python3.12/site-packages/airflow/example_dags/example_workday_timetable.py for tasks to queue
[2025-04-28T21:03:58.235-0500] {logging_mixin.py:190} INFO - [2025-04-28T21:03:58.235-0500] {dagbag.py:588} INFO - Filling up the DagBag from /home/ares/anaconda3/envs/iqoptions_env/lib/python3.12/site-packages/airflow/example_dags/example_workday_timetable.py
[2025-04-28T21:03:58.239-0500] {processor.py:925} INFO - DAG(s) 'example_workday_timetable' retrieved from /home/ares/anaconda3/envs/iqoptions_env/lib/python3.12/site-packages/airflow/example_dags/example_workday_timetable.py
[2025-04-28T21:03:58.248-0500] {logging_mixin.py:190} INFO - [2025-04-28T21:03:58.248-0500] {dag.py:3239} INFO - Sync 1 DAGs
[2025-04-28T21:03:58.279-0500] {logging_mixin.py:190} INFO - [2025-04-28T21:03:58.279-0500] {dag.py:4180} INFO - Setting next_dagrun for example_workday_timetable to 2021-01-04 00:00:00+00:00, run_after=2021-01-05 00:00:00+00:00
[2025-04-28T21:03:58.300-0500] {processor.py:208} INFO - Processing /home/ares/anaconda3/envs/iqoptions_env/lib/python3.12/site-packages/airflow/example_dags/example_workday_timetable.py took 0.072 seconds
[2025-04-28T21:04:49.714-0500] {processor.py:186} INFO - Started process (PID=17791) to work on /home/ares/anaconda3/envs/iqoptions_env/lib/python3.12/site-packages/airflow/example_dags/example_workday_timetable.py
[2025-04-28T21:04:49.715-0500] {processor.py:914} INFO - Processing file /home/ares/anaconda3/envs/iqoptions_env/lib/python3.12/site-packages/airflow/example_dags/example_workday_timetable.py for tasks to queue
[2025-04-28T21:04:49.716-0500] {logging_mixin.py:190} INFO - [2025-04-28T21:04:49.716-0500] {dagbag.py:588} INFO - Filling up the DagBag from /home/ares/anaconda3/envs/iqoptions_env/lib/python3.12/site-packages/airflow/example_dags/example_workday_timetable.py
[2025-04-28T21:04:49.722-0500] {processor.py:925} INFO - DAG(s) 'example_workday_timetable' retrieved from /home/ares/anaconda3/envs/iqoptions_env/lib/python3.12/site-packages/airflow/example_dags/example_workday_timetable.py
[2025-04-28T21:04:49.731-0500] {logging_mixin.py:190} INFO - [2025-04-28T21:04:49.731-0500] {dag.py:3239} INFO - Sync 1 DAGs
[2025-04-28T21:04:49.767-0500] {logging_mixin.py:190} INFO - [2025-04-28T21:04:49.767-0500] {dag.py:4180} INFO - Setting next_dagrun for example_workday_timetable to 2021-01-04 00:00:00+00:00, run_after=2021-01-05 00:00:00+00:00
[2025-04-28T21:04:49.789-0500] {processor.py:208} INFO - Processing /home/ares/anaconda3/envs/iqoptions_env/lib/python3.12/site-packages/airflow/example_dags/example_workday_timetable.py took 0.078 seconds
