[2025-04-28T21:03:01.678-0500] {processor.py:186} INFO - Started process (PID=17148) to work on /home/ares/anaconda3/envs/iqoptions_env/lib/python3.12/site-packages/airflow/example_dags/example_short_circuit_operator.py
[2025-04-28T21:03:01.679-0500] {processor.py:914} INFO - Processing file /home/ares/anaconda3/envs/iqoptions_env/lib/python3.12/site-packages/airflow/example_dags/example_short_circuit_operator.py for tasks to queue
[2025-04-28T21:03:01.680-0500] {logging_mixin.py:190} INFO - [2025-04-28T21:03:01.680-0500] {dagbag.py:588} INFO - Filling up the DagBag from /home/ares/anaconda3/envs/iqoptions_env/lib/python3.12/site-packages/airflow/example_dags/example_short_circuit_operator.py
[2025-04-28T21:03:01.686-0500] {processor.py:925} INFO - DAG(s) 'example_short_circuit_operator' retrieved from /home/ares/anaconda3/envs/iqoptions_env/lib/python3.12/site-packages/airflow/example_dags/example_short_circuit_operator.py
[2025-04-28T21:03:01.786-0500] {logging_mixin.py:190} INFO - [2025-04-28T21:03:01.784-0500] {override.py:1912} INFO - Created Permission View: can edit on DAG:example_short_circuit_operator
[2025-04-28T21:03:01.801-0500] {logging_mixin.py:190} INFO - [2025-04-28T21:03:01.801-0500] {override.py:1912} INFO - Created Permission View: can read on DAG:example_short_circuit_operator
[2025-04-28T21:03:01.817-0500] {logging_mixin.py:190} INFO - [2025-04-28T21:03:01.817-0500] {override.py:1912} INFO - Created Permission View: can delete on DAG:example_short_circuit_operator
[2025-04-28T21:03:01.843-0500] {logging_mixin.py:190} INFO - [2025-04-28T21:03:01.843-0500] {override.py:1912} INFO - Created Permission View: can create on DAG Run:example_short_circuit_operator
[2025-04-28T21:03:01.855-0500] {logging_mixin.py:190} INFO - [2025-04-28T21:03:01.855-0500] {override.py:1912} INFO - Created Permission View: can read on DAG Run:example_short_circuit_operator
[2025-04-28T21:03:01.874-0500] {logging_mixin.py:190} INFO - [2025-04-28T21:03:01.874-0500] {override.py:1912} INFO - Created Permission View: can delete on DAG Run:example_short_circuit_operator
[2025-04-28T21:03:01.886-0500] {logging_mixin.py:190} INFO - [2025-04-28T21:03:01.885-0500] {override.py:1912} INFO - Created Permission View: menu access on DAG Run:example_short_circuit_operator
[2025-04-28T21:03:01.886-0500] {logging_mixin.py:190} INFO - [2025-04-28T21:03:01.886-0500] {dag.py:3239} INFO - Sync 1 DAGs
[2025-04-28T21:03:01.895-0500] {logging_mixin.py:190} INFO - [2025-04-28T21:03:01.895-0500] {dag.py:3262} INFO - Creating ORM DAG for example_short_circuit_operator
[2025-04-28T21:03:01.895-0500] {logging_mixin.py:190} INFO - [2025-04-28T21:03:01.895-0500] {dag.py:4180} INFO - Setting next_dagrun for example_short_circuit_operator to None, run_after=None
[2025-04-28T21:03:01.919-0500] {processor.py:208} INFO - Processing /home/ares/anaconda3/envs/iqoptions_env/lib/python3.12/site-packages/airflow/example_dags/example_short_circuit_operator.py took 0.244 seconds
[2025-04-28T21:04:01.356-0500] {processor.py:186} INFO - Started process (PID=17620) to work on /home/ares/anaconda3/envs/iqoptions_env/lib/python3.12/site-packages/airflow/example_dags/example_short_circuit_operator.py
[2025-04-28T21:04:01.356-0500] {processor.py:914} INFO - Processing file /home/ares/anaconda3/envs/iqoptions_env/lib/python3.12/site-packages/airflow/example_dags/example_short_circuit_operator.py for tasks to queue
[2025-04-28T21:04:01.358-0500] {logging_mixin.py:190} INFO - [2025-04-28T21:04:01.357-0500] {dagbag.py:588} INFO - Filling up the DagBag from /home/ares/anaconda3/envs/iqoptions_env/lib/python3.12/site-packages/airflow/example_dags/example_short_circuit_operator.py
[2025-04-28T21:04:01.367-0500] {processor.py:925} INFO - DAG(s) 'example_short_circuit_operator' retrieved from /home/ares/anaconda3/envs/iqoptions_env/lib/python3.12/site-packages/airflow/example_dags/example_short_circuit_operator.py
[2025-04-28T21:04:01.378-0500] {logging_mixin.py:190} INFO - [2025-04-28T21:04:01.378-0500] {dag.py:3239} INFO - Sync 1 DAGs
[2025-04-28T21:04:01.386-0500] {logging_mixin.py:190} INFO - [2025-04-28T21:04:01.386-0500] {dag.py:4180} INFO - Setting next_dagrun for example_short_circuit_operator to None, run_after=None
[2025-04-28T21:04:01.405-0500] {processor.py:208} INFO - Processing /home/ares/anaconda3/envs/iqoptions_env/lib/python3.12/site-packages/airflow/example_dags/example_short_circuit_operator.py took 0.052 seconds
[2025-04-28T21:04:53.711-0500] {processor.py:186} INFO - Started process (PID=17801) to work on /home/ares/anaconda3/envs/iqoptions_env/lib/python3.12/site-packages/airflow/example_dags/example_short_circuit_operator.py
[2025-04-28T21:04:53.713-0500] {processor.py:914} INFO - Processing file /home/ares/anaconda3/envs/iqoptions_env/lib/python3.12/site-packages/airflow/example_dags/example_short_circuit_operator.py for tasks to queue
[2025-04-28T21:04:53.714-0500] {logging_mixin.py:190} INFO - [2025-04-28T21:04:53.714-0500] {dagbag.py:588} INFO - Filling up the DagBag from /home/ares/anaconda3/envs/iqoptions_env/lib/python3.12/site-packages/airflow/example_dags/example_short_circuit_operator.py
[2025-04-28T21:04:53.720-0500] {processor.py:925} INFO - DAG(s) 'example_short_circuit_operator' retrieved from /home/ares/anaconda3/envs/iqoptions_env/lib/python3.12/site-packages/airflow/example_dags/example_short_circuit_operator.py
[2025-04-28T21:04:53.732-0500] {logging_mixin.py:190} INFO - [2025-04-28T21:04:53.732-0500] {dag.py:3239} INFO - Sync 1 DAGs
[2025-04-28T21:04:53.739-0500] {logging_mixin.py:190} INFO - [2025-04-28T21:04:53.739-0500] {dag.py:4180} INFO - Setting next_dagrun for example_short_circuit_operator to None, run_after=None
[2025-04-28T21:04:53.768-0500] {processor.py:208} INFO - Processing /home/ares/anaconda3/envs/iqoptions_env/lib/python3.12/site-packages/airflow/example_dags/example_short_circuit_operator.py took 0.060 seconds
