[2025-04-28T21:03:17.175-0500] {processor.py:186} INFO - Started process (PID=17198) to work on /home/ares/anaconda3/envs/iqoptions_env/lib/python3.12/site-packages/airflow/example_dags/example_branch_python_dop_operator_3.py
[2025-04-28T21:03:17.175-0500] {processor.py:914} INFO - Processing file /home/ares/anaconda3/envs/iqoptions_env/lib/python3.12/site-packages/airflow/example_dags/example_branch_python_dop_operator_3.py for tasks to queue
[2025-04-28T21:03:17.176-0500] {logging_mixin.py:190} INFO - [2025-04-28T21:03:17.176-0500] {dagbag.py:588} INFO - Filling up the DagBag from /home/ares/anaconda3/envs/iqoptions_env/lib/python3.12/site-packages/airflow/example_dags/example_branch_python_dop_operator_3.py
[2025-04-28T21:03:17.186-0500] {processor.py:925} INFO - DAG(s) 'example_branch_dop_operator_v3' retrieved from /home/ares/anaconda3/envs/iqoptions_env/lib/python3.12/site-packages/airflow/example_dags/example_branch_python_dop_operator_3.py
[2025-04-28T21:03:17.267-0500] {logging_mixin.py:190} INFO - [2025-04-28T21:03:17.266-0500] {override.py:1912} INFO - Created Permission View: can edit on DAG:example_branch_dop_operator_v3
[2025-04-28T21:03:17.281-0500] {logging_mixin.py:190} INFO - [2025-04-28T21:03:17.281-0500] {override.py:1912} INFO - Created Permission View: can read on DAG:example_branch_dop_operator_v3
[2025-04-28T21:03:17.295-0500] {logging_mixin.py:190} INFO - [2025-04-28T21:03:17.294-0500] {override.py:1912} INFO - Created Permission View: can delete on DAG:example_branch_dop_operator_v3
[2025-04-28T21:03:17.315-0500] {logging_mixin.py:190} INFO - [2025-04-28T21:03:17.315-0500] {override.py:1912} INFO - Created Permission View: can create on DAG Run:example_branch_dop_operator_v3
[2025-04-28T21:03:17.328-0500] {logging_mixin.py:190} INFO - [2025-04-28T21:03:17.328-0500] {override.py:1912} INFO - Created Permission View: can read on DAG Run:example_branch_dop_operator_v3
[2025-04-28T21:03:17.340-0500] {logging_mixin.py:190} INFO - [2025-04-28T21:03:17.340-0500] {override.py:1912} INFO - Created Permission View: can delete on DAG Run:example_branch_dop_operator_v3
[2025-04-28T21:03:17.353-0500] {logging_mixin.py:190} INFO - [2025-04-28T21:03:17.352-0500] {override.py:1912} INFO - Created Permission View: menu access on DAG Run:example_branch_dop_operator_v3
[2025-04-28T21:03:17.353-0500] {logging_mixin.py:190} INFO - [2025-04-28T21:03:17.353-0500] {dag.py:3239} INFO - Sync 1 DAGs
[2025-04-28T21:03:17.360-0500] {logging_mixin.py:190} INFO - [2025-04-28T21:03:17.360-0500] {dag.py:3262} INFO - Creating ORM DAG for example_branch_dop_operator_v3
[2025-04-28T21:03:17.368-0500] {logging_mixin.py:190} INFO - [2025-04-28T21:03:17.368-0500] {dag.py:4180} INFO - Setting next_dagrun for example_branch_dop_operator_v3 to 2025-04-29 02:02:00+00:00, run_after=2025-04-29 02:03:00+00:00
[2025-04-28T21:03:17.391-0500] {processor.py:208} INFO - Processing /home/ares/anaconda3/envs/iqoptions_env/lib/python3.12/site-packages/airflow/example_dags/example_branch_python_dop_operator_3.py took 0.219 seconds
[2025-04-28T21:04:14.537-0500] {processor.py:186} INFO - Started process (PID=17652) to work on /home/ares/anaconda3/envs/iqoptions_env/lib/python3.12/site-packages/airflow/example_dags/example_branch_python_dop_operator_3.py
[2025-04-28T21:04:14.538-0500] {processor.py:914} INFO - Processing file /home/ares/anaconda3/envs/iqoptions_env/lib/python3.12/site-packages/airflow/example_dags/example_branch_python_dop_operator_3.py for tasks to queue
[2025-04-28T21:04:14.539-0500] {logging_mixin.py:190} INFO - [2025-04-28T21:04:14.539-0500] {dagbag.py:588} INFO - Filling up the DagBag from /home/ares/anaconda3/envs/iqoptions_env/lib/python3.12/site-packages/airflow/example_dags/example_branch_python_dop_operator_3.py
[2025-04-28T21:04:14.545-0500] {processor.py:925} INFO - DAG(s) 'example_branch_dop_operator_v3' retrieved from /home/ares/anaconda3/envs/iqoptions_env/lib/python3.12/site-packages/airflow/example_dags/example_branch_python_dop_operator_3.py
[2025-04-28T21:04:14.556-0500] {logging_mixin.py:190} INFO - [2025-04-28T21:04:14.556-0500] {dag.py:3239} INFO - Sync 1 DAGs
[2025-04-28T21:04:14.569-0500] {logging_mixin.py:190} INFO - [2025-04-28T21:04:14.569-0500] {dag.py:4180} INFO - Setting next_dagrun for example_branch_dop_operator_v3 to 2025-04-29 02:03:00+00:00, run_after=2025-04-29 02:04:00+00:00
[2025-04-28T21:04:14.589-0500] {processor.py:208} INFO - Processing /home/ares/anaconda3/envs/iqoptions_env/lib/python3.12/site-packages/airflow/example_dags/example_branch_python_dop_operator_3.py took 0.056 seconds
[2025-04-28T21:05:09.741-0500] {processor.py:186} INFO - Started process (PID=17839) to work on /home/ares/anaconda3/envs/iqoptions_env/lib/python3.12/site-packages/airflow/example_dags/example_branch_python_dop_operator_3.py
[2025-04-28T21:05:09.742-0500] {processor.py:914} INFO - Processing file /home/ares/anaconda3/envs/iqoptions_env/lib/python3.12/site-packages/airflow/example_dags/example_branch_python_dop_operator_3.py for tasks to queue
[2025-04-28T21:05:09.744-0500] {logging_mixin.py:190} INFO - [2025-04-28T21:05:09.743-0500] {dagbag.py:588} INFO - Filling up the DagBag from /home/ares/anaconda3/envs/iqoptions_env/lib/python3.12/site-packages/airflow/example_dags/example_branch_python_dop_operator_3.py
[2025-04-28T21:05:09.752-0500] {processor.py:925} INFO - DAG(s) 'example_branch_dop_operator_v3' retrieved from /home/ares/anaconda3/envs/iqoptions_env/lib/python3.12/site-packages/airflow/example_dags/example_branch_python_dop_operator_3.py
[2025-04-28T21:05:09.765-0500] {logging_mixin.py:190} INFO - [2025-04-28T21:05:09.765-0500] {dag.py:3239} INFO - Sync 1 DAGs
[2025-04-28T21:05:09.781-0500] {logging_mixin.py:190} INFO - [2025-04-28T21:05:09.781-0500] {dag.py:4180} INFO - Setting next_dagrun for example_branch_dop_operator_v3 to 2025-04-29 02:04:00+00:00, run_after=2025-04-29 02:05:00+00:00
[2025-04-28T21:05:09.803-0500] {processor.py:208} INFO - Processing /home/ares/anaconda3/envs/iqoptions_env/lib/python3.12/site-packages/airflow/example_dags/example_branch_python_dop_operator_3.py took 0.065 seconds
