[2025-04-28T21:02:31.738-0500] {processor.py:186} INFO - Started process (PID=16860) to work on /home/ares/anaconda3/envs/iqoptions_env/lib/python3.12/site-packages/airflow/example_dags/example_external_task_marker_dag.py
[2025-04-28T21:02:31.739-0500] {processor.py:914} INFO - Processing file /home/ares/anaconda3/envs/iqoptions_env/lib/python3.12/site-packages/airflow/example_dags/example_external_task_marker_dag.py for tasks to queue
[2025-04-28T21:02:31.742-0500] {logging_mixin.py:190} INFO - [2025-04-28T21:02:31.742-0500] {dagbag.py:588} INFO - Filling up the DagBag from /home/ares/anaconda3/envs/iqoptions_env/lib/python3.12/site-packages/airflow/example_dags/example_external_task_marker_dag.py
[2025-04-28T21:02:31.752-0500] {processor.py:925} INFO - DAG(s) 'example_external_task_marker_parent', 'example_external_task_marker_child' retrieved from /home/ares/anaconda3/envs/iqoptions_env/lib/python3.12/site-packages/airflow/example_dags/example_external_task_marker_dag.py
[2025-04-28T21:02:31.869-0500] {logging_mixin.py:190} INFO - [2025-04-28T21:02:31.868-0500] {override.py:1912} INFO - Created Permission View: can edit on DAG:example_external_task_marker_parent
[2025-04-28T21:02:31.897-0500] {logging_mixin.py:190} INFO - [2025-04-28T21:02:31.896-0500] {override.py:1912} INFO - Created Permission View: can read on DAG:example_external_task_marker_parent
[2025-04-28T21:02:31.911-0500] {logging_mixin.py:190} INFO - [2025-04-28T21:02:31.911-0500] {override.py:1912} INFO - Created Permission View: can delete on DAG:example_external_task_marker_parent
[2025-04-28T21:02:31.943-0500] {logging_mixin.py:190} INFO - [2025-04-28T21:02:31.943-0500] {override.py:1912} INFO - Created Permission View: can create on DAG Run:example_external_task_marker_parent
[2025-04-28T21:02:31.966-0500] {logging_mixin.py:190} INFO - [2025-04-28T21:02:31.965-0500] {override.py:1912} INFO - Created Permission View: can read on DAG Run:example_external_task_marker_parent
[2025-04-28T21:02:31.979-0500] {logging_mixin.py:190} INFO - [2025-04-28T21:02:31.979-0500] {override.py:1912} INFO - Created Permission View: can delete on DAG Run:example_external_task_marker_parent
[2025-04-28T21:02:31.996-0500] {logging_mixin.py:190} INFO - [2025-04-28T21:02:31.996-0500] {override.py:1912} INFO - Created Permission View: menu access on DAG Run:example_external_task_marker_parent
[2025-04-28T21:02:32.031-0500] {logging_mixin.py:190} INFO - [2025-04-28T21:02:32.031-0500] {override.py:1912} INFO - Created Permission View: can edit on DAG:example_external_task_marker_child
[2025-04-28T21:02:32.046-0500] {logging_mixin.py:190} INFO - [2025-04-28T21:02:32.045-0500] {override.py:1912} INFO - Created Permission View: can read on DAG:example_external_task_marker_child
[2025-04-28T21:02:32.061-0500] {logging_mixin.py:190} INFO - [2025-04-28T21:02:32.061-0500] {override.py:1912} INFO - Created Permission View: can delete on DAG:example_external_task_marker_child
[2025-04-28T21:02:32.086-0500] {logging_mixin.py:190} INFO - [2025-04-28T21:02:32.085-0500] {override.py:1912} INFO - Created Permission View: can create on DAG Run:example_external_task_marker_child
[2025-04-28T21:02:32.104-0500] {logging_mixin.py:190} INFO - [2025-04-28T21:02:32.103-0500] {override.py:1912} INFO - Created Permission View: can read on DAG Run:example_external_task_marker_child
[2025-04-28T21:02:32.125-0500] {logging_mixin.py:190} INFO - [2025-04-28T21:02:32.120-0500] {override.py:1912} INFO - Created Permission View: can delete on DAG Run:example_external_task_marker_child
[2025-04-28T21:02:32.140-0500] {logging_mixin.py:190} INFO - [2025-04-28T21:02:32.140-0500] {override.py:1912} INFO - Created Permission View: menu access on DAG Run:example_external_task_marker_child
[2025-04-28T21:02:32.140-0500] {logging_mixin.py:190} INFO - [2025-04-28T21:02:32.140-0500] {dag.py:3239} INFO - Sync 2 DAGs
[2025-04-28T21:02:32.149-0500] {logging_mixin.py:190} INFO - [2025-04-28T21:02:32.148-0500] {dag.py:3262} INFO - Creating ORM DAG for example_external_task_marker_child
[2025-04-28T21:02:32.149-0500] {logging_mixin.py:190} INFO - [2025-04-28T21:02:32.149-0500] {dag.py:3262} INFO - Creating ORM DAG for example_external_task_marker_parent
[2025-04-28T21:02:32.150-0500] {logging_mixin.py:190} INFO - [2025-04-28T21:02:32.150-0500] {dag.py:4180} INFO - Setting next_dagrun for example_external_task_marker_child to None, run_after=None
[2025-04-28T21:02:32.150-0500] {logging_mixin.py:190} INFO - [2025-04-28T21:02:32.150-0500] {dag.py:4180} INFO - Setting next_dagrun for example_external_task_marker_parent to None, run_after=None
[2025-04-28T21:02:31.348-0500] {processor.py:208} INFO - Processing /home/ares/anaconda3/envs/iqoptions_env/lib/python3.12/site-packages/airflow/example_dags/example_external_task_marker_dag.py took 0.446 seconds
[2025-04-28T21:03:40.541-0500] {processor.py:186} INFO - Started process (PID=17386) to work on /home/ares/anaconda3/envs/iqoptions_env/lib/python3.12/site-packages/airflow/example_dags/example_external_task_marker_dag.py
[2025-04-28T21:03:40.543-0500] {processor.py:914} INFO - Processing file /home/ares/anaconda3/envs/iqoptions_env/lib/python3.12/site-packages/airflow/example_dags/example_external_task_marker_dag.py for tasks to queue
[2025-04-28T21:03:40.547-0500] {logging_mixin.py:190} INFO - [2025-04-28T21:03:40.547-0500] {dagbag.py:588} INFO - Filling up the DagBag from /home/ares/anaconda3/envs/iqoptions_env/lib/python3.12/site-packages/airflow/example_dags/example_external_task_marker_dag.py
[2025-04-28T21:03:40.553-0500] {processor.py:925} INFO - DAG(s) 'example_external_task_marker_child', 'example_external_task_marker_parent' retrieved from /home/ares/anaconda3/envs/iqoptions_env/lib/python3.12/site-packages/airflow/example_dags/example_external_task_marker_dag.py
[2025-04-28T21:03:40.575-0500] {logging_mixin.py:190} INFO - [2025-04-28T21:03:40.575-0500] {dag.py:3239} INFO - Sync 2 DAGs
[2025-04-28T21:03:40.585-0500] {logging_mixin.py:190} INFO - [2025-04-28T21:03:40.585-0500] {dag.py:4180} INFO - Setting next_dagrun for example_external_task_marker_child to None, run_after=None
[2025-04-28T21:03:40.587-0500] {logging_mixin.py:190} INFO - [2025-04-28T21:03:40.587-0500] {dag.py:4180} INFO - Setting next_dagrun for example_external_task_marker_parent to None, run_after=None
[2025-04-28T21:03:40.605-0500] {processor.py:208} INFO - Processing /home/ares/anaconda3/envs/iqoptions_env/lib/python3.12/site-packages/airflow/example_dags/example_external_task_marker_dag.py took 0.069 seconds
[2025-04-28T21:04:32.000-0500] {processor.py:186} INFO - Started process (PID=17688) to work on /home/ares/anaconda3/envs/iqoptions_env/lib/python3.12/site-packages/airflow/example_dags/example_external_task_marker_dag.py
[2025-04-28T21:04:32.001-0500] {processor.py:914} INFO - Processing file /home/ares/anaconda3/envs/iqoptions_env/lib/python3.12/site-packages/airflow/example_dags/example_external_task_marker_dag.py for tasks to queue
[2025-04-28T21:04:32.002-0500] {logging_mixin.py:190} INFO - [2025-04-28T21:04:32.002-0500] {dagbag.py:588} INFO - Filling up the DagBag from /home/ares/anaconda3/envs/iqoptions_env/lib/python3.12/site-packages/airflow/example_dags/example_external_task_marker_dag.py
[2025-04-28T21:04:32.008-0500] {processor.py:925} INFO - DAG(s) 'example_external_task_marker_parent', 'example_external_task_marker_child' retrieved from /home/ares/anaconda3/envs/iqoptions_env/lib/python3.12/site-packages/airflow/example_dags/example_external_task_marker_dag.py
[2025-04-28T21:04:32.022-0500] {logging_mixin.py:190} INFO - [2025-04-28T21:04:32.022-0500] {dag.py:3239} INFO - Sync 2 DAGs
[2025-04-28T21:04:32.032-0500] {logging_mixin.py:190} INFO - [2025-04-28T21:04:32.032-0500] {dag.py:4180} INFO - Setting next_dagrun for example_external_task_marker_child to None, run_after=None
[2025-04-28T21:04:32.035-0500] {logging_mixin.py:190} INFO - [2025-04-28T21:04:32.035-0500] {dag.py:4180} INFO - Setting next_dagrun for example_external_task_marker_parent to None, run_after=None
[2025-04-28T21:04:32.054-0500] {processor.py:208} INFO - Processing /home/ares/anaconda3/envs/iqoptions_env/lib/python3.12/site-packages/airflow/example_dags/example_external_task_marker_dag.py took 0.057 seconds
[2025-04-28T21:05:21.754-0500] {processor.py:186} INFO - Started process (PID=17872) to work on /home/ares/anaconda3/envs/iqoptions_env/lib/python3.12/site-packages/airflow/example_dags/example_external_task_marker_dag.py
[2025-04-28T21:05:21.755-0500] {processor.py:914} INFO - Processing file /home/ares/anaconda3/envs/iqoptions_env/lib/python3.12/site-packages/airflow/example_dags/example_external_task_marker_dag.py for tasks to queue
[2025-04-28T21:05:21.756-0500] {logging_mixin.py:190} INFO - [2025-04-28T21:05:21.755-0500] {dagbag.py:588} INFO - Filling up the DagBag from /home/ares/anaconda3/envs/iqoptions_env/lib/python3.12/site-packages/airflow/example_dags/example_external_task_marker_dag.py
[2025-04-28T21:05:21.761-0500] {processor.py:925} INFO - DAG(s) 'example_external_task_marker_parent', 'example_external_task_marker_child' retrieved from /home/ares/anaconda3/envs/iqoptions_env/lib/python3.12/site-packages/airflow/example_dags/example_external_task_marker_dag.py
[2025-04-28T21:05:21.772-0500] {logging_mixin.py:190} INFO - [2025-04-28T21:05:21.772-0500] {dag.py:3239} INFO - Sync 2 DAGs
[2025-04-28T21:05:21.780-0500] {logging_mixin.py:190} INFO - [2025-04-28T21:05:21.780-0500] {dag.py:4180} INFO - Setting next_dagrun for example_external_task_marker_child to None, run_after=None
[2025-04-28T21:05:21.782-0500] {logging_mixin.py:190} INFO - [2025-04-28T21:05:21.782-0500] {dag.py:4180} INFO - Setting next_dagrun for example_external_task_marker_parent to None, run_after=None
[2025-04-28T21:05:21.799-0500] {processor.py:208} INFO - Processing /home/ares/anaconda3/envs/iqoptions_env/lib/python3.12/site-packages/airflow/example_dags/example_external_task_marker_dag.py took 0.049 seconds
