[2025-04-28T21:03:05.171-0500] {processor.py:186} INFO - Started process (PID=17162) to work on /home/ares/anaconda3/envs/iqoptions_env/lib/python3.12/site-packages/airflow/example_dags/example_task_group_decorator.py
[2025-04-28T21:03:05.171-0500] {processor.py:914} INFO - Processing file /home/ares/anaconda3/envs/iqoptions_env/lib/python3.12/site-packages/airflow/example_dags/example_task_group_decorator.py for tasks to queue
[2025-04-28T21:03:05.173-0500] {logging_mixin.py:190} INFO - [2025-04-28T21:03:05.172-0500] {dagbag.py:588} INFO - Filling up the DagBag from /home/ares/anaconda3/envs/iqoptions_env/lib/python3.12/site-packages/airflow/example_dags/example_task_group_decorator.py
[2025-04-28T21:03:05.183-0500] {processor.py:925} INFO - DAG(s) 'example_task_group_decorator' retrieved from /home/ares/anaconda3/envs/iqoptions_env/lib/python3.12/site-packages/airflow/example_dags/example_task_group_decorator.py
[2025-04-28T21:03:05.267-0500] {logging_mixin.py:190} INFO - [2025-04-28T21:03:05.266-0500] {override.py:1912} INFO - Created Permission View: can edit on DAG:example_task_group_decorator
[2025-04-28T21:03:05.283-0500] {logging_mixin.py:190} INFO - [2025-04-28T21:03:05.282-0500] {override.py:1912} INFO - Created Permission View: can read on DAG:example_task_group_decorator
[2025-04-28T21:03:05.304-0500] {logging_mixin.py:190} INFO - [2025-04-28T21:03:05.303-0500] {override.py:1912} INFO - Created Permission View: can delete on DAG:example_task_group_decorator
[2025-04-28T21:03:05.329-0500] {logging_mixin.py:190} INFO - [2025-04-28T21:03:05.328-0500] {override.py:1912} INFO - Created Permission View: can create on DAG Run:example_task_group_decorator
[2025-04-28T21:03:05.342-0500] {logging_mixin.py:190} INFO - [2025-04-28T21:03:05.341-0500] {override.py:1912} INFO - Created Permission View: can read on DAG Run:example_task_group_decorator
[2025-04-28T21:03:05.355-0500] {logging_mixin.py:190} INFO - [2025-04-28T21:03:05.355-0500] {override.py:1912} INFO - Created Permission View: can delete on DAG Run:example_task_group_decorator
[2025-04-28T21:03:05.367-0500] {logging_mixin.py:190} INFO - [2025-04-28T21:03:05.367-0500] {override.py:1912} INFO - Created Permission View: menu access on DAG Run:example_task_group_decorator
[2025-04-28T21:03:05.367-0500] {logging_mixin.py:190} INFO - [2025-04-28T21:03:05.367-0500] {dag.py:3239} INFO - Sync 1 DAGs
[2025-04-28T21:03:05.375-0500] {logging_mixin.py:190} INFO - [2025-04-28T21:03:05.375-0500] {dag.py:3262} INFO - Creating ORM DAG for example_task_group_decorator
[2025-04-28T21:03:05.375-0500] {logging_mixin.py:190} INFO - [2025-04-28T21:03:05.375-0500] {dag.py:4180} INFO - Setting next_dagrun for example_task_group_decorator to None, run_after=None
[2025-04-28T21:03:05.398-0500] {processor.py:208} INFO - Processing /home/ares/anaconda3/envs/iqoptions_env/lib/python3.12/site-packages/airflow/example_dags/example_task_group_decorator.py took 0.231 seconds
[2025-04-28T21:04:05.078-0500] {processor.py:186} INFO - Started process (PID=17624) to work on /home/ares/anaconda3/envs/iqoptions_env/lib/python3.12/site-packages/airflow/example_dags/example_task_group_decorator.py
[2025-04-28T21:04:05.080-0500] {processor.py:914} INFO - Processing file /home/ares/anaconda3/envs/iqoptions_env/lib/python3.12/site-packages/airflow/example_dags/example_task_group_decorator.py for tasks to queue
[2025-04-28T21:04:05.081-0500] {logging_mixin.py:190} INFO - [2025-04-28T21:04:05.081-0500] {dagbag.py:588} INFO - Filling up the DagBag from /home/ares/anaconda3/envs/iqoptions_env/lib/python3.12/site-packages/airflow/example_dags/example_task_group_decorator.py
[2025-04-28T21:04:05.091-0500] {processor.py:925} INFO - DAG(s) 'example_task_group_decorator' retrieved from /home/ares/anaconda3/envs/iqoptions_env/lib/python3.12/site-packages/airflow/example_dags/example_task_group_decorator.py
[2025-04-28T21:04:05.106-0500] {logging_mixin.py:190} INFO - [2025-04-28T21:04:05.106-0500] {dag.py:3239} INFO - Sync 1 DAGs
[2025-04-28T21:04:05.114-0500] {logging_mixin.py:190} INFO - [2025-04-28T21:04:05.114-0500] {dag.py:4180} INFO - Setting next_dagrun for example_task_group_decorator to None, run_after=None
[2025-04-28T21:04:05.135-0500] {processor.py:208} INFO - Processing /home/ares/anaconda3/envs/iqoptions_env/lib/python3.12/site-packages/airflow/example_dags/example_task_group_decorator.py took 0.060 seconds
[2025-04-28T21:05:00.030-0500] {processor.py:186} INFO - Started process (PID=17814) to work on /home/ares/anaconda3/envs/iqoptions_env/lib/python3.12/site-packages/airflow/example_dags/example_task_group_decorator.py
[2025-04-28T21:05:00.031-0500] {processor.py:914} INFO - Processing file /home/ares/anaconda3/envs/iqoptions_env/lib/python3.12/site-packages/airflow/example_dags/example_task_group_decorator.py for tasks to queue
[2025-04-28T21:05:00.033-0500] {logging_mixin.py:190} INFO - [2025-04-28T21:05:00.032-0500] {dagbag.py:588} INFO - Filling up the DagBag from /home/ares/anaconda3/envs/iqoptions_env/lib/python3.12/site-packages/airflow/example_dags/example_task_group_decorator.py
[2025-04-28T21:05:00.044-0500] {processor.py:925} INFO - DAG(s) 'example_task_group_decorator' retrieved from /home/ares/anaconda3/envs/iqoptions_env/lib/python3.12/site-packages/airflow/example_dags/example_task_group_decorator.py
[2025-04-28T21:05:00.060-0500] {logging_mixin.py:190} INFO - [2025-04-28T21:05:00.060-0500] {dag.py:3239} INFO - Sync 1 DAGs
[2025-04-28T21:05:00.068-0500] {logging_mixin.py:190} INFO - [2025-04-28T21:05:00.068-0500] {dag.py:4180} INFO - Setting next_dagrun for example_task_group_decorator to None, run_after=None
[2025-04-28T21:05:00.092-0500] {processor.py:208} INFO - Processing /home/ares/anaconda3/envs/iqoptions_env/lib/python3.12/site-packages/airflow/example_dags/example_task_group_decorator.py took 0.065 seconds
