[2025-04-28T21:03:00.539-0500] {processor.py:186} INFO - Started process (PID=17146) to work on /home/ares/anaconda3/envs/iqoptions_env/lib/python3.12/site-packages/airflow/example_dags/example_task_group.py
[2025-04-28T21:03:00.539-0500] {processor.py:914} INFO - Processing file /home/ares/anaconda3/envs/iqoptions_env/lib/python3.12/site-packages/airflow/example_dags/example_task_group.py for tasks to queue
[2025-04-28T21:03:00.541-0500] {logging_mixin.py:190} INFO - [2025-04-28T21:03:00.540-0500] {dagbag.py:588} INFO - Filling up the DagBag from /home/ares/anaconda3/envs/iqoptions_env/lib/python3.12/site-packages/airflow/example_dags/example_task_group.py
[2025-04-28T21:03:00.547-0500] {processor.py:925} INFO - DAG(s) 'example_task_group' retrieved from /home/ares/anaconda3/envs/iqoptions_env/lib/python3.12/site-packages/airflow/example_dags/example_task_group.py
[2025-04-28T21:03:00.638-0500] {logging_mixin.py:190} INFO - [2025-04-28T21:03:00.636-0500] {override.py:1912} INFO - Created Permission View: can edit on DAG:example_task_group
[2025-04-28T21:03:00.653-0500] {logging_mixin.py:190} INFO - [2025-04-28T21:03:00.653-0500] {override.py:1912} INFO - Created Permission View: can read on DAG:example_task_group
[2025-04-28T21:03:00.664-0500] {logging_mixin.py:190} INFO - [2025-04-28T21:03:00.664-0500] {override.py:1912} INFO - Created Permission View: can delete on DAG:example_task_group
[2025-04-28T21:03:00.685-0500] {logging_mixin.py:190} INFO - [2025-04-28T21:03:00.685-0500] {override.py:1912} INFO - Created Permission View: can create on DAG Run:example_task_group
[2025-04-28T21:03:00.696-0500] {logging_mixin.py:190} INFO - [2025-04-28T21:03:00.696-0500] {override.py:1912} INFO - Created Permission View: can read on DAG Run:example_task_group
[2025-04-28T21:03:00.710-0500] {logging_mixin.py:190} INFO - [2025-04-28T21:03:00.710-0500] {override.py:1912} INFO - Created Permission View: can delete on DAG Run:example_task_group
[2025-04-28T21:03:00.722-0500] {logging_mixin.py:190} INFO - [2025-04-28T21:03:00.721-0500] {override.py:1912} INFO - Created Permission View: menu access on DAG Run:example_task_group
[2025-04-28T21:03:00.722-0500] {logging_mixin.py:190} INFO - [2025-04-28T21:03:00.722-0500] {dag.py:3239} INFO - Sync 1 DAGs
[2025-04-28T21:03:00.730-0500] {logging_mixin.py:190} INFO - [2025-04-28T21:03:00.730-0500] {dag.py:3262} INFO - Creating ORM DAG for example_task_group
[2025-04-28T21:03:00.731-0500] {logging_mixin.py:190} INFO - [2025-04-28T21:03:00.731-0500] {dag.py:4180} INFO - Setting next_dagrun for example_task_group to None, run_after=None
[2025-04-28T21:03:00.756-0500] {processor.py:208} INFO - Processing /home/ares/anaconda3/envs/iqoptions_env/lib/python3.12/site-packages/airflow/example_dags/example_task_group.py took 0.222 seconds
[2025-04-28T21:03:59.946-0500] {processor.py:186} INFO - Started process (PID=17612) to work on /home/ares/anaconda3/envs/iqoptions_env/lib/python3.12/site-packages/airflow/example_dags/example_task_group.py
[2025-04-28T21:03:59.947-0500] {processor.py:914} INFO - Processing file /home/ares/anaconda3/envs/iqoptions_env/lib/python3.12/site-packages/airflow/example_dags/example_task_group.py for tasks to queue
[2025-04-28T21:03:59.948-0500] {logging_mixin.py:190} INFO - [2025-04-28T21:03:59.948-0500] {dagbag.py:588} INFO - Filling up the DagBag from /home/ares/anaconda3/envs/iqoptions_env/lib/python3.12/site-packages/airflow/example_dags/example_task_group.py
[2025-04-28T21:03:59.953-0500] {processor.py:925} INFO - DAG(s) 'example_task_group' retrieved from /home/ares/anaconda3/envs/iqoptions_env/lib/python3.12/site-packages/airflow/example_dags/example_task_group.py
[2025-04-28T21:03:59.965-0500] {logging_mixin.py:190} INFO - [2025-04-28T21:03:59.965-0500] {dag.py:3239} INFO - Sync 1 DAGs
[2025-04-28T21:03:59.972-0500] {logging_mixin.py:190} INFO - [2025-04-28T21:03:59.972-0500] {dag.py:4180} INFO - Setting next_dagrun for example_task_group to None, run_after=None
[2025-04-28T21:03:59.991-0500] {processor.py:208} INFO - Processing /home/ares/anaconda3/envs/iqoptions_env/lib/python3.12/site-packages/airflow/example_dags/example_task_group.py took 0.048 seconds
[2025-04-28T21:04:51.437-0500] {processor.py:186} INFO - Started process (PID=17793) to work on /home/ares/anaconda3/envs/iqoptions_env/lib/python3.12/site-packages/airflow/example_dags/example_task_group.py
[2025-04-28T21:04:51.439-0500] {processor.py:914} INFO - Processing file /home/ares/anaconda3/envs/iqoptions_env/lib/python3.12/site-packages/airflow/example_dags/example_task_group.py for tasks to queue
[2025-04-28T21:04:51.441-0500] {logging_mixin.py:190} INFO - [2025-04-28T21:04:51.440-0500] {dagbag.py:588} INFO - Filling up the DagBag from /home/ares/anaconda3/envs/iqoptions_env/lib/python3.12/site-packages/airflow/example_dags/example_task_group.py
[2025-04-28T21:04:51.446-0500] {processor.py:925} INFO - DAG(s) 'example_task_group' retrieved from /home/ares/anaconda3/envs/iqoptions_env/lib/python3.12/site-packages/airflow/example_dags/example_task_group.py
[2025-04-28T21:04:51.459-0500] {logging_mixin.py:190} INFO - [2025-04-28T21:04:51.459-0500] {dag.py:3239} INFO - Sync 1 DAGs
[2025-04-28T21:04:51.467-0500] {logging_mixin.py:190} INFO - [2025-04-28T21:04:51.467-0500] {dag.py:4180} INFO - Setting next_dagrun for example_task_group to None, run_after=None
[2025-04-28T21:04:51.487-0500] {processor.py:208} INFO - Processing /home/ares/anaconda3/envs/iqoptions_env/lib/python3.12/site-packages/airflow/example_dags/example_task_group.py took 0.053 seconds
