[2025-04-28T21:02:40.800-0500] {processor.py:186} INFO - Started process (PID=16992) to work on /home/ares/anaconda3/envs/iqoptions_env/lib/python3.12/site-packages/airflow/example_dags/example_sensor_decorator.py
[2025-04-28T21:02:40.800-0500] {processor.py:914} INFO - Processing file /home/ares/anaconda3/envs/iqoptions_env/lib/python3.12/site-packages/airflow/example_dags/example_sensor_decorator.py for tasks to queue
[2025-04-28T21:02:40.801-0500] {logging_mixin.py:190} INFO - [2025-04-28T21:02:40.801-0500] {dagbag.py:588} INFO - Filling up the DagBag from /home/ares/anaconda3/envs/iqoptions_env/lib/python3.12/site-packages/airflow/example_dags/example_sensor_decorator.py
[2025-04-28T21:02:40.808-0500] {processor.py:925} INFO - DAG(s) 'example_sensor_decorator' retrieved from /home/ares/anaconda3/envs/iqoptions_env/lib/python3.12/site-packages/airflow/example_dags/example_sensor_decorator.py
[2025-04-28T21:02:40.895-0500] {logging_mixin.py:190} INFO - [2025-04-28T21:02:40.895-0500] {override.py:1912} INFO - Created Permission View: can edit on DAG:example_sensor_decorator
[2025-04-28T21:02:40.909-0500] {logging_mixin.py:190} INFO - [2025-04-28T21:02:40.908-0500] {override.py:1912} INFO - Created Permission View: can read on DAG:example_sensor_decorator
[2025-04-28T21:02:40.920-0500] {logging_mixin.py:190} INFO - [2025-04-28T21:02:40.920-0500] {override.py:1912} INFO - Created Permission View: can delete on DAG:example_sensor_decorator
[2025-04-28T21:02:40.941-0500] {logging_mixin.py:190} INFO - [2025-04-28T21:02:40.941-0500] {override.py:1912} INFO - Created Permission View: can create on DAG Run:example_sensor_decorator
[2025-04-28T21:02:40.952-0500] {logging_mixin.py:190} INFO - [2025-04-28T21:02:40.952-0500] {override.py:1912} INFO - Created Permission View: can read on DAG Run:example_sensor_decorator
[2025-04-28T21:02:40.964-0500] {logging_mixin.py:190} INFO - [2025-04-28T21:02:40.964-0500] {override.py:1912} INFO - Created Permission View: can delete on DAG Run:example_sensor_decorator
[2025-04-28T21:02:40.975-0500] {logging_mixin.py:190} INFO - [2025-04-28T21:02:40.975-0500] {override.py:1912} INFO - Created Permission View: menu access on DAG Run:example_sensor_decorator
[2025-04-28T21:02:40.975-0500] {logging_mixin.py:190} INFO - [2025-04-28T21:02:40.975-0500] {dag.py:3239} INFO - Sync 1 DAGs
[2025-04-28T21:02:40.982-0500] {logging_mixin.py:190} INFO - [2025-04-28T21:02:40.982-0500] {dag.py:3262} INFO - Creating ORM DAG for example_sensor_decorator
[2025-04-28T21:02:40.983-0500] {logging_mixin.py:190} INFO - [2025-04-28T21:02:40.983-0500] {dag.py:4180} INFO - Setting next_dagrun for example_sensor_decorator to None, run_after=None
[2025-04-28T21:02:41.004-0500] {processor.py:208} INFO - Processing /home/ares/anaconda3/envs/iqoptions_env/lib/python3.12/site-packages/airflow/example_dags/example_sensor_decorator.py took 0.208 seconds
[2025-04-28T21:03:45.691-0500] {processor.py:186} INFO - Started process (PID=17460) to work on /home/ares/anaconda3/envs/iqoptions_env/lib/python3.12/site-packages/airflow/example_dags/example_sensor_decorator.py
[2025-04-28T21:03:45.692-0500] {processor.py:914} INFO - Processing file /home/ares/anaconda3/envs/iqoptions_env/lib/python3.12/site-packages/airflow/example_dags/example_sensor_decorator.py for tasks to queue
[2025-04-28T21:03:45.694-0500] {logging_mixin.py:190} INFO - [2025-04-28T21:03:45.693-0500] {dagbag.py:588} INFO - Filling up the DagBag from /home/ares/anaconda3/envs/iqoptions_env/lib/python3.12/site-packages/airflow/example_dags/example_sensor_decorator.py
[2025-04-28T21:03:45.701-0500] {processor.py:925} INFO - DAG(s) 'example_sensor_decorator' retrieved from /home/ares/anaconda3/envs/iqoptions_env/lib/python3.12/site-packages/airflow/example_dags/example_sensor_decorator.py
[2025-04-28T21:03:45.710-0500] {logging_mixin.py:190} INFO - [2025-04-28T21:03:45.710-0500] {dag.py:3239} INFO - Sync 1 DAGs
[2025-04-28T21:03:45.723-0500] {logging_mixin.py:190} INFO - [2025-04-28T21:03:45.723-0500] {dag.py:4180} INFO - Setting next_dagrun for example_sensor_decorator to None, run_after=None
[2025-04-28T21:03:45.746-0500] {processor.py:208} INFO - Processing /home/ares/anaconda3/envs/iqoptions_env/lib/python3.12/site-packages/airflow/example_dags/example_sensor_decorator.py took 0.059 seconds
[2025-04-28T21:04:37.387-0500] {processor.py:186} INFO - Started process (PID=17759) to work on /home/ares/anaconda3/envs/iqoptions_env/lib/python3.12/site-packages/airflow/example_dags/example_sensor_decorator.py
[2025-04-28T21:04:37.388-0500] {processor.py:914} INFO - Processing file /home/ares/anaconda3/envs/iqoptions_env/lib/python3.12/site-packages/airflow/example_dags/example_sensor_decorator.py for tasks to queue
[2025-04-28T21:04:37.392-0500] {logging_mixin.py:190} INFO - [2025-04-28T21:04:37.392-0500] {dagbag.py:588} INFO - Filling up the DagBag from /home/ares/anaconda3/envs/iqoptions_env/lib/python3.12/site-packages/airflow/example_dags/example_sensor_decorator.py
[2025-04-28T21:04:37.398-0500] {processor.py:925} INFO - DAG(s) 'example_sensor_decorator' retrieved from /home/ares/anaconda3/envs/iqoptions_env/lib/python3.12/site-packages/airflow/example_dags/example_sensor_decorator.py
[2025-04-28T21:04:37.407-0500] {logging_mixin.py:190} INFO - [2025-04-28T21:04:37.407-0500] {dag.py:3239} INFO - Sync 1 DAGs
[2025-04-28T21:04:37.416-0500] {logging_mixin.py:190} INFO - [2025-04-28T21:04:37.416-0500] {dag.py:4180} INFO - Setting next_dagrun for example_sensor_decorator to None, run_after=None
[2025-04-28T21:04:37.436-0500] {processor.py:208} INFO - Processing /home/ares/anaconda3/envs/iqoptions_env/lib/python3.12/site-packages/airflow/example_dags/example_sensor_decorator.py took 0.052 seconds
