[2025-04-28T21:03:26.315-0500] {processor.py:186} INFO - Started process (PID=17226) to work on /home/ares/anaconda3/envs/iqoptions_env/lib/python3.12/site-packages/airflow/example_dags/example_latest_only_with_trigger.py
[2025-04-28T21:03:26.315-0500] {processor.py:914} INFO - Processing file /home/ares/anaconda3/envs/iqoptions_env/lib/python3.12/site-packages/airflow/example_dags/example_latest_only_with_trigger.py for tasks to queue
[2025-04-28T21:03:26.317-0500] {logging_mixin.py:190} INFO - [2025-04-28T21:03:26.316-0500] {dagbag.py:588} INFO - Filling up the DagBag from /home/ares/anaconda3/envs/iqoptions_env/lib/python3.12/site-packages/airflow/example_dags/example_latest_only_with_trigger.py
[2025-04-28T21:03:26.321-0500] {processor.py:925} INFO - DAG(s) 'latest_only_with_trigger' retrieved from /home/ares/anaconda3/envs/iqoptions_env/lib/python3.12/site-packages/airflow/example_dags/example_latest_only_with_trigger.py
[2025-04-28T21:03:26.405-0500] {logging_mixin.py:190} INFO - [2025-04-28T21:03:26.404-0500] {override.py:1912} INFO - Created Permission View: can edit on DAG:latest_only_with_trigger
[2025-04-28T21:03:26.418-0500] {logging_mixin.py:190} INFO - [2025-04-28T21:03:26.418-0500] {override.py:1912} INFO - Created Permission View: can read on DAG:latest_only_with_trigger
[2025-04-28T21:03:26.431-0500] {logging_mixin.py:190} INFO - [2025-04-28T21:03:26.430-0500] {override.py:1912} INFO - Created Permission View: can delete on DAG:latest_only_with_trigger
[2025-04-28T21:03:26.451-0500] {logging_mixin.py:190} INFO - [2025-04-28T21:03:26.450-0500] {override.py:1912} INFO - Created Permission View: can create on DAG Run:latest_only_with_trigger
[2025-04-28T21:03:26.462-0500] {logging_mixin.py:190} INFO - [2025-04-28T21:03:26.462-0500] {override.py:1912} INFO - Created Permission View: can read on DAG Run:latest_only_with_trigger
[2025-04-28T21:03:26.474-0500] {logging_mixin.py:190} INFO - [2025-04-28T21:03:26.473-0500] {override.py:1912} INFO - Created Permission View: can delete on DAG Run:latest_only_with_trigger
[2025-04-28T21:03:26.486-0500] {logging_mixin.py:190} INFO - [2025-04-28T21:03:26.485-0500] {override.py:1912} INFO - Created Permission View: menu access on DAG Run:latest_only_with_trigger
[2025-04-28T21:03:26.486-0500] {logging_mixin.py:190} INFO - [2025-04-28T21:03:26.486-0500] {dag.py:3239} INFO - Sync 1 DAGs
[2025-04-28T21:03:26.493-0500] {logging_mixin.py:190} INFO - [2025-04-28T21:03:26.493-0500] {dag.py:3262} INFO - Creating ORM DAG for latest_only_with_trigger
[2025-04-28T21:03:26.499-0500] {logging_mixin.py:190} INFO - [2025-04-28T21:03:26.498-0500] {dag.py:4180} INFO - Setting next_dagrun for latest_only_with_trigger to 2025-04-28 20:00:00+00:00, run_after=2025-04-29 00:00:00+00:00
[2025-04-28T21:03:26.522-0500] {processor.py:208} INFO - Processing /home/ares/anaconda3/envs/iqoptions_env/lib/python3.12/site-packages/airflow/example_dags/example_latest_only_with_trigger.py took 0.211 seconds
[2025-04-28T21:04:22.981-0500] {processor.py:186} INFO - Started process (PID=17666) to work on /home/ares/anaconda3/envs/iqoptions_env/lib/python3.12/site-packages/airflow/example_dags/example_latest_only_with_trigger.py
[2025-04-28T21:04:22.981-0500] {processor.py:914} INFO - Processing file /home/ares/anaconda3/envs/iqoptions_env/lib/python3.12/site-packages/airflow/example_dags/example_latest_only_with_trigger.py for tasks to queue
[2025-04-28T21:04:22.983-0500] {logging_mixin.py:190} INFO - [2025-04-28T21:04:22.983-0500] {dagbag.py:588} INFO - Filling up the DagBag from /home/ares/anaconda3/envs/iqoptions_env/lib/python3.12/site-packages/airflow/example_dags/example_latest_only_with_trigger.py
[2025-04-28T21:04:22.987-0500] {processor.py:925} INFO - DAG(s) 'latest_only_with_trigger' retrieved from /home/ares/anaconda3/envs/iqoptions_env/lib/python3.12/site-packages/airflow/example_dags/example_latest_only_with_trigger.py
[2025-04-28T21:04:22.997-0500] {logging_mixin.py:190} INFO - [2025-04-28T21:04:22.997-0500] {dag.py:3239} INFO - Sync 1 DAGs
[2025-04-28T21:04:23.008-0500] {logging_mixin.py:190} INFO - [2025-04-28T21:04:23.008-0500] {dag.py:4180} INFO - Setting next_dagrun for latest_only_with_trigger to 2025-04-28 20:00:00+00:00, run_after=2025-04-29 00:00:00+00:00
[2025-04-28T21:04:23.030-0500] {processor.py:208} INFO - Processing /home/ares/anaconda3/envs/iqoptions_env/lib/python3.12/site-packages/airflow/example_dags/example_latest_only_with_trigger.py took 0.053 seconds
[2025-04-28T21:05:16.611-0500] {processor.py:186} INFO - Started process (PID=17857) to work on /home/ares/anaconda3/envs/iqoptions_env/lib/python3.12/site-packages/airflow/example_dags/example_latest_only_with_trigger.py
[2025-04-28T21:05:16.613-0500] {processor.py:914} INFO - Processing file /home/ares/anaconda3/envs/iqoptions_env/lib/python3.12/site-packages/airflow/example_dags/example_latest_only_with_trigger.py for tasks to queue
[2025-04-28T21:05:16.614-0500] {logging_mixin.py:190} INFO - [2025-04-28T21:05:16.614-0500] {dagbag.py:588} INFO - Filling up the DagBag from /home/ares/anaconda3/envs/iqoptions_env/lib/python3.12/site-packages/airflow/example_dags/example_latest_only_with_trigger.py
[2025-04-28T21:05:16.619-0500] {processor.py:925} INFO - DAG(s) 'latest_only_with_trigger' retrieved from /home/ares/anaconda3/envs/iqoptions_env/lib/python3.12/site-packages/airflow/example_dags/example_latest_only_with_trigger.py
[2025-04-28T21:05:16.628-0500] {logging_mixin.py:190} INFO - [2025-04-28T21:05:16.628-0500] {dag.py:3239} INFO - Sync 1 DAGs
[2025-04-28T21:05:16.639-0500] {logging_mixin.py:190} INFO - [2025-04-28T21:05:16.639-0500] {dag.py:4180} INFO - Setting next_dagrun for latest_only_with_trigger to 2025-04-28 20:00:00+00:00, run_after=2025-04-29 00:00:00+00:00
[2025-04-28T21:05:16.657-0500] {processor.py:208} INFO - Processing /home/ares/anaconda3/envs/iqoptions_env/lib/python3.12/site-packages/airflow/example_dags/example_latest_only_with_trigger.py took 0.049 seconds
