[2025-04-28T21:02:59.190-0500] {processor.py:186} INFO - Started process (PID=17145) to work on /home/ares/anaconda3/envs/iqoptions_env/lib/python3.12/site-packages/airflow/example_dags/example_python_decorator.py
[2025-04-28T21:02:59.191-0500] {processor.py:914} INFO - Processing file /home/ares/anaconda3/envs/iqoptions_env/lib/python3.12/site-packages/airflow/example_dags/example_python_decorator.py for tasks to queue
[2025-04-28T21:02:59.192-0500] {logging_mixin.py:190} INFO - [2025-04-28T21:02:59.192-0500] {dagbag.py:588} INFO - Filling up the DagBag from /home/ares/anaconda3/envs/iqoptions_env/lib/python3.12/site-packages/airflow/example_dags/example_python_decorator.py
[2025-04-28T21:02:59.212-0500] {logging_mixin.py:190} INFO - [2025-04-28T21:02:59.211-0500] {example_python_decorator.py:80} WARNING - The virtalenv_python example task requires virtualenv, please install it.
[2025-04-28T21:02:59.214-0500] {processor.py:925} INFO - DAG(s) 'example_python_decorator' retrieved from /home/ares/anaconda3/envs/iqoptions_env/lib/python3.12/site-packages/airflow/example_dags/example_python_decorator.py
[2025-04-28T21:02:59.293-0500] {logging_mixin.py:190} INFO - [2025-04-28T21:02:59.293-0500] {override.py:1912} INFO - Created Permission View: can edit on DAG:example_python_decorator
[2025-04-28T21:02:59.311-0500] {logging_mixin.py:190} INFO - [2025-04-28T21:02:59.310-0500] {override.py:1912} INFO - Created Permission View: can read on DAG:example_python_decorator
[2025-04-28T21:02:59.323-0500] {logging_mixin.py:190} INFO - [2025-04-28T21:02:59.322-0500] {override.py:1912} INFO - Created Permission View: can delete on DAG:example_python_decorator
[2025-04-28T21:02:59.345-0500] {logging_mixin.py:190} INFO - [2025-04-28T21:02:59.344-0500] {override.py:1912} INFO - Created Permission View: can create on DAG Run:example_python_decorator
[2025-04-28T21:02:59.357-0500] {logging_mixin.py:190} INFO - [2025-04-28T21:02:59.356-0500] {override.py:1912} INFO - Created Permission View: can read on DAG Run:example_python_decorator
[2025-04-28T21:02:59.369-0500] {logging_mixin.py:190} INFO - [2025-04-28T21:02:59.368-0500] {override.py:1912} INFO - Created Permission View: can delete on DAG Run:example_python_decorator
[2025-04-28T21:02:59.381-0500] {logging_mixin.py:190} INFO - [2025-04-28T21:02:59.380-0500] {override.py:1912} INFO - Created Permission View: menu access on DAG Run:example_python_decorator
[2025-04-28T21:02:59.381-0500] {logging_mixin.py:190} INFO - [2025-04-28T21:02:59.381-0500] {dag.py:3239} INFO - Sync 1 DAGs
[2025-04-28T21:02:59.390-0500] {logging_mixin.py:190} INFO - [2025-04-28T21:02:59.390-0500] {dag.py:3262} INFO - Creating ORM DAG for example_python_decorator
[2025-04-28T21:02:59.390-0500] {logging_mixin.py:190} INFO - [2025-04-28T21:02:59.390-0500] {dag.py:4180} INFO - Setting next_dagrun for example_python_decorator to None, run_after=None
[2025-04-28T21:02:59.411-0500] {processor.py:208} INFO - Processing /home/ares/anaconda3/envs/iqoptions_env/lib/python3.12/site-packages/airflow/example_dags/example_python_decorator.py took 0.223 seconds
[2025-04-28T21:03:59.372-0500] {processor.py:186} INFO - Started process (PID=17611) to work on /home/ares/anaconda3/envs/iqoptions_env/lib/python3.12/site-packages/airflow/example_dags/example_python_decorator.py
[2025-04-28T21:03:59.374-0500] {processor.py:914} INFO - Processing file /home/ares/anaconda3/envs/iqoptions_env/lib/python3.12/site-packages/airflow/example_dags/example_python_decorator.py for tasks to queue
[2025-04-28T21:03:59.375-0500] {logging_mixin.py:190} INFO - [2025-04-28T21:03:59.375-0500] {dagbag.py:588} INFO - Filling up the DagBag from /home/ares/anaconda3/envs/iqoptions_env/lib/python3.12/site-packages/airflow/example_dags/example_python_decorator.py
[2025-04-28T21:03:59.392-0500] {logging_mixin.py:190} INFO - [2025-04-28T21:03:59.392-0500] {example_python_decorator.py:80} WARNING - The virtalenv_python example task requires virtualenv, please install it.
[2025-04-28T21:03:59.394-0500] {processor.py:925} INFO - DAG(s) 'example_python_decorator' retrieved from /home/ares/anaconda3/envs/iqoptions_env/lib/python3.12/site-packages/airflow/example_dags/example_python_decorator.py
[2025-04-28T21:03:59.404-0500] {logging_mixin.py:190} INFO - [2025-04-28T21:03:59.403-0500] {dag.py:3239} INFO - Sync 1 DAGs
[2025-04-28T21:03:59.412-0500] {logging_mixin.py:190} INFO - [2025-04-28T21:03:59.412-0500] {dag.py:4180} INFO - Setting next_dagrun for example_python_decorator to None, run_after=None
[2025-04-28T21:03:59.431-0500] {processor.py:208} INFO - Processing /home/ares/anaconda3/envs/iqoptions_env/lib/python3.12/site-packages/airflow/example_dags/example_python_decorator.py took 0.062 seconds
[2025-04-28T21:04:50.298-0500] {processor.py:186} INFO - Started process (PID=17792) to work on /home/ares/anaconda3/envs/iqoptions_env/lib/python3.12/site-packages/airflow/example_dags/example_python_decorator.py
[2025-04-28T21:04:50.300-0500] {processor.py:914} INFO - Processing file /home/ares/anaconda3/envs/iqoptions_env/lib/python3.12/site-packages/airflow/example_dags/example_python_decorator.py for tasks to queue
[2025-04-28T21:04:50.302-0500] {logging_mixin.py:190} INFO - [2025-04-28T21:04:50.301-0500] {dagbag.py:588} INFO - Filling up the DagBag from /home/ares/anaconda3/envs/iqoptions_env/lib/python3.12/site-packages/airflow/example_dags/example_python_decorator.py
[2025-04-28T21:04:50.325-0500] {logging_mixin.py:190} INFO - [2025-04-28T21:04:50.324-0500] {example_python_decorator.py:80} WARNING - The virtalenv_python example task requires virtualenv, please install it.
[2025-04-28T21:04:50.326-0500] {processor.py:925} INFO - DAG(s) 'example_python_decorator' retrieved from /home/ares/anaconda3/envs/iqoptions_env/lib/python3.12/site-packages/airflow/example_dags/example_python_decorator.py
[2025-04-28T21:04:50.337-0500] {logging_mixin.py:190} INFO - [2025-04-28T21:04:50.337-0500] {dag.py:3239} INFO - Sync 1 DAGs
[2025-04-28T21:04:50.345-0500] {logging_mixin.py:190} INFO - [2025-04-28T21:04:50.345-0500] {dag.py:4180} INFO - Setting next_dagrun for example_python_decorator to None, run_after=None
[2025-04-28T21:04:50.364-0500] {processor.py:208} INFO - Processing /home/ares/anaconda3/envs/iqoptions_env/lib/python3.12/site-packages/airflow/example_dags/example_python_decorator.py took 0.070 seconds
