[2025-04-28T21:03:21.077-0500] {processor.py:186} INFO - Started process (PID=17205) to work on /home/ares/anaconda3/envs/iqoptions_env/lib/python3.12/site-packages/airflow/example_dags/example_branch_day_of_week_operator.py
[2025-04-28T21:03:21.078-0500] {processor.py:914} INFO - Processing file /home/ares/anaconda3/envs/iqoptions_env/lib/python3.12/site-packages/airflow/example_dags/example_branch_day_of_week_operator.py for tasks to queue
[2025-04-28T21:03:21.079-0500] {logging_mixin.py:190} INFO - [2025-04-28T21:03:21.079-0500] {dagbag.py:588} INFO - Filling up the DagBag from /home/ares/anaconda3/envs/iqoptions_env/lib/python3.12/site-packages/airflow/example_dags/example_branch_day_of_week_operator.py
[2025-04-28T21:03:21.085-0500] {processor.py:925} INFO - DAG(s) 'example_weekday_branch_operator' retrieved from /home/ares/anaconda3/envs/iqoptions_env/lib/python3.12/site-packages/airflow/example_dags/example_branch_day_of_week_operator.py
[2025-04-28T21:03:21.171-0500] {logging_mixin.py:190} INFO - [2025-04-28T21:03:21.171-0500] {override.py:1912} INFO - Created Permission View: can edit on DAG:example_weekday_branch_operator
[2025-04-28T21:03:21.185-0500] {logging_mixin.py:190} INFO - [2025-04-28T21:03:21.185-0500] {override.py:1912} INFO - Created Permission View: can read on DAG:example_weekday_branch_operator
[2025-04-28T21:03:21.197-0500] {logging_mixin.py:190} INFO - [2025-04-28T21:03:21.196-0500] {override.py:1912} INFO - Created Permission View: can delete on DAG:example_weekday_branch_operator
[2025-04-28T21:03:21.219-0500] {logging_mixin.py:190} INFO - [2025-04-28T21:03:21.218-0500] {override.py:1912} INFO - Created Permission View: can create on DAG Run:example_weekday_branch_operator
[2025-04-28T21:03:21.231-0500] {logging_mixin.py:190} INFO - [2025-04-28T21:03:21.231-0500] {override.py:1912} INFO - Created Permission View: can read on DAG Run:example_weekday_branch_operator
[2025-04-28T21:03:21.244-0500] {logging_mixin.py:190} INFO - [2025-04-28T21:03:21.243-0500] {override.py:1912} INFO - Created Permission View: can delete on DAG Run:example_weekday_branch_operator
[2025-04-28T21:03:21.255-0500] {logging_mixin.py:190} INFO - [2025-04-28T21:03:21.254-0500] {override.py:1912} INFO - Created Permission View: menu access on DAG Run:example_weekday_branch_operator
[2025-04-28T21:03:21.255-0500] {logging_mixin.py:190} INFO - [2025-04-28T21:03:21.255-0500] {dag.py:3239} INFO - Sync 1 DAGs
[2025-04-28T21:03:21.263-0500] {logging_mixin.py:190} INFO - [2025-04-28T21:03:21.263-0500] {dag.py:3262} INFO - Creating ORM DAG for example_weekday_branch_operator
[2025-04-28T21:03:21.269-0500] {logging_mixin.py:190} INFO - [2025-04-28T21:03:21.269-0500] {dag.py:4180} INFO - Setting next_dagrun for example_weekday_branch_operator to 2025-04-28 00:00:00+00:00, run_after=2025-04-29 00:00:00+00:00
[2025-04-28T21:03:21.290-0500] {processor.py:208} INFO - Processing /home/ares/anaconda3/envs/iqoptions_env/lib/python3.12/site-packages/airflow/example_dags/example_branch_day_of_week_operator.py took 0.216 seconds
[2025-04-28T21:04:17.742-0500] {processor.py:186} INFO - Started process (PID=17655) to work on /home/ares/anaconda3/envs/iqoptions_env/lib/python3.12/site-packages/airflow/example_dags/example_branch_day_of_week_operator.py
[2025-04-28T21:04:17.742-0500] {processor.py:914} INFO - Processing file /home/ares/anaconda3/envs/iqoptions_env/lib/python3.12/site-packages/airflow/example_dags/example_branch_day_of_week_operator.py for tasks to queue
[2025-04-28T21:04:17.744-0500] {logging_mixin.py:190} INFO - [2025-04-28T21:04:17.743-0500] {dagbag.py:588} INFO - Filling up the DagBag from /home/ares/anaconda3/envs/iqoptions_env/lib/python3.12/site-packages/airflow/example_dags/example_branch_day_of_week_operator.py
[2025-04-28T21:04:17.750-0500] {processor.py:925} INFO - DAG(s) 'example_weekday_branch_operator' retrieved from /home/ares/anaconda3/envs/iqoptions_env/lib/python3.12/site-packages/airflow/example_dags/example_branch_day_of_week_operator.py
[2025-04-28T21:04:17.760-0500] {logging_mixin.py:190} INFO - [2025-04-28T21:04:17.760-0500] {dag.py:3239} INFO - Sync 1 DAGs
[2025-04-28T21:04:17.773-0500] {logging_mixin.py:190} INFO - [2025-04-28T21:04:17.772-0500] {dag.py:4180} INFO - Setting next_dagrun for example_weekday_branch_operator to 2025-04-28 00:00:00+00:00, run_after=2025-04-29 00:00:00+00:00
[2025-04-28T21:04:17.792-0500] {processor.py:208} INFO - Processing /home/ares/anaconda3/envs/iqoptions_env/lib/python3.12/site-packages/airflow/example_dags/example_branch_day_of_week_operator.py took 0.053 seconds
[2025-04-28T21:05:11.704-0500] {processor.py:186} INFO - Started process (PID=17842) to work on /home/ares/anaconda3/envs/iqoptions_env/lib/python3.12/site-packages/airflow/example_dags/example_branch_day_of_week_operator.py
[2025-04-28T21:05:11.705-0500] {processor.py:914} INFO - Processing file /home/ares/anaconda3/envs/iqoptions_env/lib/python3.12/site-packages/airflow/example_dags/example_branch_day_of_week_operator.py for tasks to queue
[2025-04-28T21:05:11.707-0500] {logging_mixin.py:190} INFO - [2025-04-28T21:05:11.707-0500] {dagbag.py:588} INFO - Filling up the DagBag from /home/ares/anaconda3/envs/iqoptions_env/lib/python3.12/site-packages/airflow/example_dags/example_branch_day_of_week_operator.py
[2025-04-28T21:05:11.713-0500] {processor.py:925} INFO - DAG(s) 'example_weekday_branch_operator' retrieved from /home/ares/anaconda3/envs/iqoptions_env/lib/python3.12/site-packages/airflow/example_dags/example_branch_day_of_week_operator.py
[2025-04-28T21:05:11.722-0500] {logging_mixin.py:190} INFO - [2025-04-28T21:05:11.722-0500] {dag.py:3239} INFO - Sync 1 DAGs
[2025-04-28T21:05:11.734-0500] {logging_mixin.py:190} INFO - [2025-04-28T21:05:11.734-0500] {dag.py:4180} INFO - Setting next_dagrun for example_weekday_branch_operator to 2025-04-28 00:00:00+00:00, run_after=2025-04-29 00:00:00+00:00
[2025-04-28T21:05:11.751-0500] {processor.py:208} INFO - Processing /home/ares/anaconda3/envs/iqoptions_env/lib/python3.12/site-packages/airflow/example_dags/example_branch_day_of_week_operator.py took 0.051 seconds
