[2025-04-28T21:02:52.680-0500] {processor.py:186} INFO - Started process (PID=17129) to work on /home/ares/anaconda3/envs/iqoptions_env/lib/python3.12/site-packages/airflow/example_dags/example_nested_branch_dag.py
[2025-04-28T21:02:52.680-0500] {processor.py:914} INFO - Processing file /home/ares/anaconda3/envs/iqoptions_env/lib/python3.12/site-packages/airflow/example_dags/example_nested_branch_dag.py for tasks to queue
[2025-04-28T21:02:52.681-0500] {logging_mixin.py:190} INFO - [2025-04-28T21:02:52.681-0500] {dagbag.py:588} INFO - Filling up the DagBag from /home/ares/anaconda3/envs/iqoptions_env/lib/python3.12/site-packages/airflow/example_dags/example_nested_branch_dag.py
[2025-04-28T21:02:52.689-0500] {processor.py:925} INFO - DAG(s) 'example_nested_branch_dag' retrieved from /home/ares/anaconda3/envs/iqoptions_env/lib/python3.12/site-packages/airflow/example_dags/example_nested_branch_dag.py
[2025-04-28T21:02:52.777-0500] {logging_mixin.py:190} INFO - [2025-04-28T21:02:52.776-0500] {override.py:1912} INFO - Created Permission View: can edit on DAG:example_nested_branch_dag
[2025-04-28T21:02:52.790-0500] {logging_mixin.py:190} INFO - [2025-04-28T21:02:52.789-0500] {override.py:1912} INFO - Created Permission View: can read on DAG:example_nested_branch_dag
[2025-04-28T21:02:52.802-0500] {logging_mixin.py:190} INFO - [2025-04-28T21:02:52.802-0500] {override.py:1912} INFO - Created Permission View: can delete on DAG:example_nested_branch_dag
[2025-04-28T21:02:52.824-0500] {logging_mixin.py:190} INFO - [2025-04-28T21:02:52.824-0500] {override.py:1912} INFO - Created Permission View: can create on DAG Run:example_nested_branch_dag
[2025-04-28T21:02:52.836-0500] {logging_mixin.py:190} INFO - [2025-04-28T21:02:52.836-0500] {override.py:1912} INFO - Created Permission View: can read on DAG Run:example_nested_branch_dag
[2025-04-28T21:02:52.854-0500] {logging_mixin.py:190} INFO - [2025-04-28T21:02:52.853-0500] {override.py:1912} INFO - Created Permission View: can delete on DAG Run:example_nested_branch_dag
[2025-04-28T21:02:52.865-0500] {logging_mixin.py:190} INFO - [2025-04-28T21:02:52.865-0500] {override.py:1912} INFO - Created Permission View: menu access on DAG Run:example_nested_branch_dag
[2025-04-28T21:02:52.866-0500] {logging_mixin.py:190} INFO - [2025-04-28T21:02:52.865-0500] {dag.py:3239} INFO - Sync 1 DAGs
[2025-04-28T21:02:52.873-0500] {logging_mixin.py:190} INFO - [2025-04-28T21:02:52.873-0500] {dag.py:3262} INFO - Creating ORM DAG for example_nested_branch_dag
[2025-04-28T21:02:52.880-0500] {logging_mixin.py:190} INFO - [2025-04-28T21:02:52.879-0500] {dag.py:4180} INFO - Setting next_dagrun for example_nested_branch_dag to 2025-04-28 00:00:00+00:00, run_after=2025-04-29 00:00:00+00:00
[2025-04-28T21:02:52.900-0500] {processor.py:208} INFO - Processing /home/ares/anaconda3/envs/iqoptions_env/lib/python3.12/site-packages/airflow/example_dags/example_nested_branch_dag.py took 0.224 seconds
[2025-04-28T21:03:54.620-0500] {processor.py:186} INFO - Started process (PID=17599) to work on /home/ares/anaconda3/envs/iqoptions_env/lib/python3.12/site-packages/airflow/example_dags/example_nested_branch_dag.py
[2025-04-28T21:03:54.622-0500] {processor.py:914} INFO - Processing file /home/ares/anaconda3/envs/iqoptions_env/lib/python3.12/site-packages/airflow/example_dags/example_nested_branch_dag.py for tasks to queue
[2025-04-28T21:03:54.623-0500] {logging_mixin.py:190} INFO - [2025-04-28T21:03:54.623-0500] {dagbag.py:588} INFO - Filling up the DagBag from /home/ares/anaconda3/envs/iqoptions_env/lib/python3.12/site-packages/airflow/example_dags/example_nested_branch_dag.py
[2025-04-28T21:03:54.630-0500] {processor.py:925} INFO - DAG(s) 'example_nested_branch_dag' retrieved from /home/ares/anaconda3/envs/iqoptions_env/lib/python3.12/site-packages/airflow/example_dags/example_nested_branch_dag.py
[2025-04-28T21:03:54.641-0500] {logging_mixin.py:190} INFO - [2025-04-28T21:03:54.641-0500] {dag.py:3239} INFO - Sync 1 DAGs
[2025-04-28T21:03:54.655-0500] {logging_mixin.py:190} INFO - [2025-04-28T21:03:54.655-0500] {dag.py:4180} INFO - Setting next_dagrun for example_nested_branch_dag to 2025-04-28 00:00:00+00:00, run_after=2025-04-29 00:00:00+00:00
[2025-04-28T21:03:54.676-0500] {processor.py:208} INFO - Processing /home/ares/anaconda3/envs/iqoptions_env/lib/python3.12/site-packages/airflow/example_dags/example_nested_branch_dag.py took 0.060 seconds
[2025-04-28T21:04:46.035-0500] {processor.py:186} INFO - Started process (PID=17781) to work on /home/ares/anaconda3/envs/iqoptions_env/lib/python3.12/site-packages/airflow/example_dags/example_nested_branch_dag.py
[2025-04-28T21:04:46.037-0500] {processor.py:914} INFO - Processing file /home/ares/anaconda3/envs/iqoptions_env/lib/python3.12/site-packages/airflow/example_dags/example_nested_branch_dag.py for tasks to queue
[2025-04-28T21:04:46.038-0500] {logging_mixin.py:190} INFO - [2025-04-28T21:04:46.038-0500] {dagbag.py:588} INFO - Filling up the DagBag from /home/ares/anaconda3/envs/iqoptions_env/lib/python3.12/site-packages/airflow/example_dags/example_nested_branch_dag.py
[2025-04-28T21:04:46.047-0500] {processor.py:925} INFO - DAG(s) 'example_nested_branch_dag' retrieved from /home/ares/anaconda3/envs/iqoptions_env/lib/python3.12/site-packages/airflow/example_dags/example_nested_branch_dag.py
[2025-04-28T21:04:46.058-0500] {logging_mixin.py:190} INFO - [2025-04-28T21:04:46.057-0500] {dag.py:3239} INFO - Sync 1 DAGs
[2025-04-28T21:04:46.070-0500] {logging_mixin.py:190} INFO - [2025-04-28T21:04:46.070-0500] {dag.py:4180} INFO - Setting next_dagrun for example_nested_branch_dag to 2025-04-28 00:00:00+00:00, run_after=2025-04-29 00:00:00+00:00
[2025-04-28T21:04:46.089-0500] {processor.py:208} INFO - Processing /home/ares/anaconda3/envs/iqoptions_env/lib/python3.12/site-packages/airflow/example_dags/example_nested_branch_dag.py took 0.058 seconds
