[2025-04-28T21:02:51.141-0500] {processor.py:186} INFO - Started process (PID=17122) to work on /home/ares/anaconda3/envs/iqoptions_env/lib/python3.12/site-packages/airflow/example_dags/example_outlet_event_extra.py
[2025-04-28T21:02:51.142-0500] {processor.py:914} INFO - Processing file /home/ares/anaconda3/envs/iqoptions_env/lib/python3.12/site-packages/airflow/example_dags/example_outlet_event_extra.py for tasks to queue
[2025-04-28T21:02:51.143-0500] {logging_mixin.py:190} INFO - [2025-04-28T21:02:51.143-0500] {dagbag.py:588} INFO - Filling up the DagBag from /home/ares/anaconda3/envs/iqoptions_env/lib/python3.12/site-packages/airflow/example_dags/example_outlet_event_extra.py
[2025-04-28T21:02:51.154-0500] {processor.py:925} INFO - DAG(s) 'dataset_with_extra_from_classic_operator', 'dataset_with_extra_by_yield', 'dataset_with_extra_by_context' retrieved from /home/ares/anaconda3/envs/iqoptions_env/lib/python3.12/site-packages/airflow/example_dags/example_outlet_event_extra.py
[2025-04-28T21:02:51.243-0500] {logging_mixin.py:190} INFO - [2025-04-28T21:02:51.243-0500] {override.py:1912} INFO - Created Permission View: can edit on DAG:dataset_with_extra_from_classic_operator
[2025-04-28T21:02:51.256-0500] {logging_mixin.py:190} INFO - [2025-04-28T21:02:51.256-0500] {override.py:1912} INFO - Created Permission View: can read on DAG:dataset_with_extra_from_classic_operator
[2025-04-28T21:02:51.268-0500] {logging_mixin.py:190} INFO - [2025-04-28T21:02:51.268-0500] {override.py:1912} INFO - Created Permission View: can delete on DAG:dataset_with_extra_from_classic_operator
[2025-04-28T21:02:51.290-0500] {logging_mixin.py:190} INFO - [2025-04-28T21:02:51.289-0500] {override.py:1912} INFO - Created Permission View: can create on DAG Run:dataset_with_extra_from_classic_operator
[2025-04-28T21:02:51.303-0500] {logging_mixin.py:190} INFO - [2025-04-28T21:02:51.303-0500] {override.py:1912} INFO - Created Permission View: can read on DAG Run:dataset_with_extra_from_classic_operator
[2025-04-28T21:02:51.314-0500] {logging_mixin.py:190} INFO - [2025-04-28T21:02:51.314-0500] {override.py:1912} INFO - Created Permission View: can delete on DAG Run:dataset_with_extra_from_classic_operator
[2025-04-28T21:02:51.326-0500] {logging_mixin.py:190} INFO - [2025-04-28T21:02:51.325-0500] {override.py:1912} INFO - Created Permission View: menu access on DAG Run:dataset_with_extra_from_classic_operator
[2025-04-28T21:02:51.353-0500] {logging_mixin.py:190} INFO - [2025-04-28T21:02:51.352-0500] {override.py:1912} INFO - Created Permission View: can edit on DAG:dataset_with_extra_by_yield
[2025-04-28T21:02:51.364-0500] {logging_mixin.py:190} INFO - [2025-04-28T21:02:51.364-0500] {override.py:1912} INFO - Created Permission View: can read on DAG:dataset_with_extra_by_yield
[2025-04-28T21:02:51.375-0500] {logging_mixin.py:190} INFO - [2025-04-28T21:02:51.375-0500] {override.py:1912} INFO - Created Permission View: can delete on DAG:dataset_with_extra_by_yield
[2025-04-28T21:02:51.395-0500] {logging_mixin.py:190} INFO - [2025-04-28T21:02:51.395-0500] {override.py:1912} INFO - Created Permission View: can create on DAG Run:dataset_with_extra_by_yield
[2025-04-28T21:02:51.406-0500] {logging_mixin.py:190} INFO - [2025-04-28T21:02:51.406-0500] {override.py:1912} INFO - Created Permission View: can read on DAG Run:dataset_with_extra_by_yield
[2025-04-28T21:02:51.417-0500] {logging_mixin.py:190} INFO - [2025-04-28T21:02:51.417-0500] {override.py:1912} INFO - Created Permission View: can delete on DAG Run:dataset_with_extra_by_yield
[2025-04-28T21:02:51.428-0500] {logging_mixin.py:190} INFO - [2025-04-28T21:02:51.428-0500] {override.py:1912} INFO - Created Permission View: menu access on DAG Run:dataset_with_extra_by_yield
[2025-04-28T21:02:51.450-0500] {logging_mixin.py:190} INFO - [2025-04-28T21:02:51.450-0500] {override.py:1912} INFO - Created Permission View: can edit on DAG:dataset_with_extra_by_context
[2025-04-28T21:02:51.461-0500] {logging_mixin.py:190} INFO - [2025-04-28T21:02:51.461-0500] {override.py:1912} INFO - Created Permission View: can read on DAG:dataset_with_extra_by_context
[2025-04-28T21:02:51.474-0500] {logging_mixin.py:190} INFO - [2025-04-28T21:02:51.474-0500] {override.py:1912} INFO - Created Permission View: can delete on DAG:dataset_with_extra_by_context
[2025-04-28T21:02:51.494-0500] {logging_mixin.py:190} INFO - [2025-04-28T21:02:51.493-0500] {override.py:1912} INFO - Created Permission View: can create on DAG Run:dataset_with_extra_by_context
[2025-04-28T21:02:51.504-0500] {logging_mixin.py:190} INFO - [2025-04-28T21:02:51.504-0500] {override.py:1912} INFO - Created Permission View: can read on DAG Run:dataset_with_extra_by_context
[2025-04-28T21:02:51.517-0500] {logging_mixin.py:190} INFO - [2025-04-28T21:02:51.516-0500] {override.py:1912} INFO - Created Permission View: can delete on DAG Run:dataset_with_extra_by_context
[2025-04-28T21:02:51.528-0500] {logging_mixin.py:190} INFO - [2025-04-28T21:02:51.527-0500] {override.py:1912} INFO - Created Permission View: menu access on DAG Run:dataset_with_extra_by_context
[2025-04-28T21:02:51.528-0500] {logging_mixin.py:190} INFO - [2025-04-28T21:02:51.528-0500] {dag.py:3239} INFO - Sync 3 DAGs
[2025-04-28T21:02:51.535-0500] {logging_mixin.py:190} INFO - [2025-04-28T21:02:51.535-0500] {dag.py:3262} INFO - Creating ORM DAG for dataset_with_extra_by_context
[2025-04-28T21:02:51.535-0500] {logging_mixin.py:190} INFO - [2025-04-28T21:02:51.535-0500] {dag.py:3262} INFO - Creating ORM DAG for dataset_with_extra_by_yield
[2025-04-28T21:02:51.536-0500] {logging_mixin.py:190} INFO - [2025-04-28T21:02:51.536-0500] {dag.py:3262} INFO - Creating ORM DAG for dataset_with_extra_from_classic_operator
[2025-04-28T21:02:51.542-0500] {logging_mixin.py:190} INFO - [2025-04-28T21:02:51.542-0500] {dag.py:4180} INFO - Setting next_dagrun for dataset_with_extra_by_context to 2025-04-28 00:00:00+00:00, run_after=2025-04-29 00:00:00+00:00
[2025-04-28T21:02:51.543-0500] {logging_mixin.py:190} INFO - [2025-04-28T21:02:51.543-0500] {dag.py:4180} INFO - Setting next_dagrun for dataset_with_extra_by_yield to 2025-04-28 00:00:00+00:00, run_after=2025-04-29 00:00:00+00:00
[2025-04-28T21:02:51.544-0500] {logging_mixin.py:190} INFO - [2025-04-28T21:02:51.544-0500] {dag.py:4180} INFO - Setting next_dagrun for dataset_with_extra_from_classic_operator to 2025-04-28 00:00:00+00:00, run_after=2025-04-29 00:00:00+00:00
[2025-04-28T21:02:51.567-0500] {processor.py:208} INFO - Processing /home/ares/anaconda3/envs/iqoptions_env/lib/python3.12/site-packages/airflow/example_dags/example_outlet_event_extra.py took 0.429 seconds
[2025-04-28T21:03:53.481-0500] {processor.py:186} INFO - Started process (PID=17598) to work on /home/ares/anaconda3/envs/iqoptions_env/lib/python3.12/site-packages/airflow/example_dags/example_outlet_event_extra.py
[2025-04-28T21:03:53.482-0500] {processor.py:914} INFO - Processing file /home/ares/anaconda3/envs/iqoptions_env/lib/python3.12/site-packages/airflow/example_dags/example_outlet_event_extra.py for tasks to queue
[2025-04-28T21:03:53.484-0500] {logging_mixin.py:190} INFO - [2025-04-28T21:03:53.483-0500] {dagbag.py:588} INFO - Filling up the DagBag from /home/ares/anaconda3/envs/iqoptions_env/lib/python3.12/site-packages/airflow/example_dags/example_outlet_event_extra.py
[2025-04-28T21:03:53.494-0500] {processor.py:925} INFO - DAG(s) 'dataset_with_extra_by_context', 'dataset_with_extra_by_yield', 'dataset_with_extra_from_classic_operator' retrieved from /home/ares/anaconda3/envs/iqoptions_env/lib/python3.12/site-packages/airflow/example_dags/example_outlet_event_extra.py
[2025-04-28T21:03:53.506-0500] {logging_mixin.py:190} INFO - [2025-04-28T21:03:53.506-0500] {dag.py:3239} INFO - Sync 3 DAGs
[2025-04-28T21:03:53.518-0500] {logging_mixin.py:190} INFO - [2025-04-28T21:03:53.518-0500] {dag.py:4180} INFO - Setting next_dagrun for dataset_with_extra_by_context to 2025-04-28 00:00:00+00:00, run_after=2025-04-29 00:00:00+00:00
[2025-04-28T21:03:53.521-0500] {logging_mixin.py:190} INFO - [2025-04-28T21:03:53.521-0500] {dag.py:4180} INFO - Setting next_dagrun for dataset_with_extra_by_yield to 2025-04-28 00:00:00+00:00, run_after=2025-04-29 00:00:00+00:00
[2025-04-28T21:03:53.522-0500] {logging_mixin.py:190} INFO - [2025-04-28T21:03:53.522-0500] {dag.py:4180} INFO - Setting next_dagrun for dataset_with_extra_from_classic_operator to 2025-04-28 00:00:00+00:00, run_after=2025-04-29 00:00:00+00:00
[2025-04-28T21:03:53.543-0500] {processor.py:208} INFO - Processing /home/ares/anaconda3/envs/iqoptions_env/lib/python3.12/site-packages/airflow/example_dags/example_outlet_event_extra.py took 0.065 seconds
[2025-04-28T21:04:44.882-0500] {processor.py:186} INFO - Started process (PID=17780) to work on /home/ares/anaconda3/envs/iqoptions_env/lib/python3.12/site-packages/airflow/example_dags/example_outlet_event_extra.py
[2025-04-28T21:04:44.883-0500] {processor.py:914} INFO - Processing file /home/ares/anaconda3/envs/iqoptions_env/lib/python3.12/site-packages/airflow/example_dags/example_outlet_event_extra.py for tasks to queue
[2025-04-28T21:04:44.884-0500] {logging_mixin.py:190} INFO - [2025-04-28T21:04:44.884-0500] {dagbag.py:588} INFO - Filling up the DagBag from /home/ares/anaconda3/envs/iqoptions_env/lib/python3.12/site-packages/airflow/example_dags/example_outlet_event_extra.py
[2025-04-28T21:04:44.893-0500] {processor.py:925} INFO - DAG(s) 'dataset_with_extra_from_classic_operator', 'dataset_with_extra_by_yield', 'dataset_with_extra_by_context' retrieved from /home/ares/anaconda3/envs/iqoptions_env/lib/python3.12/site-packages/airflow/example_dags/example_outlet_event_extra.py
[2025-04-28T21:04:44.905-0500] {logging_mixin.py:190} INFO - [2025-04-28T21:04:44.905-0500] {dag.py:3239} INFO - Sync 3 DAGs
[2025-04-28T21:04:44.917-0500] {logging_mixin.py:190} INFO - [2025-04-28T21:04:44.917-0500] {dag.py:4180} INFO - Setting next_dagrun for dataset_with_extra_by_context to 2025-04-28 00:00:00+00:00, run_after=2025-04-29 00:00:00+00:00
[2025-04-28T21:04:44.920-0500] {logging_mixin.py:190} INFO - [2025-04-28T21:04:44.920-0500] {dag.py:4180} INFO - Setting next_dagrun for dataset_with_extra_by_yield to 2025-04-28 00:00:00+00:00, run_after=2025-04-29 00:00:00+00:00
[2025-04-28T21:04:44.921-0500] {logging_mixin.py:190} INFO - [2025-04-28T21:04:44.921-0500] {dag.py:4180} INFO - Setting next_dagrun for dataset_with_extra_from_classic_operator to 2025-04-28 00:00:00+00:00, run_after=2025-04-29 00:00:00+00:00
[2025-04-28T21:04:44.942-0500] {processor.py:208} INFO - Processing /home/ares/anaconda3/envs/iqoptions_env/lib/python3.12/site-packages/airflow/example_dags/example_outlet_event_extra.py took 0.064 seconds
