[2025-04-28T21:03:31.173-0500] {processor.py:186} INFO - Started process (PID=17237) to work on /home/ares/anaconda3/envs/iqoptions_env/lib/python3.12/site-packages/airflow/example_dags/example_dataset_alias_with_no_taskflow.py
[2025-04-28T21:03:31.173-0500] {processor.py:914} INFO - Processing file /home/ares/anaconda3/envs/iqoptions_env/lib/python3.12/site-packages/airflow/example_dags/example_dataset_alias_with_no_taskflow.py for tasks to queue
[2025-04-28T21:03:31.176-0500] {logging_mixin.py:190} INFO - [2025-04-28T21:03:31.176-0500] {dagbag.py:588} INFO - Filling up the DagBag from /home/ares/anaconda3/envs/iqoptions_env/lib/python3.12/site-packages/airflow/example_dags/example_dataset_alias_with_no_taskflow.py
[2025-04-28T21:03:31.188-0500] {processor.py:925} INFO - DAG(s) 'dataset_alias_example_alias_producer_with_no_taskflow', 'dataset_s3_bucket_producer_with_no_taskflow', 'dataset_s3_bucket_consumer_with_no_taskflow', 'dataset_alias_example_alias_consumer_with_no_taskflow' retrieved from /home/ares/anaconda3/envs/iqoptions_env/lib/python3.12/site-packages/airflow/example_dags/example_dataset_alias_with_no_taskflow.py
[2025-04-28T21:03:31.282-0500] {logging_mixin.py:190} INFO - [2025-04-28T21:03:31.281-0500] {override.py:1912} INFO - Created Permission View: can edit on DAG:dataset_alias_example_alias_producer_with_no_taskflow
[2025-04-28T21:03:31.298-0500] {logging_mixin.py:190} INFO - [2025-04-28T21:03:31.298-0500] {override.py:1912} INFO - Created Permission View: can read on DAG:dataset_alias_example_alias_producer_with_no_taskflow
[2025-04-28T21:03:31.312-0500] {logging_mixin.py:190} INFO - [2025-04-28T21:03:31.311-0500] {override.py:1912} INFO - Created Permission View: can delete on DAG:dataset_alias_example_alias_producer_with_no_taskflow
[2025-04-28T21:03:31.333-0500] {logging_mixin.py:190} INFO - [2025-04-28T21:03:31.332-0500] {override.py:1912} INFO - Created Permission View: can create on DAG Run:dataset_alias_example_alias_producer_with_no_taskflow
[2025-04-28T21:03:31.345-0500] {logging_mixin.py:190} INFO - [2025-04-28T21:03:31.344-0500] {override.py:1912} INFO - Created Permission View: can read on DAG Run:dataset_alias_example_alias_producer_with_no_taskflow
[2025-04-28T21:03:31.357-0500] {logging_mixin.py:190} INFO - [2025-04-28T21:03:31.357-0500] {override.py:1912} INFO - Created Permission View: can delete on DAG Run:dataset_alias_example_alias_producer_with_no_taskflow
[2025-04-28T21:03:31.369-0500] {logging_mixin.py:190} INFO - [2025-04-28T21:03:31.369-0500] {override.py:1912} INFO - Created Permission View: menu access on DAG Run:dataset_alias_example_alias_producer_with_no_taskflow
[2025-04-28T21:03:31.398-0500] {logging_mixin.py:190} INFO - [2025-04-28T21:03:31.397-0500] {override.py:1912} INFO - Created Permission View: can edit on DAG:dataset_s3_bucket_producer_with_no_taskflow
[2025-04-28T21:03:31.410-0500] {logging_mixin.py:190} INFO - [2025-04-28T21:03:31.410-0500] {override.py:1912} INFO - Created Permission View: can read on DAG:dataset_s3_bucket_producer_with_no_taskflow
[2025-04-28T21:03:31.423-0500] {logging_mixin.py:190} INFO - [2025-04-28T21:03:31.423-0500] {override.py:1912} INFO - Created Permission View: can delete on DAG:dataset_s3_bucket_producer_with_no_taskflow
[2025-04-28T21:03:31.445-0500] {logging_mixin.py:190} INFO - [2025-04-28T21:03:31.444-0500] {override.py:1912} INFO - Created Permission View: can create on DAG Run:dataset_s3_bucket_producer_with_no_taskflow
[2025-04-28T21:03:31.458-0500] {logging_mixin.py:190} INFO - [2025-04-28T21:03:31.457-0500] {override.py:1912} INFO - Created Permission View: can read on DAG Run:dataset_s3_bucket_producer_with_no_taskflow
[2025-04-28T21:03:31.469-0500] {logging_mixin.py:190} INFO - [2025-04-28T21:03:31.469-0500] {override.py:1912} INFO - Created Permission View: can delete on DAG Run:dataset_s3_bucket_producer_with_no_taskflow
[2025-04-28T21:03:31.482-0500] {logging_mixin.py:190} INFO - [2025-04-28T21:03:31.482-0500] {override.py:1912} INFO - Created Permission View: menu access on DAG Run:dataset_s3_bucket_producer_with_no_taskflow
[2025-04-28T21:03:31.511-0500] {logging_mixin.py:190} INFO - [2025-04-28T21:03:31.511-0500] {override.py:1912} INFO - Created Permission View: can edit on DAG:dataset_s3_bucket_consumer_with_no_taskflow
[2025-04-28T21:03:31.525-0500] {logging_mixin.py:190} INFO - [2025-04-28T21:03:31.525-0500] {override.py:1912} INFO - Created Permission View: can read on DAG:dataset_s3_bucket_consumer_with_no_taskflow
[2025-04-28T21:03:31.538-0500] {logging_mixin.py:190} INFO - [2025-04-28T21:03:31.537-0500] {override.py:1912} INFO - Created Permission View: can delete on DAG:dataset_s3_bucket_consumer_with_no_taskflow
[2025-04-28T21:03:31.563-0500] {logging_mixin.py:190} INFO - [2025-04-28T21:03:31.563-0500] {override.py:1912} INFO - Created Permission View: can create on DAG Run:dataset_s3_bucket_consumer_with_no_taskflow
[2025-04-28T21:03:31.575-0500] {logging_mixin.py:190} INFO - [2025-04-28T21:03:31.574-0500] {override.py:1912} INFO - Created Permission View: can read on DAG Run:dataset_s3_bucket_consumer_with_no_taskflow
[2025-04-28T21:03:31.590-0500] {logging_mixin.py:190} INFO - [2025-04-28T21:03:31.589-0500] {override.py:1912} INFO - Created Permission View: can delete on DAG Run:dataset_s3_bucket_consumer_with_no_taskflow
[2025-04-28T21:03:31.601-0500] {logging_mixin.py:190} INFO - [2025-04-28T21:03:31.600-0500] {override.py:1912} INFO - Created Permission View: menu access on DAG Run:dataset_s3_bucket_consumer_with_no_taskflow
[2025-04-28T21:03:31.626-0500] {logging_mixin.py:190} INFO - [2025-04-28T21:03:31.626-0500] {override.py:1912} INFO - Created Permission View: can edit on DAG:dataset_alias_example_alias_consumer_with_no_taskflow
[2025-04-28T21:03:31.637-0500] {logging_mixin.py:190} INFO - [2025-04-28T21:03:31.637-0500] {override.py:1912} INFO - Created Permission View: can read on DAG:dataset_alias_example_alias_consumer_with_no_taskflow
[2025-04-28T21:03:31.649-0500] {logging_mixin.py:190} INFO - [2025-04-28T21:03:31.649-0500] {override.py:1912} INFO - Created Permission View: can delete on DAG:dataset_alias_example_alias_consumer_with_no_taskflow
[2025-04-28T21:03:31.674-0500] {logging_mixin.py:190} INFO - [2025-04-28T21:03:31.673-0500] {override.py:1912} INFO - Created Permission View: can create on DAG Run:dataset_alias_example_alias_consumer_with_no_taskflow
[2025-04-28T21:03:31.685-0500] {logging_mixin.py:190} INFO - [2025-04-28T21:03:31.685-0500] {override.py:1912} INFO - Created Permission View: can read on DAG Run:dataset_alias_example_alias_consumer_with_no_taskflow
[2025-04-28T21:03:31.702-0500] {logging_mixin.py:190} INFO - [2025-04-28T21:03:31.701-0500] {override.py:1912} INFO - Created Permission View: can delete on DAG Run:dataset_alias_example_alias_consumer_with_no_taskflow
[2025-04-28T21:03:31.725-0500] {logging_mixin.py:190} INFO - [2025-04-28T21:03:31.724-0500] {override.py:1912} INFO - Created Permission View: menu access on DAG Run:dataset_alias_example_alias_consumer_with_no_taskflow
[2025-04-28T21:03:31.726-0500] {logging_mixin.py:190} INFO - [2025-04-28T21:03:31.726-0500] {dag.py:3239} INFO - Sync 4 DAGs
[2025-04-28T21:03:31.752-0500] {logging_mixin.py:190} INFO - [2025-04-28T21:03:31.751-0500] {dag.py:3262} INFO - Creating ORM DAG for dataset_s3_bucket_producer_with_no_taskflow
[2025-04-28T21:03:31.754-0500] {logging_mixin.py:190} INFO - [2025-04-28T21:03:31.754-0500] {dag.py:3262} INFO - Creating ORM DAG for dataset_alias_example_alias_producer_with_no_taskflow
[2025-04-28T21:03:31.756-0500] {logging_mixin.py:190} INFO - [2025-04-28T21:03:31.756-0500] {dag.py:3262} INFO - Creating ORM DAG for dataset_alias_example_alias_consumer_with_no_taskflow
[2025-04-28T21:03:31.757-0500] {logging_mixin.py:190} INFO - [2025-04-28T21:03:31.757-0500] {dag.py:3262} INFO - Creating ORM DAG for dataset_s3_bucket_consumer_with_no_taskflow
[2025-04-28T21:03:31.783-0500] {logging_mixin.py:190} INFO - [2025-04-28T21:03:31.782-0500] {dag.py:4180} INFO - Setting next_dagrun for dataset_alias_example_alias_consumer_with_no_taskflow to None, run_after=None
[2025-04-28T21:03:31.786-0500] {logging_mixin.py:190} INFO - [2025-04-28T21:03:31.785-0500] {dag.py:4180} INFO - Setting next_dagrun for dataset_alias_example_alias_producer_with_no_taskflow to None, run_after=None
[2025-04-28T21:03:31.793-0500] {logging_mixin.py:190} INFO - [2025-04-28T21:03:31.792-0500] {dag.py:4180} INFO - Setting next_dagrun for dataset_s3_bucket_consumer_with_no_taskflow to None, run_after=None
[2025-04-28T21:03:31.795-0500] {logging_mixin.py:190} INFO - [2025-04-28T21:03:31.794-0500] {dag.py:4180} INFO - Setting next_dagrun for dataset_s3_bucket_producer_with_no_taskflow to None, run_after=None
[2025-04-28T21:03:31.867-0500] {processor.py:208} INFO - Processing /home/ares/anaconda3/envs/iqoptions_env/lib/python3.12/site-packages/airflow/example_dags/example_dataset_alias_with_no_taskflow.py took 0.699 seconds
[2025-04-28T21:04:27.081-0500] {processor.py:186} INFO - Started process (PID=17676) to work on /home/ares/anaconda3/envs/iqoptions_env/lib/python3.12/site-packages/airflow/example_dags/example_dataset_alias_with_no_taskflow.py
[2025-04-28T21:04:27.083-0500] {processor.py:914} INFO - Processing file /home/ares/anaconda3/envs/iqoptions_env/lib/python3.12/site-packages/airflow/example_dags/example_dataset_alias_with_no_taskflow.py for tasks to queue
[2025-04-28T21:04:27.085-0500] {logging_mixin.py:190} INFO - [2025-04-28T21:04:27.085-0500] {dagbag.py:588} INFO - Filling up the DagBag from /home/ares/anaconda3/envs/iqoptions_env/lib/python3.12/site-packages/airflow/example_dags/example_dataset_alias_with_no_taskflow.py
[2025-04-28T21:04:27.104-0500] {processor.py:925} INFO - DAG(s) 'dataset_alias_example_alias_producer_with_no_taskflow', 'dataset_alias_example_alias_consumer_with_no_taskflow', 'dataset_s3_bucket_consumer_with_no_taskflow', 'dataset_s3_bucket_producer_with_no_taskflow' retrieved from /home/ares/anaconda3/envs/iqoptions_env/lib/python3.12/site-packages/airflow/example_dags/example_dataset_alias_with_no_taskflow.py
[2025-04-28T21:04:27.117-0500] {logging_mixin.py:190} INFO - [2025-04-28T21:04:27.117-0500] {dag.py:3239} INFO - Sync 4 DAGs
[2025-04-28T21:04:27.129-0500] {logging_mixin.py:190} INFO - [2025-04-28T21:04:27.129-0500] {dag.py:4180} INFO - Setting next_dagrun for dataset_alias_example_alias_consumer_with_no_taskflow to None, run_after=None
[2025-04-28T21:04:27.130-0500] {logging_mixin.py:190} INFO - [2025-04-28T21:04:27.130-0500] {dag.py:4180} INFO - Setting next_dagrun for dataset_alias_example_alias_producer_with_no_taskflow to None, run_after=None
[2025-04-28T21:04:27.131-0500] {logging_mixin.py:190} INFO - [2025-04-28T21:04:27.131-0500] {dag.py:4180} INFO - Setting next_dagrun for dataset_s3_bucket_consumer_with_no_taskflow to None, run_after=None
[2025-04-28T21:04:27.131-0500] {logging_mixin.py:190} INFO - [2025-04-28T21:04:27.131-0500] {dag.py:4180} INFO - Setting next_dagrun for dataset_s3_bucket_producer_with_no_taskflow to None, run_after=None
[2025-04-28T21:04:27.152-0500] {processor.py:208} INFO - Processing /home/ares/anaconda3/envs/iqoptions_env/lib/python3.12/site-packages/airflow/example_dags/example_dataset_alias_with_no_taskflow.py took 0.074 seconds
[2025-04-28T21:05:20.609-0500] {processor.py:186} INFO - Started process (PID=17871) to work on /home/ares/anaconda3/envs/iqoptions_env/lib/python3.12/site-packages/airflow/example_dags/example_dataset_alias_with_no_taskflow.py
[2025-04-28T21:05:20.610-0500] {processor.py:914} INFO - Processing file /home/ares/anaconda3/envs/iqoptions_env/lib/python3.12/site-packages/airflow/example_dags/example_dataset_alias_with_no_taskflow.py for tasks to queue
[2025-04-28T21:05:20.611-0500] {logging_mixin.py:190} INFO - [2025-04-28T21:05:20.611-0500] {dagbag.py:588} INFO - Filling up the DagBag from /home/ares/anaconda3/envs/iqoptions_env/lib/python3.12/site-packages/airflow/example_dags/example_dataset_alias_with_no_taskflow.py
[2025-04-28T21:05:20.627-0500] {processor.py:925} INFO - DAG(s) 'dataset_s3_bucket_producer_with_no_taskflow', 'dataset_alias_example_alias_consumer_with_no_taskflow', 'dataset_s3_bucket_consumer_with_no_taskflow', 'dataset_alias_example_alias_producer_with_no_taskflow' retrieved from /home/ares/anaconda3/envs/iqoptions_env/lib/python3.12/site-packages/airflow/example_dags/example_dataset_alias_with_no_taskflow.py
[2025-04-28T21:05:20.640-0500] {logging_mixin.py:190} INFO - [2025-04-28T21:05:20.639-0500] {dag.py:3239} INFO - Sync 4 DAGs
[2025-04-28T21:05:20.651-0500] {logging_mixin.py:190} INFO - [2025-04-28T21:05:20.651-0500] {dag.py:4180} INFO - Setting next_dagrun for dataset_alias_example_alias_consumer_with_no_taskflow to None, run_after=None
[2025-04-28T21:05:20.653-0500] {logging_mixin.py:190} INFO - [2025-04-28T21:05:20.653-0500] {dag.py:4180} INFO - Setting next_dagrun for dataset_alias_example_alias_producer_with_no_taskflow to None, run_after=None
[2025-04-28T21:05:20.654-0500] {logging_mixin.py:190} INFO - [2025-04-28T21:05:20.653-0500] {dag.py:4180} INFO - Setting next_dagrun for dataset_s3_bucket_consumer_with_no_taskflow to None, run_after=None
[2025-04-28T21:05:20.654-0500] {logging_mixin.py:190} INFO - [2025-04-28T21:05:20.654-0500] {dag.py:4180} INFO - Setting next_dagrun for dataset_s3_bucket_producer_with_no_taskflow to None, run_after=None
[2025-04-28T21:05:20.674-0500] {processor.py:208} INFO - Processing /home/ares/anaconda3/envs/iqoptions_env/lib/python3.12/site-packages/airflow/example_dags/example_dataset_alias_with_no_taskflow.py took 0.068 seconds
