[2025-04-28T21:03:11.204-0500] {processor.py:186} INFO - Started process (PID=17177) to work on /home/ares/anaconda3/envs/iqoptions_env/lib/python3.12/site-packages/airflow/example_dags/tutorial_objectstorage.py
[2025-04-28T21:03:11.205-0500] {processor.py:914} INFO - Processing file /home/ares/anaconda3/envs/iqoptions_env/lib/python3.12/site-packages/airflow/example_dags/tutorial_objectstorage.py for tasks to queue
[2025-04-28T21:03:11.206-0500] {logging_mixin.py:190} INFO - [2025-04-28T21:03:11.206-0500] {dagbag.py:588} INFO - Filling up the DagBag from /home/ares/anaconda3/envs/iqoptions_env/lib/python3.12/site-packages/airflow/example_dags/tutorial_objectstorage.py
[2025-04-28T21:03:11.213-0500] {processor.py:925} INFO - DAG(s) 'tutorial_objectstorage' retrieved from /home/ares/anaconda3/envs/iqoptions_env/lib/python3.12/site-packages/airflow/example_dags/tutorial_objectstorage.py
[2025-04-28T21:03:11.293-0500] {logging_mixin.py:190} INFO - [2025-04-28T21:03:11.292-0500] {override.py:1912} INFO - Created Permission View: can edit on DAG:tutorial_objectstorage
[2025-04-28T21:03:11.309-0500] {logging_mixin.py:190} INFO - [2025-04-28T21:03:11.308-0500] {override.py:1912} INFO - Created Permission View: can read on DAG:tutorial_objectstorage
[2025-04-28T21:03:11.320-0500] {logging_mixin.py:190} INFO - [2025-04-28T21:03:11.319-0500] {override.py:1912} INFO - Created Permission View: can delete on DAG:tutorial_objectstorage
[2025-04-28T21:03:11.341-0500] {logging_mixin.py:190} INFO - [2025-04-28T21:03:11.341-0500] {override.py:1912} INFO - Created Permission View: can create on DAG Run:tutorial_objectstorage
[2025-04-28T21:03:11.352-0500] {logging_mixin.py:190} INFO - [2025-04-28T21:03:11.352-0500] {override.py:1912} INFO - Created Permission View: can read on DAG Run:tutorial_objectstorage
[2025-04-28T21:03:11.367-0500] {logging_mixin.py:190} INFO - [2025-04-28T21:03:11.365-0500] {override.py:1912} INFO - Created Permission View: can delete on DAG Run:tutorial_objectstorage
[2025-04-28T21:03:11.383-0500] {logging_mixin.py:190} INFO - [2025-04-28T21:03:11.382-0500] {override.py:1912} INFO - Created Permission View: menu access on DAG Run:tutorial_objectstorage
[2025-04-28T21:03:11.383-0500] {logging_mixin.py:190} INFO - [2025-04-28T21:03:11.383-0500] {dag.py:3239} INFO - Sync 1 DAGs
[2025-04-28T21:03:11.390-0500] {logging_mixin.py:190} INFO - [2025-04-28T21:03:11.390-0500] {dag.py:3262} INFO - Creating ORM DAG for tutorial_objectstorage
[2025-04-28T21:03:11.391-0500] {logging_mixin.py:190} INFO - [2025-04-28T21:03:11.390-0500] {dag.py:4180} INFO - Setting next_dagrun for tutorial_objectstorage to None, run_after=None
[2025-04-28T21:03:11.412-0500] {processor.py:208} INFO - Processing /home/ares/anaconda3/envs/iqoptions_env/lib/python3.12/site-packages/airflow/example_dags/tutorial_objectstorage.py took 0.211 seconds
[2025-04-28T21:04:09.396-0500] {processor.py:186} INFO - Started process (PID=17641) to work on /home/ares/anaconda3/envs/iqoptions_env/lib/python3.12/site-packages/airflow/example_dags/tutorial_objectstorage.py
[2025-04-28T21:04:09.397-0500] {processor.py:914} INFO - Processing file /home/ares/anaconda3/envs/iqoptions_env/lib/python3.12/site-packages/airflow/example_dags/tutorial_objectstorage.py for tasks to queue
[2025-04-28T21:04:09.398-0500] {logging_mixin.py:190} INFO - [2025-04-28T21:04:09.398-0500] {dagbag.py:588} INFO - Filling up the DagBag from /home/ares/anaconda3/envs/iqoptions_env/lib/python3.12/site-packages/airflow/example_dags/tutorial_objectstorage.py
[2025-04-28T21:04:09.404-0500] {processor.py:925} INFO - DAG(s) 'tutorial_objectstorage' retrieved from /home/ares/anaconda3/envs/iqoptions_env/lib/python3.12/site-packages/airflow/example_dags/tutorial_objectstorage.py
[2025-04-28T21:04:09.414-0500] {logging_mixin.py:190} INFO - [2025-04-28T21:04:09.413-0500] {dag.py:3239} INFO - Sync 1 DAGs
[2025-04-28T21:04:09.421-0500] {logging_mixin.py:190} INFO - [2025-04-28T21:04:09.421-0500] {dag.py:4180} INFO - Setting next_dagrun for tutorial_objectstorage to None, run_after=None
[2025-04-28T21:04:09.440-0500] {processor.py:208} INFO - Processing /home/ares/anaconda3/envs/iqoptions_env/lib/python3.12/site-packages/airflow/example_dags/tutorial_objectstorage.py took 0.047 seconds
[2025-04-28T21:05:05.017-0500] {processor.py:186} INFO - Started process (PID=17828) to work on /home/ares/anaconda3/envs/iqoptions_env/lib/python3.12/site-packages/airflow/example_dags/tutorial_objectstorage.py
[2025-04-28T21:05:05.019-0500] {processor.py:914} INFO - Processing file /home/ares/anaconda3/envs/iqoptions_env/lib/python3.12/site-packages/airflow/example_dags/tutorial_objectstorage.py for tasks to queue
[2025-04-28T21:05:05.020-0500] {logging_mixin.py:190} INFO - [2025-04-28T21:05:05.020-0500] {dagbag.py:588} INFO - Filling up the DagBag from /home/ares/anaconda3/envs/iqoptions_env/lib/python3.12/site-packages/airflow/example_dags/tutorial_objectstorage.py
[2025-04-28T21:05:05.026-0500] {processor.py:925} INFO - DAG(s) 'tutorial_objectstorage' retrieved from /home/ares/anaconda3/envs/iqoptions_env/lib/python3.12/site-packages/airflow/example_dags/tutorial_objectstorage.py
[2025-04-28T21:05:05.036-0500] {logging_mixin.py:190} INFO - [2025-04-28T21:05:05.036-0500] {dag.py:3239} INFO - Sync 1 DAGs
[2025-04-28T21:05:05.043-0500] {logging_mixin.py:190} INFO - [2025-04-28T21:05:05.043-0500] {dag.py:4180} INFO - Setting next_dagrun for tutorial_objectstorage to None, run_after=None
[2025-04-28T21:05:05.063-0500] {processor.py:208} INFO - Processing /home/ares/anaconda3/envs/iqoptions_env/lib/python3.12/site-packages/airflow/example_dags/tutorial_objectstorage.py took 0.052 seconds
