[2025-04-28T21:03:10.525-0500] {processor.py:186} INFO - Started process (PID=17176) to work on /home/ares/anaconda3/envs/iqoptions_env/lib/python3.12/site-packages/airflow/example_dags/tutorial_taskflow_templates.py
[2025-04-28T21:03:10.526-0500] {processor.py:914} INFO - Processing file /home/ares/anaconda3/envs/iqoptions_env/lib/python3.12/site-packages/airflow/example_dags/tutorial_taskflow_templates.py for tasks to queue
[2025-04-28T21:03:10.527-0500] {logging_mixin.py:190} INFO - [2025-04-28T21:03:10.527-0500] {dagbag.py:588} INFO - Filling up the DagBag from /home/ares/anaconda3/envs/iqoptions_env/lib/python3.12/site-packages/airflow/example_dags/tutorial_taskflow_templates.py
[2025-04-28T21:03:10.535-0500] {processor.py:925} INFO - DAG(s) 'tutorial_taskflow_templates' retrieved from /home/ares/anaconda3/envs/iqoptions_env/lib/python3.12/site-packages/airflow/example_dags/tutorial_taskflow_templates.py
[2025-04-28T21:03:10.618-0500] {logging_mixin.py:190} INFO - [2025-04-28T21:03:10.618-0500] {override.py:1912} INFO - Created Permission View: can edit on DAG:tutorial_taskflow_templates
[2025-04-28T21:03:10.633-0500] {logging_mixin.py:190} INFO - [2025-04-28T21:03:10.632-0500] {override.py:1912} INFO - Created Permission View: can read on DAG:tutorial_taskflow_templates
[2025-04-28T21:03:10.644-0500] {logging_mixin.py:190} INFO - [2025-04-28T21:03:10.644-0500] {override.py:1912} INFO - Created Permission View: can delete on DAG:tutorial_taskflow_templates
[2025-04-28T21:03:10.667-0500] {logging_mixin.py:190} INFO - [2025-04-28T21:03:10.667-0500] {override.py:1912} INFO - Created Permission View: can create on DAG Run:tutorial_taskflow_templates
[2025-04-28T21:03:10.679-0500] {logging_mixin.py:190} INFO - [2025-04-28T21:03:10.679-0500] {override.py:1912} INFO - Created Permission View: can read on DAG Run:tutorial_taskflow_templates
[2025-04-28T21:03:10.690-0500] {logging_mixin.py:190} INFO - [2025-04-28T21:03:10.690-0500] {override.py:1912} INFO - Created Permission View: can delete on DAG Run:tutorial_taskflow_templates
[2025-04-28T21:03:10.703-0500] {logging_mixin.py:190} INFO - [2025-04-28T21:03:10.702-0500] {override.py:1912} INFO - Created Permission View: menu access on DAG Run:tutorial_taskflow_templates
[2025-04-28T21:03:10.703-0500] {logging_mixin.py:190} INFO - [2025-04-28T21:03:10.703-0500] {dag.py:3239} INFO - Sync 1 DAGs
[2025-04-28T21:03:10.710-0500] {logging_mixin.py:190} INFO - [2025-04-28T21:03:10.710-0500] {dag.py:3262} INFO - Creating ORM DAG for tutorial_taskflow_templates
[2025-04-28T21:03:10.716-0500] {logging_mixin.py:190} INFO - [2025-04-28T21:03:10.716-0500] {dag.py:4180} INFO - Setting next_dagrun for tutorial_taskflow_templates to 2025-04-28 00:00:00+00:00, run_after=2025-04-29 00:00:00+00:00
[2025-04-28T21:03:10.737-0500] {processor.py:208} INFO - Processing /home/ares/anaconda3/envs/iqoptions_env/lib/python3.12/site-packages/airflow/example_dags/tutorial_taskflow_templates.py took 0.216 seconds
[2025-04-28T21:04:08.870-0500] {processor.py:186} INFO - Started process (PID=17634) to work on /home/ares/anaconda3/envs/iqoptions_env/lib/python3.12/site-packages/airflow/example_dags/tutorial_taskflow_templates.py
[2025-04-28T21:04:08.872-0500] {processor.py:914} INFO - Processing file /home/ares/anaconda3/envs/iqoptions_env/lib/python3.12/site-packages/airflow/example_dags/tutorial_taskflow_templates.py for tasks to queue
[2025-04-28T21:04:08.874-0500] {logging_mixin.py:190} INFO - [2025-04-28T21:04:08.873-0500] {dagbag.py:588} INFO - Filling up the DagBag from /home/ares/anaconda3/envs/iqoptions_env/lib/python3.12/site-packages/airflow/example_dags/tutorial_taskflow_templates.py
[2025-04-28T21:04:08.881-0500] {processor.py:925} INFO - DAG(s) 'tutorial_taskflow_templates' retrieved from /home/ares/anaconda3/envs/iqoptions_env/lib/python3.12/site-packages/airflow/example_dags/tutorial_taskflow_templates.py
[2025-04-28T21:04:08.891-0500] {logging_mixin.py:190} INFO - [2025-04-28T21:04:08.891-0500] {dag.py:3239} INFO - Sync 1 DAGs
[2025-04-28T21:04:08.905-0500] {logging_mixin.py:190} INFO - [2025-04-28T21:04:08.904-0500] {dag.py:4180} INFO - Setting next_dagrun for tutorial_taskflow_templates to 2025-04-28 00:00:00+00:00, run_after=2025-04-29 00:00:00+00:00
[2025-04-28T21:04:08.923-0500] {processor.py:208} INFO - Processing /home/ares/anaconda3/envs/iqoptions_env/lib/python3.12/site-packages/airflow/example_dags/tutorial_taskflow_templates.py took 0.056 seconds
[2025-04-28T21:05:03.866-0500] {processor.py:186} INFO - Started process (PID=17827) to work on /home/ares/anaconda3/envs/iqoptions_env/lib/python3.12/site-packages/airflow/example_dags/tutorial_taskflow_templates.py
[2025-04-28T21:05:03.868-0500] {processor.py:914} INFO - Processing file /home/ares/anaconda3/envs/iqoptions_env/lib/python3.12/site-packages/airflow/example_dags/tutorial_taskflow_templates.py for tasks to queue
[2025-04-28T21:05:03.869-0500] {logging_mixin.py:190} INFO - [2025-04-28T21:05:03.869-0500] {dagbag.py:588} INFO - Filling up the DagBag from /home/ares/anaconda3/envs/iqoptions_env/lib/python3.12/site-packages/airflow/example_dags/tutorial_taskflow_templates.py
[2025-04-28T21:05:03.877-0500] {processor.py:925} INFO - DAG(s) 'tutorial_taskflow_templates' retrieved from /home/ares/anaconda3/envs/iqoptions_env/lib/python3.12/site-packages/airflow/example_dags/tutorial_taskflow_templates.py
[2025-04-28T21:05:03.891-0500] {logging_mixin.py:190} INFO - [2025-04-28T21:05:03.890-0500] {dag.py:3239} INFO - Sync 1 DAGs
[2025-04-28T21:05:03.904-0500] {logging_mixin.py:190} INFO - [2025-04-28T21:05:03.903-0500] {dag.py:4180} INFO - Setting next_dagrun for tutorial_taskflow_templates to 2025-04-28 00:00:00+00:00, run_after=2025-04-29 00:00:00+00:00
[2025-04-28T21:05:03.927-0500] {processor.py:208} INFO - Processing /home/ares/anaconda3/envs/iqoptions_env/lib/python3.12/site-packages/airflow/example_dags/tutorial_taskflow_templates.py took 0.064 seconds
