[2025-04-28T21:03:09.176-0500] {processor.py:186} INFO - Started process (PID=17175) to work on /home/ares/anaconda3/envs/iqoptions_env/lib/python3.12/site-packages/airflow/example_dags/tutorial_dag.py
[2025-04-28T21:03:09.177-0500] {processor.py:914} INFO - Processing file /home/ares/anaconda3/envs/iqoptions_env/lib/python3.12/site-packages/airflow/example_dags/tutorial_dag.py for tasks to queue
[2025-04-28T21:03:09.178-0500] {logging_mixin.py:190} INFO - [2025-04-28T21:03:09.178-0500] {dagbag.py:588} INFO - Filling up the DagBag from /home/ares/anaconda3/envs/iqoptions_env/lib/python3.12/site-packages/airflow/example_dags/tutorial_dag.py
[2025-04-28T21:03:09.185-0500] {processor.py:925} INFO - DAG(s) 'tutorial_dag' retrieved from /home/ares/anaconda3/envs/iqoptions_env/lib/python3.12/site-packages/airflow/example_dags/tutorial_dag.py
[2025-04-28T21:03:09.296-0500] {logging_mixin.py:190} INFO - [2025-04-28T21:03:09.296-0500] {override.py:1912} INFO - Created Permission View: can edit on DAG:tutorial_dag
[2025-04-28T21:03:09.312-0500] {logging_mixin.py:190} INFO - [2025-04-28T21:03:09.311-0500] {override.py:1912} INFO - Created Permission View: can read on DAG:tutorial_dag
[2025-04-28T21:03:09.324-0500] {logging_mixin.py:190} INFO - [2025-04-28T21:03:09.324-0500] {override.py:1912} INFO - Created Permission View: can delete on DAG:tutorial_dag
[2025-04-28T21:03:09.347-0500] {logging_mixin.py:190} INFO - [2025-04-28T21:03:09.346-0500] {override.py:1912} INFO - Created Permission View: can create on DAG Run:tutorial_dag
[2025-04-28T21:03:09.358-0500] {logging_mixin.py:190} INFO - [2025-04-28T21:03:09.357-0500] {override.py:1912} INFO - Created Permission View: can read on DAG Run:tutorial_dag
[2025-04-28T21:03:09.369-0500] {logging_mixin.py:190} INFO - [2025-04-28T21:03:09.369-0500] {override.py:1912} INFO - Created Permission View: can delete on DAG Run:tutorial_dag
[2025-04-28T21:03:09.384-0500] {logging_mixin.py:190} INFO - [2025-04-28T21:03:09.384-0500] {override.py:1912} INFO - Created Permission View: menu access on DAG Run:tutorial_dag
[2025-04-28T21:03:09.384-0500] {logging_mixin.py:190} INFO - [2025-04-28T21:03:09.384-0500] {dag.py:3239} INFO - Sync 1 DAGs
[2025-04-28T21:03:09.392-0500] {logging_mixin.py:190} INFO - [2025-04-28T21:03:09.392-0500] {dag.py:3262} INFO - Creating ORM DAG for tutorial_dag
[2025-04-28T21:03:09.392-0500] {logging_mixin.py:190} INFO - [2025-04-28T21:03:09.392-0500] {dag.py:4180} INFO - Setting next_dagrun for tutorial_dag to None, run_after=None
[2025-04-28T21:03:09.417-0500] {processor.py:208} INFO - Processing /home/ares/anaconda3/envs/iqoptions_env/lib/python3.12/site-packages/airflow/example_dags/tutorial_dag.py took 0.247 seconds
[2025-04-28T21:04:07.714-0500] {processor.py:186} INFO - Started process (PID=17633) to work on /home/ares/anaconda3/envs/iqoptions_env/lib/python3.12/site-packages/airflow/example_dags/tutorial_dag.py
[2025-04-28T21:04:07.715-0500] {processor.py:914} INFO - Processing file /home/ares/anaconda3/envs/iqoptions_env/lib/python3.12/site-packages/airflow/example_dags/tutorial_dag.py for tasks to queue
[2025-04-28T21:04:07.717-0500] {logging_mixin.py:190} INFO - [2025-04-28T21:04:07.716-0500] {dagbag.py:588} INFO - Filling up the DagBag from /home/ares/anaconda3/envs/iqoptions_env/lib/python3.12/site-packages/airflow/example_dags/tutorial_dag.py
[2025-04-28T21:04:07.722-0500] {processor.py:925} INFO - DAG(s) 'tutorial_dag' retrieved from /home/ares/anaconda3/envs/iqoptions_env/lib/python3.12/site-packages/airflow/example_dags/tutorial_dag.py
[2025-04-28T21:04:07.731-0500] {logging_mixin.py:190} INFO - [2025-04-28T21:04:07.731-0500] {dag.py:3239} INFO - Sync 1 DAGs
[2025-04-28T21:04:07.742-0500] {logging_mixin.py:190} INFO - [2025-04-28T21:04:07.742-0500] {dag.py:4180} INFO - Setting next_dagrun for tutorial_dag to None, run_after=None
[2025-04-28T21:04:07.761-0500] {processor.py:208} INFO - Processing /home/ares/anaconda3/envs/iqoptions_env/lib/python3.12/site-packages/airflow/example_dags/tutorial_dag.py took 0.051 seconds
[2025-04-28T21:05:02.719-0500] {processor.py:186} INFO - Started process (PID=17820) to work on /home/ares/anaconda3/envs/iqoptions_env/lib/python3.12/site-packages/airflow/example_dags/tutorial_dag.py
[2025-04-28T21:05:02.722-0500] {processor.py:914} INFO - Processing file /home/ares/anaconda3/envs/iqoptions_env/lib/python3.12/site-packages/airflow/example_dags/tutorial_dag.py for tasks to queue
[2025-04-28T21:05:02.723-0500] {logging_mixin.py:190} INFO - [2025-04-28T21:05:02.723-0500] {dagbag.py:588} INFO - Filling up the DagBag from /home/ares/anaconda3/envs/iqoptions_env/lib/python3.12/site-packages/airflow/example_dags/tutorial_dag.py
[2025-04-28T21:05:02.728-0500] {processor.py:925} INFO - DAG(s) 'tutorial_dag' retrieved from /home/ares/anaconda3/envs/iqoptions_env/lib/python3.12/site-packages/airflow/example_dags/tutorial_dag.py
[2025-04-28T21:05:02.737-0500] {logging_mixin.py:190} INFO - [2025-04-28T21:05:02.737-0500] {dag.py:3239} INFO - Sync 1 DAGs
[2025-04-28T21:05:02.745-0500] {logging_mixin.py:190} INFO - [2025-04-28T21:05:02.745-0500] {dag.py:4180} INFO - Setting next_dagrun for tutorial_dag to None, run_after=None
[2025-04-28T21:05:02.765-0500] {processor.py:208} INFO - Processing /home/ares/anaconda3/envs/iqoptions_env/lib/python3.12/site-packages/airflow/example_dags/tutorial_dag.py took 0.048 seconds
